  [1m[36m (8.8ms)[0m  [1mCREATE TABLE "schema_migrations" ("version" varchar NOT NULL) [0m
  [1m[35m (0.1ms)[0m  select sqlite_version(*)
  [1m[36m (4.3ms)[0m  [1mCREATE UNIQUE INDEX "unique_schema_migrations" ON "schema_migrations" ("version")[0m
  [1m[35mActiveRecord::SchemaMigration Load (0.1ms)[0m  SELECT "schema_migrations".* FROM "schema_migrations"
Migrating to CreateProducts (20150401204254)
  [1m[36m (0.1ms)[0m  [1mbegin transaction[0m
  [1m[35m (0.4ms)[0m  CREATE TABLE "products" ("id" INTEGER PRIMARY KEY AUTOINCREMENT NOT NULL, "created_at" datetime NOT NULL, "updated_at" datetime NOT NULL) 
  [1m[36mSQL (0.2ms)[0m  [1mINSERT INTO "schema_migrations" ("version") VALUES (?)[0m  [["version", "20150401204254"]]
  [1m[35m (6.5ms)[0m  commit transaction
  [1m[36mActiveRecord::SchemaMigration Load (0.1ms)[0m  [1mSELECT "schema_migrations".* FROM "schema_migrations"[0m
  [1m[36mActiveRecord::SchemaMigration Load (0.1ms)[0m  [1mSELECT "schema_migrations".* FROM "schema_migrations"[0m
  [1m[36m (9.1ms)[0m  [1mCREATE TABLE "products" ("id" INTEGER PRIMARY KEY AUTOINCREMENT NOT NULL, "created_at" datetime NOT NULL, "updated_at" datetime NOT NULL) [0m
  [1m[35m (3.7ms)[0m  CREATE TABLE "schema_migrations" ("version" varchar NOT NULL) 
  [1m[36m (0.1ms)[0m  [1mselect sqlite_version(*)[0m
  [1m[35m (3.9ms)[0m  CREATE UNIQUE INDEX "unique_schema_migrations" ON "schema_migrations" ("version")
  [1m[36m (0.1ms)[0m  [1mSELECT version FROM "schema_migrations"[0m
  [1m[35m (5.1ms)[0m  INSERT INTO "schema_migrations" (version) VALUES ('20150401204254')
  [1m[36m (8.0ms)[0m  [1mCREATE TABLE "schema_migrations" ("version" varchar NOT NULL) [0m
  [1m[35m (0.1ms)[0m  select sqlite_version(*)
  [1m[36m (4.0ms)[0m  [1mCREATE UNIQUE INDEX "unique_schema_migrations" ON "schema_migrations" ("version")[0m
  [1m[35mActiveRecord::SchemaMigration Load (0.1ms)[0m  SELECT "schema_migrations".* FROM "schema_migrations"
Migrating to CreateCourses (20150401204517)
  [1m[36m (0.1ms)[0m  [1mbegin transaction[0m
  [1m[35m (0.4ms)[0m  CREATE TABLE "courses" ("id" INTEGER PRIMARY KEY AUTOINCREMENT NOT NULL, "created_at" datetime NOT NULL, "updated_at" datetime NOT NULL) 
  [1m[36mSQL (0.2ms)[0m  [1mINSERT INTO "schema_migrations" ("version") VALUES (?)[0m  [["version", "20150401204517"]]
  [1m[35m (5.9ms)[0m  commit transaction
  [1m[36mActiveRecord::SchemaMigration Load (0.1ms)[0m  [1mSELECT "schema_migrations".* FROM "schema_migrations"[0m
  [1m[36mActiveRecord::SchemaMigration Load (0.1ms)[0m  [1mSELECT "schema_migrations".* FROM "schema_migrations"[0m
  [1m[36m (63.0ms)[0m  [1mCREATE TABLE "courses" ("id" INTEGER PRIMARY KEY AUTOINCREMENT NOT NULL, "created_at" datetime NOT NULL, "updated_at" datetime NOT NULL) [0m
  [1m[35m (4.6ms)[0m  CREATE TABLE "schema_migrations" ("version" varchar NOT NULL) 
  [1m[36m (0.1ms)[0m  [1mselect sqlite_version(*)[0m
  [1m[35m (5.3ms)[0m  CREATE UNIQUE INDEX "unique_schema_migrations" ON "schema_migrations" ("version")
  [1m[36m (0.1ms)[0m  [1mSELECT version FROM "schema_migrations"[0m
  [1m[35m (5.1ms)[0m  INSERT INTO "schema_migrations" (version) VALUES ('20150401204517')
  [1m[36mActiveRecord::SchemaMigration Load (0.1ms)[0m  [1mSELECT "schema_migrations".* FROM "schema_migrations"[0m
  [1m[35mActiveRecord::SchemaMigration Load (0.1ms)[0m  SELECT "schema_migrations".* FROM "schema_migrations"
  [1m[36mActiveRecord::SchemaMigration Load (0.1ms)[0m  [1mSELECT "schema_migrations".* FROM "schema_migrations"[0m
  [1m[35mSQL (7.6ms)[0m  DELETE FROM "courses"
  [1m[36mActiveRecord::SchemaMigration Load (0.1ms)[0m  [1mSELECT "schema_migrations".* FROM "schema_migrations"[0m
  [1m[35mActiveRecord::SchemaMigration Load (0.1ms)[0m  SELECT "schema_migrations".* FROM "schema_migrations"
  [1m[36mActiveRecord::SchemaMigration Load (0.1ms)[0m  [1mSELECT "schema_migrations".* FROM "schema_migrations"[0m
  [1m[35mSQL (6.6ms)[0m  DELETE FROM "courses"
  [1m[36mActiveRecord::SchemaMigration Load (0.1ms)[0m  [1mSELECT "schema_migrations".* FROM "schema_migrations"[0m
  [1m[35mActiveRecord::SchemaMigration Load (0.1ms)[0m  SELECT "schema_migrations".* FROM "schema_migrations"
  [1m[36mActiveRecord::SchemaMigration Load (0.1ms)[0m  [1mSELECT "schema_migrations".* FROM "schema_migrations"[0m
  [1m[35mSQL (36.3ms)[0m  DELETE FROM "courses"


Started GET "/" for 127.0.0.1 at 2015-04-01 19:25:59 -0400
  [1m[36mActiveRecord::SchemaMigration Load (0.0ms)[0m  [1mSELECT "schema_migrations".* FROM "schema_migrations"[0m

ActionController::RoutingError (uninitialized constant ApplicationController):
  app/controllers/courses_controller.rb:1:in `<top (required)>'


  Rendered /home/csvm/.rvm/gems/ruby-2.2.0/gems/web-console-2.0.0/lib/action_dispatch/templates/rescues/_trace.html.erb (2.8ms)
  Rendered /home/csvm/.rvm/gems/ruby-2.2.0/gems/web-console-2.0.0/lib/action_dispatch/templates/routes/_route.html.erb (1.2ms)
  Rendered /home/csvm/.rvm/gems/ruby-2.2.0/gems/web-console-2.0.0/lib/action_dispatch/templates/routes/_table.html.erb (6.6ms)
  Rendered /home/csvm/.rvm/gems/ruby-2.2.0/gems/web-console-2.0.0/lib/action_dispatch/templates/rescues/_request_and_response.html.erb (19.5ms)
  Rendered /home/csvm/.rvm/gems/ruby-2.2.0/gems/web-console-2.0.0/lib/action_dispatch/templates/rescues/_web_console.html.erb (4.2ms)
  Rendered /home/csvm/.rvm/gems/ruby-2.2.0/gems/web-console-2.0.0/lib/action_dispatch/templates/rescues/routing_error.html.erb within rescues/layout (116.6ms)


Started GET "/" for 127.0.0.1 at 2015-04-01 19:36:16 -0400
Processing by CoursesController#index as HTML
  Rendered courses/index.html.haml (11.7ms)
Completed 500 Internal Server Error in 23ms

ActionView::Template::Error (Inconsistent indentation: 1 tab used for indentation, but the rest of the document was indented using 2 spaces.):
    20:     -@courses.each do |p|
    21:       %tr
    22:         %td= p.crn
    23: 	%td= link_to "#{p.course_name}", course_path(p)
    24: 	%td= p.title
    25: 	%td= p.instructor
    26: 	%td= p.days
  app/views/courses/index.html.haml:23


  Rendered /home/csvm/.rvm/gems/ruby-2.2.0/gems/web-console-2.0.0/lib/action_dispatch/templates/rescues/_source.erb (11.7ms)
  Rendered /home/csvm/.rvm/gems/ruby-2.2.0/gems/web-console-2.0.0/lib/action_dispatch/templates/rescues/_trace.html.erb (3.7ms)
  Rendered /home/csvm/.rvm/gems/ruby-2.2.0/gems/web-console-2.0.0/lib/action_dispatch/templates/rescues/_request_and_response.html.erb (1.8ms)
  Rendered /home/csvm/.rvm/gems/ruby-2.2.0/gems/web-console-2.0.0/lib/action_dispatch/templates/rescues/_web_console.html.erb (3.9ms)
  Rendered /home/csvm/.rvm/gems/ruby-2.2.0/gems/web-console-2.0.0/lib/action_dispatch/templates/rescues/template_error.html.erb within rescues/layout (46.9ms)


Started GET "/" for 127.0.0.1 at 2015-04-01 19:38:02 -0400
Processing by CoursesController#index as HTML
  Rendered courses/index.html.haml (9.3ms)
Completed 500 Internal Server Error in 19ms

SyntaxError (/home/csvm/Project/course_scheduler/app/views/courses/index.html.haml:36: syntax error, unexpected keyword_ensure, expecting keyword_end
...:Util.html_safe(_erbout);ensure;@haml_buffer = @haml_buffer....
...                               ^
/home/csvm/Project/course_scheduler/app/views/courses/index.html.haml:39: syntax error, unexpected end-of-input, expecting keyword_end):
  app/views/courses/index.html.haml:36: syntax error, unexpected keyword_ensure, expecting keyword_end
  app/views/courses/index.html.haml:39: syntax error, unexpected end-of-input, expecting keyword_end


  Rendered /home/csvm/.rvm/gems/ruby-2.2.0/gems/web-console-2.0.0/lib/action_dispatch/templates/rescues/_source.erb (8.2ms)
  Rendered /home/csvm/.rvm/gems/ruby-2.2.0/gems/web-console-2.0.0/lib/action_dispatch/templates/rescues/_trace.html.erb (4.7ms)
  Rendered /home/csvm/.rvm/gems/ruby-2.2.0/gems/web-console-2.0.0/lib/action_dispatch/templates/rescues/_request_and_response.html.erb (1.0ms)
  Rendered /home/csvm/.rvm/gems/ruby-2.2.0/gems/web-console-2.0.0/lib/action_dispatch/templates/rescues/_web_console.html.erb (1.3ms)
  Rendered /home/csvm/.rvm/gems/ruby-2.2.0/gems/web-console-2.0.0/lib/action_dispatch/templates/rescues/diagnostics.html.erb within rescues/layout (37.8ms)


Started GET "/" for 127.0.0.1 at 2015-04-01 19:40:31 -0400
Processing by CoursesController#index as HTML
  Rendered courses/index.html.haml (11.2ms)
Completed 500 Internal Server Error in 14ms

ActionView::Template::Error (uninitialized constant ActionView::CompiledTemplates::Days):
     7:       %th= link_to "Course Name", courses_path(sort: 'course_name')
     8:       %th= link_to "Title", courses_path(sort: 'title')
     9:       %th= link_to "Instructor", courses_path(sort: 'instructor')
    10:       %th= Days
    11:       %th= link_to "Starts", courses_path(sort: 'starts')
    12:       %th= Ends
    13:       %th= Building/Room
  app/views/courses/index.html.haml:10:in `_app_views_courses_index_html_haml__462229408_87126040'


  Rendered /home/csvm/.rvm/gems/ruby-2.2.0/gems/web-console-2.0.0/lib/action_dispatch/templates/rescues/_source.erb (10.3ms)
  Rendered /home/csvm/.rvm/gems/ruby-2.2.0/gems/web-console-2.0.0/lib/action_dispatch/templates/rescues/_trace.html.erb (3.0ms)
  Rendered /home/csvm/.rvm/gems/ruby-2.2.0/gems/web-console-2.0.0/lib/action_dispatch/templates/rescues/_request_and_response.html.erb (1.0ms)
  Rendered /home/csvm/.rvm/gems/ruby-2.2.0/gems/web-console-2.0.0/lib/action_dispatch/templates/rescues/_web_console.html.erb (0.9ms)
  Rendered /home/csvm/.rvm/gems/ruby-2.2.0/gems/web-console-2.0.0/lib/action_dispatch/templates/rescues/template_error.html.erb within rescues/layout (42.4ms)


Started GET "/" for 127.0.0.1 at 2015-04-01 19:43:29 -0400
Processing by CoursesController#index as HTML
  [1m[35mCourse Load (0.9ms)[0m  SELECT "courses".* FROM "courses"  ORDER BY name
SQLite3::SQLException: no such column: name: SELECT "courses".* FROM "courses"  ORDER BY name
  Rendered courses/index.html.haml (9.2ms)
Completed 500 Internal Server Error in 15ms

ActionView::Template::Error (SQLite3::SQLException: no such column: name: SELECT "courses".* FROM "courses"  ORDER BY name):
    17:       %th Restrictions
    18:       %th Pre-Reqs
    19:       %th Notes
    20:     -@courses.each do |p|
    21:       %tr
    22:         %td= p.crn
    23:         %td= link_to "#{p.course_name}", course_path(p)
  app/views/courses/index.html.haml:20:in `_app_views_courses_index_html_haml__462229408_86907440'


  Rendered /home/csvm/.rvm/gems/ruby-2.2.0/gems/web-console-2.0.0/lib/action_dispatch/templates/rescues/_source.erb (9.6ms)
  Rendered /home/csvm/.rvm/gems/ruby-2.2.0/gems/web-console-2.0.0/lib/action_dispatch/templates/rescues/_trace.html.erb (9.8ms)
  Rendered /home/csvm/.rvm/gems/ruby-2.2.0/gems/web-console-2.0.0/lib/action_dispatch/templates/rescues/_request_and_response.html.erb (1.5ms)
  Rendered /home/csvm/.rvm/gems/ruby-2.2.0/gems/web-console-2.0.0/lib/action_dispatch/templates/rescues/_web_console.html.erb (1.3ms)
  Rendered /home/csvm/.rvm/gems/ruby-2.2.0/gems/web-console-2.0.0/lib/action_dispatch/templates/rescues/template_error.html.erb within rescues/layout (48.2ms)
  [1m[36mActiveRecord::SchemaMigration Load (0.1ms)[0m  [1mSELECT "schema_migrations".* FROM "schema_migrations"[0m
  [1m[35mActiveRecord::SchemaMigration Load (0.1ms)[0m  SELECT "schema_migrations".* FROM "schema_migrations"
  [1m[36m (5.0ms)[0m  [1mCREATE TABLE "courses" ("id" INTEGER PRIMARY KEY AUTOINCREMENT NOT NULL, "created_at" datetime NOT NULL, "updated_at" datetime NOT NULL) [0m
  [1m[35m (3.2ms)[0m  CREATE TABLE "schema_migrations" ("version" varchar NOT NULL) 
  [1m[36m (0.1ms)[0m  [1mselect sqlite_version(*)[0m
  [1m[35m (3.2ms)[0m  CREATE UNIQUE INDEX "unique_schema_migrations" ON "schema_migrations" ("version")
  [1m[36m (0.1ms)[0m  [1mSELECT version FROM "schema_migrations"[0m
  [1m[35m (2.6ms)[0m  INSERT INTO "schema_migrations" (version) VALUES ('20150401204517')


Started GET "/" for 127.0.0.1 at 2015-04-01 19:52:17 -0400
Processing by CoursesController#index as HTML
  [1m[36mCourse Load (0.8ms)[0m  [1mSELECT "courses".* FROM "courses"  ORDER BY name[0m
SQLite3::SQLException: no such column: name: SELECT "courses".* FROM "courses"  ORDER BY name
  Rendered courses/index.html.haml (8.6ms)
Completed 500 Internal Server Error in 21ms

ActionView::Template::Error (SQLite3::SQLException: no such column: name: SELECT "courses".* FROM "courses"  ORDER BY name):
    17:       %th Restrictions
    18:       %th Pre-Reqs
    19:       %th Notes
    20:     -@courses.each do |c|
    21:       %tr
    22:         %td= c.crn
    23:         %td= link_to "#{c.course_name}", course_path(c)
  app/views/courses/index.html.haml:20:in `_app_views_courses_index_html_haml__462229408__625099148'


  Rendered /home/csvm/.rvm/gems/ruby-2.2.0/gems/web-console-2.0.0/lib/action_dispatch/templates/rescues/_source.erb (11.8ms)
  Rendered /home/csvm/.rvm/gems/ruby-2.2.0/gems/web-console-2.0.0/lib/action_dispatch/templates/rescues/_trace.html.erb (5.9ms)
  Rendered /home/csvm/.rvm/gems/ruby-2.2.0/gems/web-console-2.0.0/lib/action_dispatch/templates/rescues/_request_and_response.html.erb (1.1ms)
  Rendered /home/csvm/.rvm/gems/ruby-2.2.0/gems/web-console-2.0.0/lib/action_dispatch/templates/rescues/_web_console.html.erb (3.1ms)
  Rendered /home/csvm/.rvm/gems/ruby-2.2.0/gems/web-console-2.0.0/lib/action_dispatch/templates/rescues/template_error.html.erb within rescues/layout (49.4ms)


Started GET "/" for 127.0.0.1 at 2015-04-02 19:30:00 -0400
  [1m[36mActiveRecord::SchemaMigration Load (0.3ms)[0m  [1mSELECT "schema_migrations".* FROM "schema_migrations"[0m
Processing by CoursesController#index as HTML
  [1m[35mCourse Load (9.3ms)[0m  SELECT "courses".* FROM "courses"  ORDER BY name
SQLite3::SQLException: no such column: name: SELECT "courses".* FROM "courses"  ORDER BY name
  Rendered courses/index.html.haml (47.9ms)
Completed 500 Internal Server Error in 83ms

ActionView::Template::Error (SQLite3::SQLException: no such column: name: SELECT "courses".* FROM "courses"  ORDER BY name):
    17:       %th Restrictions
    18:       %th Pre-Reqs
    19:       %th Notes
    20:     -@courses.each do |c|
    21:       %tr
    22:         %td= c.crn
    23:         %td= link_to "#{c.course_name}", course_path(c)
  app/views/courses/index.html.haml:20:in `_app_views_courses_index_html_haml__300573957__622841698'


  Rendered /home/csvm/.rvm/gems/ruby-2.2.0/gems/web-console-2.0.0/lib/action_dispatch/templates/rescues/_source.erb (97.8ms)
  Rendered /home/csvm/.rvm/gems/ruby-2.2.0/gems/web-console-2.0.0/lib/action_dispatch/templates/rescues/_trace.html.erb (2.9ms)
  Rendered /home/csvm/.rvm/gems/ruby-2.2.0/gems/web-console-2.0.0/lib/action_dispatch/templates/rescues/_request_and_response.html.erb (33.5ms)
  Rendered /home/csvm/.rvm/gems/ruby-2.2.0/gems/web-console-2.0.0/lib/action_dispatch/templates/rescues/_web_console.html.erb (1.0ms)
  Rendered /home/csvm/.rvm/gems/ruby-2.2.0/gems/web-console-2.0.0/lib/action_dispatch/templates/rescues/template_error.html.erb within rescues/layout (243.5ms)


Started GET "/" for 127.0.0.1 at 2015-04-02 19:36:52 -0400
Processing by CoursesController#index as HTML
  [1m[36mCourse Load (0.9ms)[0m  [1mSELECT "courses".* FROM "courses"  ORDER BY course_name[0m
SQLite3::SQLException: no such column: course_name: SELECT "courses".* FROM "courses"  ORDER BY course_name
  Rendered courses/index.html.haml (7.2ms)
Completed 500 Internal Server Error in 15ms

ActionView::Template::Error (SQLite3::SQLException: no such column: course_name: SELECT "courses".* FROM "courses"  ORDER BY course_name):
    17:       %th Restrictions
    18:       %th Pre-Reqs
    19:       %th Notes
    20:     -@courses.each do |c|
    21:       %tr
    22:         %td= c.crn
    23:         %td= link_to "#{c.course_name}", course_path(c)
  app/views/courses/index.html.haml:20:in `_app_views_courses_index_html_haml__300573957__622841698'


  Rendered /home/csvm/.rvm/gems/ruby-2.2.0/gems/web-console-2.0.0/lib/action_dispatch/templates/rescues/_source.erb (11.4ms)
  Rendered /home/csvm/.rvm/gems/ruby-2.2.0/gems/web-console-2.0.0/lib/action_dispatch/templates/rescues/_trace.html.erb (3.3ms)
  Rendered /home/csvm/.rvm/gems/ruby-2.2.0/gems/web-console-2.0.0/lib/action_dispatch/templates/rescues/_request_and_response.html.erb (1.0ms)
  Rendered /home/csvm/.rvm/gems/ruby-2.2.0/gems/web-console-2.0.0/lib/action_dispatch/templates/rescues/_web_console.html.erb (0.5ms)
  Rendered /home/csvm/.rvm/gems/ruby-2.2.0/gems/web-console-2.0.0/lib/action_dispatch/templates/rescues/template_error.html.erb within rescues/layout (41.7ms)
  [1m[36m (8.8ms)[0m  [1mCREATE TABLE "schema_migrations" ("version" varchar NOT NULL) [0m
  [1m[35m (0.1ms)[0m  select sqlite_version(*)
  [1m[36m (2.9ms)[0m  [1mCREATE UNIQUE INDEX "unique_schema_migrations" ON "schema_migrations" ("version")[0m
  [1m[35mActiveRecord::SchemaMigration Load (0.1ms)[0m  SELECT "schema_migrations".* FROM "schema_migrations"
Migrating to CreateCourses (20150401204517)
  [1m[36m (0.1ms)[0m  [1mbegin transaction[0m
  [1m[35m (0.3ms)[0m  CREATE TABLE "courses" ("id" INTEGER PRIMARY KEY AUTOINCREMENT NOT NULL, "crn" integer, "course_name" varchar, "title" text, "instructor" varchar, "days" varchar, "starts" integer, "ends" integer, "building_room" varchar, "credits" decimal(2,2), "coreq" varchar, "crosslist" varchar, "restrictions" text, "prereq" varchar, "notes" text, "created_at" datetime NOT NULL, "updated_at" datetime NOT NULL) 
  [1m[36mSQL (0.2ms)[0m  [1mINSERT INTO "schema_migrations" ("version") VALUES (?)[0m  [["version", "20150401204517"]]
  [1m[35m (3.7ms)[0m  commit transaction
  [1m[36mActiveRecord::SchemaMigration Load (0.1ms)[0m  [1mSELECT "schema_migrations".* FROM "schema_migrations"[0m
  [1m[36mActiveRecord::SchemaMigration Load (0.1ms)[0m  [1mSELECT "schema_migrations".* FROM "schema_migrations"[0m
  [1m[35mSQL (7.4ms)[0m  DELETE FROM "courses"
  [1m[36m (0.1ms)[0m  [1mbegin transaction[0m
  [1m[35mSQL (2.1ms)[0m  INSERT INTO "courses" ("crn", "course_name", "title", "instructor", "days", "starts", "ends", "building_room", "credits", "coreq", "crosslist", "restrictions", "prereq", "notes", "created_at", "updated_at") VALUES (?, ?, ?, ?, ?, ?, ?, ?, ?, ?, ?, ?, ?, ?, ?, ?)  [["crn", 10111], ["course_name", "COSC_480"], ["title", "Cloud Computing"], ["instructor", "Sommers"], ["days", "MWF"], ["starts", 120], ["ends", 235], ["building_room", "Lawrence 105"], ["credits", 1.0], ["coreq", "COSC_480_Lab"], ["crosslist", "none"], ["restrictions", "none"], ["prereq", "COSC_301"], ["notes", "kinda difficult"], ["created_at", "2015-04-02 23:40:27.458130"], ["updated_at", "2015-04-02 23:40:27.458130"]]
  [1m[36m (4.5ms)[0m  [1mcommit transaction[0m
  [1m[36m (5.4ms)[0m  [1mCREATE TABLE "courses" ("id" INTEGER PRIMARY KEY AUTOINCREMENT NOT NULL, "crn" integer, "course_name" varchar, "title" text, "instructor" varchar, "days" varchar, "starts" integer, "ends" integer, "building_room" varchar, "credits" decimal(2,2), "coreq" varchar, "crosslist" varchar, "restrictions" text, "prereq" varchar, "notes" text, "created_at" datetime NOT NULL, "updated_at" datetime NOT NULL) [0m
  [1m[35m (3.9ms)[0m  CREATE TABLE "schema_migrations" ("version" varchar NOT NULL) 
  [1m[36m (0.1ms)[0m  [1mselect sqlite_version(*)[0m
  [1m[35m (4.1ms)[0m  CREATE UNIQUE INDEX "unique_schema_migrations" ON "schema_migrations" ("version")
  [1m[36m (0.1ms)[0m  [1mSELECT version FROM "schema_migrations"[0m
  [1m[35m (2.7ms)[0m  INSERT INTO "schema_migrations" (version) VALUES ('20150401204517')


Started GET "/" for 127.0.0.1 at 2015-04-02 19:41:09 -0400
  [1m[35mActiveRecord::SchemaMigration Load (0.2ms)[0m  SELECT "schema_migrations".* FROM "schema_migrations"
Processing by CoursesController#index as HTML
  [1m[36mCourse Load (0.2ms)[0m  [1mSELECT "courses".* FROM "courses"  ORDER BY crn[0m
  Rendered courses/index.html.haml (25.2ms)
Completed 200 OK in 32ms (Views: 29.6ms | ActiveRecord: 0.7ms)


Started GET "/" for 127.0.0.1 at 2015-04-02 19:59:41 -0400
  [1m[36mActiveRecord::SchemaMigration Load (0.2ms)[0m  [1mSELECT "schema_migrations".* FROM "schema_migrations"[0m
Processing by CoursesController#index as HTML
  [1m[35mCourse Load (0.3ms)[0m  SELECT "courses".* FROM "courses"  ORDER BY crn
  Rendered courses/index.html.haml (23.0ms)
Completed 200 OK in 45ms (Views: 39.9ms | ActiveRecord: 0.7ms)


Started GET "/courses" for 127.0.0.1 at 2015-04-02 20:01:35 -0400
Processing by CoursesController#index as HTML
  [1m[36mCourse Load (0.5ms)[0m  [1mSELECT "courses".* FROM "courses"  ORDER BY crn[0m
  Rendered courses/index.html.haml (13.2ms)
Completed 200 OK in 23ms (Views: 18.3ms | ActiveRecord: 2.5ms)


Started GET "/students" for 127.0.0.1 at 2015-04-02 20:01:39 -0400
Processing by StudentsController#index as HTML
Completed 500 Internal Server Error in 13ms

ActiveRecord::StatementInvalid (Could not find table 'students'):
  app/models/student.rb:4:in `sorted_by'
  app/controllers/students_controller.rb:4:in `index'


  Rendered /home/csvm/.rvm/gems/ruby-2.2.0/gems/web-console-2.0.0/lib/action_dispatch/templates/rescues/_source.erb (5.6ms)
  Rendered /home/csvm/.rvm/gems/ruby-2.2.0/gems/web-console-2.0.0/lib/action_dispatch/templates/rescues/_trace.html.erb (2.6ms)
  Rendered /home/csvm/.rvm/gems/ruby-2.2.0/gems/web-console-2.0.0/lib/action_dispatch/templates/rescues/_request_and_response.html.erb (13.1ms)
  Rendered /home/csvm/.rvm/gems/ruby-2.2.0/gems/web-console-2.0.0/lib/action_dispatch/templates/rescues/_web_console.html.erb (1.1ms)
  Rendered /home/csvm/.rvm/gems/ruby-2.2.0/gems/web-console-2.0.0/lib/action_dispatch/templates/rescues/diagnostics.html.erb within rescues/layout (52.7ms)
  [1m[36mActiveRecord::SchemaMigration Load (0.1ms)[0m  [1mSELECT "schema_migrations".* FROM "schema_migrations"[0m
Migrating to CreateStudents (20150403000659)
  [1m[35m (0.1ms)[0m  begin transaction
  [1m[36m (0.3ms)[0m  [1mCREATE TABLE "students" ("id" INTEGER PRIMARY KEY AUTOINCREMENT NOT NULL, "first" varchar, "last" varchar, "sid" varchar, "courses_taken" integer, "courses_progress" integer) [0m
  [1m[35mSQL (0.2ms)[0m  INSERT INTO "schema_migrations" ("version") VALUES (?)  [["version", "20150403000659"]]
  [1m[36m (4.0ms)[0m  [1mcommit transaction[0m
  [1m[35mActiveRecord::SchemaMigration Load (0.1ms)[0m  SELECT "schema_migrations".* FROM "schema_migrations"
  [1m[36m (4.3ms)[0m  [1mCREATE TABLE "courses" ("id" INTEGER PRIMARY KEY AUTOINCREMENT NOT NULL, "crn" integer, "course_name" varchar, "title" text, "instructor" varchar, "days" varchar, "starts" integer, "ends" integer, "building_room" varchar, "credits" decimal(2,2), "coreq" varchar, "crosslist" varchar, "restrictions" text, "prereq" varchar, "notes" text, "created_at" datetime NOT NULL, "updated_at" datetime NOT NULL) [0m
  [1m[35m (3.0ms)[0m  CREATE TABLE "students" ("id" INTEGER PRIMARY KEY AUTOINCREMENT NOT NULL, "first" varchar, "last" varchar, "sid" varchar, "courses_taken" integer, "courses_progress" integer) 
  [1m[36m (3.0ms)[0m  [1mCREATE TABLE "schema_migrations" ("version" varchar NOT NULL) [0m
  [1m[35m (0.8ms)[0m  select sqlite_version(*)
  [1m[36m (3.1ms)[0m  [1mCREATE UNIQUE INDEX "unique_schema_migrations" ON "schema_migrations" ("version")[0m
  [1m[35m (0.1ms)[0m  SELECT version FROM "schema_migrations"
  [1m[36m (2.9ms)[0m  [1mINSERT INTO "schema_migrations" (version) VALUES ('20150403000659')[0m
  [1m[35m (2.7ms)[0m  INSERT INTO "schema_migrations" (version) VALUES ('20150401204517')


Started GET "/students" for 127.0.0.1 at 2015-04-02 20:07:27 -0400
  [1m[35mActiveRecord::SchemaMigration Load (0.1ms)[0m  SELECT "schema_migrations".* FROM "schema_migrations"
Processing by StudentsController#index as HTML
  [1m[36mStudent Load (0.3ms)[0m  [1mSELECT "students".* FROM "students"  ORDER BY last[0m
  Rendered students/index.html.haml (7.2ms)
Completed 200 OK in 18ms (Views: 15.6ms | ActiveRecord: 0.4ms)
  [1m[36m (5.0ms)[0m  [1mCREATE TABLE "schema_migrations" ("version" varchar NOT NULL) [0m
  [1m[35m (0.1ms)[0m  select sqlite_version(*)
  [1m[36m (3.2ms)[0m  [1mCREATE UNIQUE INDEX "unique_schema_migrations" ON "schema_migrations" ("version")[0m
  [1m[35mActiveRecord::SchemaMigration Load (0.1ms)[0m  SELECT "schema_migrations".* FROM "schema_migrations"
Migrating to CreateCourses (20150401204517)
  [1m[36m (0.1ms)[0m  [1mbegin transaction[0m
  [1m[35m (0.4ms)[0m  CREATE TABLE "courses" ("id" INTEGER PRIMARY KEY AUTOINCREMENT NOT NULL, "crn" integer, "course_name" varchar, "title" text, "instructor" varchar, "days" varchar, "starts" integer, "ends" integer, "building_room" varchar, "credits" decimal(2,2), "coreq" varchar, "crosslist" varchar, "restrictions" text, "prereq" varchar, "notes" text, "created_at" datetime NOT NULL, "updated_at" datetime NOT NULL) 
  [1m[36mSQL (0.2ms)[0m  [1mINSERT INTO "schema_migrations" ("version") VALUES (?)[0m  [["version", "20150401204517"]]
  [1m[35m (4.0ms)[0m  commit transaction
Migrating to CreateRequiremets (20150402172713)
  [1m[36m (0.1ms)[0m  [1mbegin transaction[0m
  [1m[35m (0.3ms)[0m  CREATE TABLE "requiremets" ("id" INTEGER PRIMARY KEY AUTOINCREMENT NOT NULL, "name" varchar, "course" integer, "created_at" datetime NOT NULL, "updated_at" datetime NOT NULL) 
  [1m[36mSQL (0.1ms)[0m  [1mINSERT INTO "schema_migrations" ("version") VALUES (?)[0m  [["version", "20150402172713"]]
  [1m[35m (2.9ms)[0m  commit transaction
Migrating to CreateStudents (20150403000659)
  [1m[36m (0.1ms)[0m  [1mbegin transaction[0m
  [1m[35m (0.3ms)[0m  CREATE TABLE "students" ("id" INTEGER PRIMARY KEY AUTOINCREMENT NOT NULL, "first" varchar, "last" varchar, "sid" varchar, "courses_taken" integer, "courses_progress" integer) 
  [1m[36mSQL (0.1ms)[0m  [1mINSERT INTO "schema_migrations" ("version") VALUES (?)[0m  [["version", "20150403000659"]]
  [1m[35m (5.1ms)[0m  commit transaction
  [1m[36mActiveRecord::SchemaMigration Load (0.1ms)[0m  [1mSELECT "schema_migrations".* FROM "schema_migrations"[0m
  [1m[36m (4.0ms)[0m  [1mCREATE TABLE "courses" ("id" INTEGER PRIMARY KEY AUTOINCREMENT NOT NULL, "crn" integer, "course_name" varchar, "title" text, "instructor" varchar, "days" varchar, "starts" integer, "ends" integer, "building_room" varchar, "credits" decimal(2,2), "coreq" varchar, "crosslist" varchar, "restrictions" text, "prereq" varchar, "notes" text, "created_at" datetime NOT NULL, "updated_at" datetime NOT NULL) [0m
  [1m[35m (3.2ms)[0m  CREATE TABLE "requiremets" ("id" INTEGER PRIMARY KEY AUTOINCREMENT NOT NULL, "name" varchar, "course" integer, "created_at" datetime NOT NULL, "updated_at" datetime NOT NULL) 
  [1m[36m (3.5ms)[0m  [1mCREATE TABLE "students" ("id" INTEGER PRIMARY KEY AUTOINCREMENT NOT NULL, "first" varchar, "last" varchar, "sid" varchar, "courses_taken" integer, "courses_progress" integer) [0m
  [1m[35m (6.3ms)[0m  CREATE TABLE "schema_migrations" ("version" varchar NOT NULL) 
  [1m[36m (0.1ms)[0m  [1mselect sqlite_version(*)[0m
  [1m[35m (4.6ms)[0m  CREATE UNIQUE INDEX "unique_schema_migrations" ON "schema_migrations" ("version")
  [1m[36m (0.1ms)[0m  [1mSELECT version FROM "schema_migrations"[0m
  [1m[35m (2.7ms)[0m  INSERT INTO "schema_migrations" (version) VALUES ('20150403000659')
  [1m[36m (3.0ms)[0m  [1mINSERT INTO "schema_migrations" (version) VALUES ('20150401204517')[0m
  [1m[35m (3.3ms)[0m  INSERT INTO "schema_migrations" (version) VALUES ('20150402172713')
  [1m[36mActiveRecord::SchemaMigration Load (0.1ms)[0m  [1mSELECT "schema_migrations".* FROM "schema_migrations"[0m
  [1m[35mSQL (7.1ms)[0m  DELETE FROM "requiremets"
  [1m[36m (0.1ms)[0m  [1mbegin transaction[0m
  [1m[35mSQL (0.2ms)[0m  INSERT INTO "requiremets" ("name", "course", "created_at", "updated_at") VALUES (?, ?, ?, ?)  [["name", "Computer Science"], ["course", 10091], ["created_at", "2015-04-03 00:19:14.963102"], ["updated_at", "2015-04-03 00:19:14.963102"]]
  [1m[36m (4.7ms)[0m  [1mcommit transaction[0m
  [1m[35m (0.1ms)[0m  begin transaction
  [1m[36mSQL (0.1ms)[0m  [1mINSERT INTO "requiremets" ("name", "course", "created_at", "updated_at") VALUES (?, ?, ?, ?)[0m  [["name", "Sociology"], ["course", 10387], ["created_at", "2015-04-03 00:19:14.971911"], ["updated_at", "2015-04-03 00:19:14.971911"]]
  [1m[35m (3.6ms)[0m  commit transaction
  [1m[36m (0.1ms)[0m  [1mbegin transaction[0m
  [1m[35mSQL (0.2ms)[0m  INSERT INTO "requiremets" ("name", "course", "created_at", "updated_at") VALUES (?, ?, ?, ?)  [["name", "Geology"], ["course", 10120], ["created_at", "2015-04-03 00:19:14.977146"], ["updated_at", "2015-04-03 00:19:14.977146"]]
  [1m[36m (3.8ms)[0m  [1mcommit transaction[0m
  [1m[35m (0.1ms)[0m  begin transaction
  [1m[36mSQL (0.1ms)[0m  [1mINSERT INTO "requiremets" ("name", "course", "created_at", "updated_at") VALUES (?, ?, ?, ?)[0m  [["name", "Women's Studies"], ["course", 10550], ["created_at", "2015-04-03 00:19:14.982432"], ["updated_at", "2015-04-03 00:19:14.982432"]]
  [1m[35m (3.8ms)[0m  commit transaction
  [1m[36m (0.1ms)[0m  [1mbegin transaction[0m
  [1m[35mSQL (0.2ms)[0m  INSERT INTO "requiremets" ("name", "course", "created_at", "updated_at") VALUES (?, ?, ?, ?)  [["name", "Biology"], ["course", 10001], ["created_at", "2015-04-03 00:19:14.987597"], ["updated_at", "2015-04-03 00:19:14.987597"]]
  [1m[36m (2.5ms)[0m  [1mcommit transaction[0m
  [1m[35m (0.1ms)[0m  begin transaction
  [1m[36mSQL (0.0ms)[0m  [1mINSERT INTO "requiremets" ("name", "course", "created_at", "updated_at") VALUES (?, ?, ?, ?)[0m  [["name", "Hisory"], ["course", 10287], ["created_at", "2015-04-03 00:19:14.991506"], ["updated_at", "2015-04-03 00:19:14.991506"]]
  [1m[35m (3.1ms)[0m  commit transaction
  [1m[36mSQL (2.8ms)[0m  [1mDELETE FROM "courses"[0m
  [1m[35m (0.1ms)[0m  begin transaction
  [1m[36mSQL (1.2ms)[0m  [1mINSERT INTO "courses" ("crn", "course_name", "title", "instructor", "days", "starts", "ends", "building_room", "credits", "coreq", "crosslist", "restrictions", "prereq", "notes", "created_at", "updated_at") VALUES (?, ?, ?, ?, ?, ?, ?, ?, ?, ?, ?, ?, ?, ?, ?, ?)[0m  [["crn", 10111], ["course_name", "COSC_480"], ["title", "Cloud Computing"], ["instructor", "Sommers"], ["days", "MWF"], ["starts", 120], ["ends", 235], ["building_room", "Lawrence 105"], ["credits", 1.0], ["coreq", "COSC_480_Lab"], ["crosslist", "none"], ["restrictions", "none"], ["prereq", "COSC_301"], ["notes", "kinda difficult"], ["created_at", "2015-04-03 00:19:15.011662"], ["updated_at", "2015-04-03 00:19:15.011662"]]
  [1m[35m (2.6ms)[0m  commit transaction


Started GET "/requirements" for 127.0.0.1 at 2015-04-02 20:20:32 -0400

ActionController::RoutingError (uninitialized constant RequirementsController):
  activesupport (4.2.0) lib/active_support/inflector/methods.rb:261:in `const_get'
  activesupport (4.2.0) lib/active_support/inflector/methods.rb:261:in `block in constantize'
  activesupport (4.2.0) lib/active_support/inflector/methods.rb:259:in `each'
  activesupport (4.2.0) lib/active_support/inflector/methods.rb:259:in `inject'
  activesupport (4.2.0) lib/active_support/inflector/methods.rb:259:in `constantize'
  actionpack (4.2.0) lib/action_dispatch/routing/route_set.rb:69:in `controller_reference'
  actionpack (4.2.0) lib/action_dispatch/routing/route_set.rb:59:in `controller'
  actionpack (4.2.0) lib/action_dispatch/routing/route_set.rb:38:in `serve'
  actionpack (4.2.0) lib/action_dispatch/journey/router.rb:43:in `block in serve'
  actionpack (4.2.0) lib/action_dispatch/journey/router.rb:30:in `each'
  actionpack (4.2.0) lib/action_dispatch/journey/router.rb:30:in `serve'
  actionpack (4.2.0) lib/action_dispatch/routing/route_set.rb:802:in `call'
  rack (1.6.0) lib/rack/etag.rb:24:in `call'
  rack (1.6.0) lib/rack/conditionalget.rb:25:in `call'
  rack (1.6.0) lib/rack/head.rb:13:in `call'
  actionpack (4.2.0) lib/action_dispatch/middleware/params_parser.rb:27:in `call'
  actionpack (4.2.0) lib/action_dispatch/middleware/flash.rb:260:in `call'
  rack (1.6.0) lib/rack/session/abstract/id.rb:225:in `context'
  rack (1.6.0) lib/rack/session/abstract/id.rb:220:in `call'
  actionpack (4.2.0) lib/action_dispatch/middleware/cookies.rb:560:in `call'
  activerecord (4.2.0) lib/active_record/query_cache.rb:36:in `call'
  activerecord (4.2.0) lib/active_record/connection_adapters/abstract/connection_pool.rb:647:in `call'
  activerecord (4.2.0) lib/active_record/migration.rb:378:in `call'
  actionpack (4.2.0) lib/action_dispatch/middleware/callbacks.rb:29:in `block in call'
  activesupport (4.2.0) lib/active_support/callbacks.rb:88:in `call'
  activesupport (4.2.0) lib/active_support/callbacks.rb:88:in `_run_callbacks'
  activesupport (4.2.0) lib/active_support/callbacks.rb:734:in `_run_call_callbacks'
  activesupport (4.2.0) lib/active_support/callbacks.rb:81:in `run_callbacks'
  actionpack (4.2.0) lib/action_dispatch/middleware/callbacks.rb:27:in `call'
  actionpack (4.2.0) lib/action_dispatch/middleware/reloader.rb:73:in `call'
  actionpack (4.2.0) lib/action_dispatch/middleware/remote_ip.rb:78:in `call'
  web-console (2.0.0) lib/action_dispatch/debug_exceptions.rb:18:in `middleware_call'
  web-console (2.0.0) lib/action_dispatch/debug_exceptions.rb:13:in `call'
  actionpack (4.2.0) lib/action_dispatch/middleware/show_exceptions.rb:30:in `call'
  railties (4.2.0) lib/rails/rack/logger.rb:38:in `call_app'
  railties (4.2.0) lib/rails/rack/logger.rb:20:in `block in call'
  activesupport (4.2.0) lib/active_support/tagged_logging.rb:68:in `block in tagged'
  activesupport (4.2.0) lib/active_support/tagged_logging.rb:26:in `tagged'
  activesupport (4.2.0) lib/active_support/tagged_logging.rb:68:in `tagged'
  railties (4.2.0) lib/rails/rack/logger.rb:20:in `call'
  actionpack (4.2.0) lib/action_dispatch/middleware/request_id.rb:21:in `call'
  rack (1.6.0) lib/rack/methodoverride.rb:22:in `call'
  rack (1.6.0) lib/rack/runtime.rb:18:in `call'
  activesupport (4.2.0) lib/active_support/cache/strategy/local_cache_middleware.rb:28:in `call'
  rack (1.6.0) lib/rack/lock.rb:17:in `call'
  actionpack (4.2.0) lib/action_dispatch/middleware/static.rb:113:in `call'
  rack (1.6.0) lib/rack/sendfile.rb:113:in `call'
  railties (4.2.0) lib/rails/engine.rb:518:in `call'
  railties (4.2.0) lib/rails/application.rb:164:in `call'
  rack (1.6.0) lib/rack/lock.rb:17:in `call'
  rack (1.6.0) lib/rack/content_length.rb:15:in `call'
  rack (1.6.0) lib/rack/handler/webrick.rb:89:in `service'
  /home/csvm/.rvm/rubies/ruby-2.2.0/lib/ruby/2.2.0/webrick/httpserver.rb:138:in `service'
  /home/csvm/.rvm/rubies/ruby-2.2.0/lib/ruby/2.2.0/webrick/httpserver.rb:94:in `run'
  /home/csvm/.rvm/rubies/ruby-2.2.0/lib/ruby/2.2.0/webrick/server.rb:294:in `block in start_thread'


  Rendered /home/csvm/.rvm/gems/ruby-2.2.0/gems/web-console-2.0.0/lib/action_dispatch/templates/rescues/_trace.html.erb (8.4ms)
  Rendered /home/csvm/.rvm/gems/ruby-2.2.0/gems/web-console-2.0.0/lib/action_dispatch/templates/routes/_route.html.erb (9.5ms)
  Rendered /home/csvm/.rvm/gems/ruby-2.2.0/gems/web-console-2.0.0/lib/action_dispatch/templates/routes/_table.html.erb (30.1ms)
  Rendered /home/csvm/.rvm/gems/ruby-2.2.0/gems/web-console-2.0.0/lib/action_dispatch/templates/rescues/_request_and_response.html.erb (9.0ms)
  Rendered /home/csvm/.rvm/gems/ruby-2.2.0/gems/web-console-2.0.0/lib/action_dispatch/templates/rescues/_web_console.html.erb (3.3ms)
  Rendered /home/csvm/.rvm/gems/ruby-2.2.0/gems/web-console-2.0.0/lib/action_dispatch/templates/rescues/routing_error.html.erb within rescues/layout (169.2ms)


Started GET "/requiremets" for 127.0.0.1 at 2015-04-02 20:21:04 -0400

ActionController::RoutingError (No route matches [GET] "/requiremets"):
  web-console (2.0.0) lib/action_dispatch/debug_exceptions.rb:22:in `middleware_call'
  web-console (2.0.0) lib/action_dispatch/debug_exceptions.rb:13:in `call'
  actionpack (4.2.0) lib/action_dispatch/middleware/show_exceptions.rb:30:in `call'
  railties (4.2.0) lib/rails/rack/logger.rb:38:in `call_app'
  railties (4.2.0) lib/rails/rack/logger.rb:20:in `block in call'
  activesupport (4.2.0) lib/active_support/tagged_logging.rb:68:in `block in tagged'
  activesupport (4.2.0) lib/active_support/tagged_logging.rb:26:in `tagged'
  activesupport (4.2.0) lib/active_support/tagged_logging.rb:68:in `tagged'
  railties (4.2.0) lib/rails/rack/logger.rb:20:in `call'
  actionpack (4.2.0) lib/action_dispatch/middleware/request_id.rb:21:in `call'
  rack (1.6.0) lib/rack/methodoverride.rb:22:in `call'
  rack (1.6.0) lib/rack/runtime.rb:18:in `call'
  activesupport (4.2.0) lib/active_support/cache/strategy/local_cache_middleware.rb:28:in `call'
  rack (1.6.0) lib/rack/lock.rb:17:in `call'
  actionpack (4.2.0) lib/action_dispatch/middleware/static.rb:113:in `call'
  rack (1.6.0) lib/rack/sendfile.rb:113:in `call'
  railties (4.2.0) lib/rails/engine.rb:518:in `call'
  railties (4.2.0) lib/rails/application.rb:164:in `call'
  rack (1.6.0) lib/rack/lock.rb:17:in `call'
  rack (1.6.0) lib/rack/content_length.rb:15:in `call'
  rack (1.6.0) lib/rack/handler/webrick.rb:89:in `service'
  /home/csvm/.rvm/rubies/ruby-2.2.0/lib/ruby/2.2.0/webrick/httpserver.rb:138:in `service'
  /home/csvm/.rvm/rubies/ruby-2.2.0/lib/ruby/2.2.0/webrick/httpserver.rb:94:in `run'
  /home/csvm/.rvm/rubies/ruby-2.2.0/lib/ruby/2.2.0/webrick/server.rb:294:in `block in start_thread'


  Rendered /home/csvm/.rvm/gems/ruby-2.2.0/gems/web-console-2.0.0/lib/action_dispatch/templates/rescues/_trace.html.erb (12.6ms)
  Rendered /home/csvm/.rvm/gems/ruby-2.2.0/gems/web-console-2.0.0/lib/action_dispatch/templates/routes/_route.html.erb (7.6ms)
  Rendered /home/csvm/.rvm/gems/ruby-2.2.0/gems/web-console-2.0.0/lib/action_dispatch/templates/routes/_table.html.erb (11.1ms)
  Rendered /home/csvm/.rvm/gems/ruby-2.2.0/gems/web-console-2.0.0/lib/action_dispatch/templates/rescues/_request_and_response.html.erb (5.8ms)
  Rendered /home/csvm/.rvm/gems/ruby-2.2.0/gems/web-console-2.0.0/lib/action_dispatch/templates/rescues/_web_console.html.erb (7.9ms)
  Rendered /home/csvm/.rvm/gems/ruby-2.2.0/gems/web-console-2.0.0/lib/action_dispatch/templates/rescues/routing_error.html.erb within rescues/layout (112.4ms)


Started GET "/requirements" for 127.0.0.1 at 2015-04-02 20:24:53 -0400
Processing by RequirementsController#index as HTML
Completed 500 Internal Server Error in 4ms

NameError (undefined local variable or method `requirement' for #<RequirementsController:0xb657b3c0>):
  app/controllers/requirements_controller.rb:3:in `index'


  Rendered /home/csvm/.rvm/gems/ruby-2.2.0/gems/web-console-2.0.0/lib/action_dispatch/templates/rescues/_source.erb (9.0ms)
  Rendered /home/csvm/.rvm/gems/ruby-2.2.0/gems/web-console-2.0.0/lib/action_dispatch/templates/rescues/_trace.html.erb (2.3ms)
  Rendered /home/csvm/.rvm/gems/ruby-2.2.0/gems/web-console-2.0.0/lib/action_dispatch/templates/rescues/_request_and_response.html.erb (1.4ms)
  Rendered /home/csvm/.rvm/gems/ruby-2.2.0/gems/web-console-2.0.0/lib/action_dispatch/templates/rescues/_web_console.html.erb (3.9ms)
  Rendered /home/csvm/.rvm/gems/ruby-2.2.0/gems/web-console-2.0.0/lib/action_dispatch/templates/rescues/diagnostics.html.erb within rescues/layout (47.7ms)


Started GET "/requirements" for 127.0.0.1 at 2015-04-02 20:25:44 -0400
Processing by RequirementsController#index as HTML
Completed 500 Internal Server Error in 5ms

NameError (undefined local variable or method `requirement' for #<RequirementsController:0xb5b6e10c>):
  app/controllers/requirements_controller.rb:3:in `index'


  Rendered /home/csvm/.rvm/gems/ruby-2.2.0/gems/web-console-2.0.0/lib/action_dispatch/templates/rescues/_source.erb (4.7ms)
  Rendered /home/csvm/.rvm/gems/ruby-2.2.0/gems/web-console-2.0.0/lib/action_dispatch/templates/rescues/_trace.html.erb (2.1ms)
  Rendered /home/csvm/.rvm/gems/ruby-2.2.0/gems/web-console-2.0.0/lib/action_dispatch/templates/rescues/_request_and_response.html.erb (1.1ms)
  Rendered /home/csvm/.rvm/gems/ruby-2.2.0/gems/web-console-2.0.0/lib/action_dispatch/templates/rescues/_web_console.html.erb (1.9ms)
  Rendered /home/csvm/.rvm/gems/ruby-2.2.0/gems/web-console-2.0.0/lib/action_dispatch/templates/rescues/diagnostics.html.erb within rescues/layout (40.9ms)


Started GET "/requirements" for 127.0.0.1 at 2015-04-02 20:26:06 -0400
Processing by RequirementsController#index as HTML
  Rendered requirements/index.html.haml (11.9ms)
Completed 500 Internal Server Error in 24ms

ActionView::Template::Error (undefined method `each' for nil:NilClass):
     6:     %tr.requiremets_header
     7:       %th Name
     8:       %th Course
     9:   -@requiremets.each do |r|
    10:     %tr
    11:       %br
    12:       %td= link_to "#{r.name}", requiremet_path(r)
  app/views/requirements/index.html.haml:9:in `_app_views_requirements_index_html_haml__594593617_85873390'


  Rendered /home/csvm/.rvm/gems/ruby-2.2.0/gems/web-console-2.0.0/lib/action_dispatch/templates/rescues/_source.erb (9.2ms)
  Rendered /home/csvm/.rvm/gems/ruby-2.2.0/gems/web-console-2.0.0/lib/action_dispatch/templates/rescues/_trace.html.erb (3.7ms)
  Rendered /home/csvm/.rvm/gems/ruby-2.2.0/gems/web-console-2.0.0/lib/action_dispatch/templates/rescues/_request_and_response.html.erb (2.8ms)
  Rendered /home/csvm/.rvm/gems/ruby-2.2.0/gems/web-console-2.0.0/lib/action_dispatch/templates/rescues/_web_console.html.erb (1.5ms)
  Rendered /home/csvm/.rvm/gems/ruby-2.2.0/gems/web-console-2.0.0/lib/action_dispatch/templates/rescues/template_error.html.erb within rescues/layout (46.6ms)


Started GET "/requirements" for 127.0.0.1 at 2015-04-02 20:28:09 -0400
Processing by RequirementsController#index as HTML
  [1m[35mRequirement Load (17.1ms)[0m  SELECT "requirements".* FROM "requirements"  ORDER BY name
SQLite3::SQLException: no such table: requirements: SELECT "requirements".* FROM "requirements"  ORDER BY name
  Rendered requirements/index.html.haml (32.3ms)
Completed 500 Internal Server Error in 35ms

ActionView::Template::Error (SQLite3::SQLException: no such table: requirements: SELECT "requirements".* FROM "requirements"  ORDER BY name):
     6:     %tr.requirements_header
     7:       %th Name
     8:       %th Course
     9:   -@requirements.each do |r|
    10:     %tr
    11:       %br
    12:       %td= link_to "#{r.name}", requirement_path(r)
  app/views/requirements/index.html.haml:9:in `_app_views_requirements_index_html_haml__594593617_86066680'


  Rendered /home/csvm/.rvm/gems/ruby-2.2.0/gems/web-console-2.0.0/lib/action_dispatch/templates/rescues/_source.erb (10.1ms)
  Rendered /home/csvm/.rvm/gems/ruby-2.2.0/gems/web-console-2.0.0/lib/action_dispatch/templates/rescues/_trace.html.erb (6.4ms)
  Rendered /home/csvm/.rvm/gems/ruby-2.2.0/gems/web-console-2.0.0/lib/action_dispatch/templates/rescues/_request_and_response.html.erb (1.5ms)
  Rendered /home/csvm/.rvm/gems/ruby-2.2.0/gems/web-console-2.0.0/lib/action_dispatch/templates/rescues/_web_console.html.erb (1.2ms)
  Rendered /home/csvm/.rvm/gems/ruby-2.2.0/gems/web-console-2.0.0/lib/action_dispatch/templates/rescues/template_error.html.erb within rescues/layout (45.0ms)


Started GET "/requirements" for 127.0.0.1 at 2015-04-02 20:29:10 -0400
Processing by RequirementsController#index as HTML
  [1m[36mRequirement Load (1.5ms)[0m  [1mSELECT "requirements".* FROM "requirements"  ORDER BY name[0m
SQLite3::SQLException: no such table: requirements: SELECT "requirements".* FROM "requirements"  ORDER BY name
  Rendered requirements/index.html.haml (3.8ms)
Completed 500 Internal Server Error in 9ms

ActionView::Template::Error (SQLite3::SQLException: no such table: requirements: SELECT "requirements".* FROM "requirements"  ORDER BY name):
     6:     %tr.requirements_header
     7:       %th Name
     8:       %th Course
     9:   -@requirements.each do |r|
    10:     %tr
    11:       %br
    12:       %td= link_to "#{r.name}", requirement_path(r)
  app/views/requirements/index.html.haml:9:in `_app_views_requirements_index_html_haml__594593617_86066680'


  Rendered /home/csvm/.rvm/gems/ruby-2.2.0/gems/web-console-2.0.0/lib/action_dispatch/templates/rescues/_source.erb (10.9ms)
  Rendered /home/csvm/.rvm/gems/ruby-2.2.0/gems/web-console-2.0.0/lib/action_dispatch/templates/rescues/_trace.html.erb (5.1ms)
  Rendered /home/csvm/.rvm/gems/ruby-2.2.0/gems/web-console-2.0.0/lib/action_dispatch/templates/rescues/_request_and_response.html.erb (1.2ms)
  Rendered /home/csvm/.rvm/gems/ruby-2.2.0/gems/web-console-2.0.0/lib/action_dispatch/templates/rescues/_web_console.html.erb (1.3ms)
  Rendered /home/csvm/.rvm/gems/ruby-2.2.0/gems/web-console-2.0.0/lib/action_dispatch/templates/rescues/template_error.html.erb within rescues/layout (43.8ms)
  [1m[36m (16.2ms)[0m  [1mCREATE TABLE "schema_migrations" ("version" varchar NOT NULL) [0m
  [1m[35m (0.1ms)[0m  select sqlite_version(*)
  [1m[36m (3.3ms)[0m  [1mCREATE UNIQUE INDEX "unique_schema_migrations" ON "schema_migrations" ("version")[0m
  [1m[35mActiveRecord::SchemaMigration Load (0.1ms)[0m  SELECT "schema_migrations".* FROM "schema_migrations"
Migrating to CreateCourses (20150401204517)
  [1m[36m (0.1ms)[0m  [1mbegin transaction[0m
  [1m[35m (0.3ms)[0m  CREATE TABLE "courses" ("id" INTEGER PRIMARY KEY AUTOINCREMENT NOT NULL, "crn" integer, "course_name" varchar, "title" text, "instructor" varchar, "days" varchar, "starts" integer, "ends" integer, "building_room" varchar, "credits" decimal(2,2), "coreq" varchar, "crosslist" varchar, "restrictions" text, "prereq" varchar, "notes" text, "created_at" datetime NOT NULL, "updated_at" datetime NOT NULL) 
  [1m[36mSQL (0.1ms)[0m  [1mINSERT INTO "schema_migrations" ("version") VALUES (?)[0m  [["version", "20150401204517"]]
  [1m[35m (3.8ms)[0m  commit transaction
Migrating to CreateRequirements (20150402172713)
  [1m[36m (0.1ms)[0m  [1mbegin transaction[0m
  [1m[35m (0.2ms)[0m  CREATE TABLE "requirements" ("id" INTEGER PRIMARY KEY AUTOINCREMENT NOT NULL, "name" varchar, "course" integer, "created_at" datetime NOT NULL, "updated_at" datetime NOT NULL) 
  [1m[36mSQL (0.1ms)[0m  [1mINSERT INTO "schema_migrations" ("version") VALUES (?)[0m  [["version", "20150402172713"]]
  [1m[35m (3.2ms)[0m  commit transaction
Migrating to CreateStudents (20150403000659)
  [1m[36m (0.1ms)[0m  [1mbegin transaction[0m
  [1m[35m (0.3ms)[0m  CREATE TABLE "students" ("id" INTEGER PRIMARY KEY AUTOINCREMENT NOT NULL, "first" varchar, "last" varchar, "sid" varchar, "courses_taken" integer, "courses_progress" integer) 
  [1m[36mSQL (0.1ms)[0m  [1mINSERT INTO "schema_migrations" ("version") VALUES (?)[0m  [["version", "20150403000659"]]
  [1m[35m (3.5ms)[0m  commit transaction
  [1m[36mActiveRecord::SchemaMigration Load (0.1ms)[0m  [1mSELECT "schema_migrations".* FROM "schema_migrations"[0m
  [1m[36mActiveRecord::SchemaMigration Load (0.1ms)[0m  [1mSELECT "schema_migrations".* FROM "schema_migrations"[0m
  [1m[35mSQL (5.2ms)[0m  DELETE FROM "requirements"
  [1m[36m (0.1ms)[0m  [1mbegin transaction[0m
  [1m[35mSQL (0.2ms)[0m  INSERT INTO "requirements" ("name", "course", "created_at", "updated_at") VALUES (?, ?, ?, ?)  [["name", "Computer Science"], ["course", 10091], ["created_at", "2015-04-03 00:29:37.077012"], ["updated_at", "2015-04-03 00:29:37.077012"]]
  [1m[36m (4.5ms)[0m  [1mcommit transaction[0m
  [1m[35m (0.0ms)[0m  begin transaction
  [1m[36mSQL (0.2ms)[0m  [1mINSERT INTO "requirements" ("name", "course", "created_at", "updated_at") VALUES (?, ?, ?, ?)[0m  [["name", "Sociology"], ["course", 10387], ["created_at", "2015-04-03 00:29:37.084654"], ["updated_at", "2015-04-03 00:29:37.084654"]]
  [1m[35m (2.8ms)[0m  commit transaction
  [1m[36m (0.1ms)[0m  [1mbegin transaction[0m
  [1m[35mSQL (0.1ms)[0m  INSERT INTO "requirements" ("name", "course", "created_at", "updated_at") VALUES (?, ?, ?, ?)  [["name", "Geology"], ["course", 10120], ["created_at", "2015-04-03 00:29:37.088917"], ["updated_at", "2015-04-03 00:29:37.088917"]]
  [1m[36m (3.4ms)[0m  [1mcommit transaction[0m
  [1m[35m (0.1ms)[0m  begin transaction
  [1m[36mSQL (0.1ms)[0m  [1mINSERT INTO "requirements" ("name", "course", "created_at", "updated_at") VALUES (?, ?, ?, ?)[0m  [["name", "Women's Studies"], ["course", 10550], ["created_at", "2015-04-03 00:29:37.093765"], ["updated_at", "2015-04-03 00:29:37.093765"]]
  [1m[35m (2.5ms)[0m  commit transaction
  [1m[36m (0.1ms)[0m  [1mbegin transaction[0m
  [1m[35mSQL (0.1ms)[0m  INSERT INTO "requirements" ("name", "course", "created_at", "updated_at") VALUES (?, ?, ?, ?)  [["name", "Biology"], ["course", 10001], ["created_at", "2015-04-03 00:29:37.097728"], ["updated_at", "2015-04-03 00:29:37.097728"]]
  [1m[36m (3.6ms)[0m  [1mcommit transaction[0m
  [1m[35m (0.1ms)[0m  begin transaction
  [1m[36mSQL (0.1ms)[0m  [1mINSERT INTO "requirements" ("name", "course", "created_at", "updated_at") VALUES (?, ?, ?, ?)[0m  [["name", "Hisory"], ["course", 10287], ["created_at", "2015-04-03 00:29:37.102803"], ["updated_at", "2015-04-03 00:29:37.102803"]]
  [1m[35m (3.8ms)[0m  commit transaction
  [1m[36mSQL (3.2ms)[0m  [1mDELETE FROM "courses"[0m
  [1m[35m (0.1ms)[0m  begin transaction
  [1m[36mSQL (0.2ms)[0m  [1mINSERT INTO "courses" ("crn", "course_name", "title", "instructor", "days", "starts", "ends", "building_room", "credits", "coreq", "crosslist", "restrictions", "prereq", "notes", "created_at", "updated_at") VALUES (?, ?, ?, ?, ?, ?, ?, ?, ?, ?, ?, ?, ?, ?, ?, ?)[0m  [["crn", 10111], ["course_name", "COSC_480"], ["title", "Cloud Computing"], ["instructor", "Sommers"], ["days", "MWF"], ["starts", 120], ["ends", 235], ["building_room", "Lawrence 105"], ["credits", 1.0], ["coreq", "COSC_480_Lab"], ["crosslist", "none"], ["restrictions", "none"], ["prereq", "COSC_301"], ["notes", "kinda difficult"], ["created_at", "2015-04-03 00:29:37.124698"], ["updated_at", "2015-04-03 00:29:37.124698"]]
  [1m[35m (3.5ms)[0m  commit transaction
  [1m[36m (4.6ms)[0m  [1mCREATE TABLE "courses" ("id" INTEGER PRIMARY KEY AUTOINCREMENT NOT NULL, "crn" integer, "course_name" varchar, "title" text, "instructor" varchar, "days" varchar, "starts" integer, "ends" integer, "building_room" varchar, "credits" decimal(2,2), "coreq" varchar, "crosslist" varchar, "restrictions" text, "prereq" varchar, "notes" text, "created_at" datetime NOT NULL, "updated_at" datetime NOT NULL) [0m
  [1m[35m (3.2ms)[0m  CREATE TABLE "requirements" ("id" INTEGER PRIMARY KEY AUTOINCREMENT NOT NULL, "name" varchar, "course" integer, "created_at" datetime NOT NULL, "updated_at" datetime NOT NULL) 
  [1m[36m (3.5ms)[0m  [1mCREATE TABLE "students" ("id" INTEGER PRIMARY KEY AUTOINCREMENT NOT NULL, "first" varchar, "last" varchar, "sid" varchar, "courses_taken" integer, "courses_progress" integer) [0m
  [1m[35m (4.4ms)[0m  CREATE TABLE "schema_migrations" ("version" varchar NOT NULL) 
  [1m[36m (0.1ms)[0m  [1mselect sqlite_version(*)[0m
  [1m[35m (4.7ms)[0m  CREATE UNIQUE INDEX "unique_schema_migrations" ON "schema_migrations" ("version")
  [1m[36m (0.1ms)[0m  [1mSELECT version FROM "schema_migrations"[0m
  [1m[35m (3.0ms)[0m  INSERT INTO "schema_migrations" (version) VALUES ('20150403000659')
  [1m[36m (3.4ms)[0m  [1mINSERT INTO "schema_migrations" (version) VALUES ('20150401204517')[0m
  [1m[35m (3.5ms)[0m  INSERT INTO "schema_migrations" (version) VALUES ('20150402172713')


Started GET "/requirements" for 127.0.0.1 at 2015-04-02 20:29:47 -0400
Processing by RequirementsController#index as HTML
  [1m[35mRequirement Load (1.0ms)[0m  SELECT "requirements".* FROM "requirements"  ORDER BY name
  Rendered requirements/index.html.haml (12.4ms)
Completed 200 OK in 20ms (Views: 13.3ms | ActiveRecord: 3.7ms)


<<<<<<< HEAD
Started GET "/" for 127.0.0.1 at 2015-04-02 20:49:25 -0400
  [1m[36mActiveRecord::SchemaMigration Load (0.4ms)[0m  [1mSELECT "schema_migrations".* FROM "schema_migrations"[0m
Processing by StudentsController#index as HTML
  Rendered students/index.html.haml (11.6ms)
Completed 500 Internal Server Error in 78ms
=======
<<<<<<< HEAD
Started GET "/" for 127.0.0.1 at 2015-04-02 20:49:27 -0400
  [1m[36mActiveRecord::SchemaMigration Load (0.3ms)[0m  [1mSELECT "schema_migrations".* FROM "schema_migrations"[0m
Processing by StudentsController#index as HTML
  Rendered students/index.html.haml (10.1ms)
Completed 500 Internal Server Error in 61ms
>>>>>>> 6fedc6d408e215aaba455879027da884eaacb865

ActionView::Template::Error (Inconsistent indentation: 2 tabs used for indentation, but the rest of the document was indented using 2 spaces.):
     6:       %th= link_to "First", students_path(sort: 'first')
     7:       %th= link_to "Last", students_path(sort: 'last')
     8:       %th ID
     9: 		%th Class
    10:       %th= link_to "Major", students_path(sort: 'major')
    11: 
    12:     -@students.each do |s|
  app/views/students/index.html.haml:9


<<<<<<< HEAD
  Rendered /home/csvm/.rvm/gems/ruby-2.2.0/gems/web-console-2.0.0/lib/action_dispatch/templates/rescues/_source.erb (36.7ms)
  Rendered /home/csvm/.rvm/gems/ruby-2.2.0/gems/web-console-2.0.0/lib/action_dispatch/templates/rescues/_trace.html.erb (12.1ms)
  Rendered /home/csvm/.rvm/gems/ruby-2.2.0/gems/web-console-2.0.0/lib/action_dispatch/templates/rescues/_request_and_response.html.erb (65.1ms)
  Rendered /home/csvm/.rvm/gems/ruby-2.2.0/gems/web-console-2.0.0/lib/action_dispatch/templates/rescues/_web_console.html.erb (6.4ms)
  Rendered /home/csvm/.rvm/gems/ruby-2.2.0/gems/web-console-2.0.0/lib/action_dispatch/templates/rescues/template_error.html.erb within rescues/layout (292.1ms)


Started GET "/" for 127.0.0.1 at 2015-04-02 20:50:15 -0400
Processing by StudentsController#index as HTML
  Rendered students/index.html.haml (15.1ms)
Completed 500 Internal Server Error in 30ms

ActionView::Template::Error (Inconsistent indentation: "\t\t  " used for indentation, but the rest of the document was indented using 2 spaces.):
    14:         %td= s.first
    15:         %td= s.last
    16:         %td= s.id
    17: 		  %td= s.class
    18:         %td= s.major
    19: 
    20:   %p= link_to("Create new student", new_student_path)
  app/views/students/index.html.haml:17


  Rendered /home/csvm/.rvm/gems/ruby-2.2.0/gems/web-console-2.0.0/lib/action_dispatch/templates/rescues/_source.erb (29.5ms)
  Rendered /home/csvm/.rvm/gems/ruby-2.2.0/gems/web-console-2.0.0/lib/action_dispatch/templates/rescues/_trace.html.erb (19.0ms)
  Rendered /home/csvm/.rvm/gems/ruby-2.2.0/gems/web-console-2.0.0/lib/action_dispatch/templates/rescues/_request_and_response.html.erb (2.5ms)
  Rendered /home/csvm/.rvm/gems/ruby-2.2.0/gems/web-console-2.0.0/lib/action_dispatch/templates/rescues/_web_console.html.erb (3.8ms)
  Rendered /home/csvm/.rvm/gems/ruby-2.2.0/gems/web-console-2.0.0/lib/action_dispatch/templates/rescues/template_error.html.erb within rescues/layout (141.6ms)


Started GET "/" for 127.0.0.1 at 2015-04-02 20:50:35 -0400
Processing by StudentsController#index as HTML
  [1m[35mStudent Load (0.9ms)[0m  SELECT "students".* FROM "students"  ORDER BY last
  Rendered students/index.html.haml (13.5ms)
Completed 200 OK in 32ms (Views: 30.7ms | ActiveRecord: 0.9ms)


Started GET "/students/new" for 127.0.0.1 at 2015-04-02 20:50:39 -0400
Processing by StudentsController#new as HTML
  Rendered students/new.html.haml (13.2ms)
Completed 500 Internal Server Error in 67ms

ActionView::Template::Error (First argument in form cannot contain nil or be empty):
    1: %h3 Create new student
    2: 
    3: =form_for @student do |f|
    4:   %div
    5:   =f.label :first
    6:   =f.text_field :first
  app/views/students/new.html.haml:3:in `_app_views_students_new_html_haml__182311485__620099928'


  Rendered /home/csvm/.rvm/gems/ruby-2.2.0/gems/web-console-2.0.0/lib/action_dispatch/templates/rescues/_source.erb (25.8ms)
  Rendered /home/csvm/.rvm/gems/ruby-2.2.0/gems/web-console-2.0.0/lib/action_dispatch/templates/rescues/_trace.html.erb (21.6ms)
  Rendered /home/csvm/.rvm/gems/ruby-2.2.0/gems/web-console-2.0.0/lib/action_dispatch/templates/rescues/_request_and_response.html.erb (16.8ms)
  Rendered /home/csvm/.rvm/gems/ruby-2.2.0/gems/web-console-2.0.0/lib/action_dispatch/templates/rescues/_web_console.html.erb (8.3ms)
  Rendered /home/csvm/.rvm/gems/ruby-2.2.0/gems/web-console-2.0.0/lib/action_dispatch/templates/rescues/template_error.html.erb within rescues/layout (132.7ms)


Started GET "/students/new" for 127.0.0.1 at 2015-04-02 20:53:06 -0400
Processing by StudentsController#new as HTML
  Rendered students/new.html.haml (34.9ms)
Completed 500 Internal Server Error in 44ms

ActionView::Template::Error (First argument in form cannot contain nil or be empty):
    1: %h3 Create new student
    2: 
    3: =form_for @student do |f|
    4:   %div
    5:   =f.label :first
    6:   =f.text_field :first
  app/views/students/new.html.haml:3:in `_app_views_students_new_html_haml__182311485__620099928'


  Rendered /home/csvm/.rvm/gems/ruby-2.2.0/gems/web-console-2.0.0/lib/action_dispatch/templates/rescues/_source.erb (32.1ms)
  Rendered /home/csvm/.rvm/gems/ruby-2.2.0/gems/web-console-2.0.0/lib/action_dispatch/templates/rescues/_trace.html.erb (28.8ms)
  Rendered /home/csvm/.rvm/gems/ruby-2.2.0/gems/web-console-2.0.0/lib/action_dispatch/templates/rescues/_request_and_response.html.erb (1.9ms)
  Rendered /home/csvm/.rvm/gems/ruby-2.2.0/gems/web-console-2.0.0/lib/action_dispatch/templates/rescues/_web_console.html.erb (7.5ms)
  Rendered /home/csvm/.rvm/gems/ruby-2.2.0/gems/web-console-2.0.0/lib/action_dispatch/templates/rescues/template_error.html.erb within rescues/layout (219.5ms)
  [1m[36mActiveRecord::SchemaMigration Load (0.1ms)[0m  [1mSELECT "schema_migrations".* FROM "schema_migrations"[0m
  [1m[35mSQL (11.6ms)[0m  DELETE FROM "students"
  [1m[36mActiveRecord::SchemaMigration Load (0.2ms)[0m  [1mSELECT "schema_migrations".* FROM "schema_migrations"[0m
  [1m[35mActiveRecord::SchemaMigration Load (0.1ms)[0m  SELECT "schema_migrations".* FROM "schema_migrations"
  [1m[36mActiveRecord::SchemaMigration Load (0.1ms)[0m  [1mSELECT "schema_migrations".* FROM "schema_migrations"[0m
  [1m[35mSQL (8.4ms)[0m  DELETE FROM "students"
  [1m[36m (8.9ms)[0m  [1mCREATE TABLE "schema_migrations" ("version" varchar NOT NULL) [0m
  [1m[35m (0.1ms)[0m  select sqlite_version(*)
  [1m[36m (5.7ms)[0m  [1mCREATE UNIQUE INDEX "unique_schema_migrations" ON "schema_migrations" ("version")[0m
  [1m[35mActiveRecord::SchemaMigration Load (0.1ms)[0m  SELECT "schema_migrations".* FROM "schema_migrations"
Migrating to CreateCourses (20150401204517)
  [1m[36m (0.1ms)[0m  [1mbegin transaction[0m
  [1m[35m (0.6ms)[0m  CREATE TABLE "courses" ("id" INTEGER PRIMARY KEY AUTOINCREMENT NOT NULL, "crn" integer, "course_name" varchar, "title" text, "instructor" varchar, "days" varchar, "starts" integer, "ends" integer, "building_room" varchar, "credits" decimal(2,2), "coreq" varchar, "crosslist" varchar, "restrictions" text, "prereq" varchar, "notes" text, "created_at" datetime NOT NULL, "updated_at" datetime NOT NULL) 
  [1m[36mSQL (0.4ms)[0m  [1mINSERT INTO "schema_migrations" ("version") VALUES (?)[0m  [["version", "20150401204517"]]
  [1m[35m (6.0ms)[0m  commit transaction
Migrating to CreateRequirements (20150402172713)
  [1m[36m (0.1ms)[0m  [1mbegin transaction[0m
  [1m[35m (0.8ms)[0m  CREATE TABLE "requirements" ("id" INTEGER PRIMARY KEY AUTOINCREMENT NOT NULL, "name" varchar, "course" integer, "created_at" datetime NOT NULL, "updated_at" datetime NOT NULL) 
  [1m[36mSQL (0.2ms)[0m  [1mINSERT INTO "schema_migrations" ("version") VALUES (?)[0m  [["version", "20150402172713"]]
  [1m[35m (15.9ms)[0m  commit transaction
Migrating to CreateStudents (20150403000659)
  [1m[36m (0.1ms)[0m  [1mbegin transaction[0m
  [1m[35m (2.6ms)[0m  CREATE TABLE "students" ("id" INTEGER PRIMARY KEY AUTOINCREMENT NOT NULL, "first" varchar, "last" varchar, "sid" varchar, "year" integer, "courses_taken" integer, "courses_progress" integer) 
  [1m[36mSQL (2.2ms)[0m  [1mINSERT INTO "schema_migrations" ("version") VALUES (?)[0m  [["version", "20150403000659"]]
  [1m[35m (7.4ms)[0m  commit transaction
  [1m[36mActiveRecord::SchemaMigration Load (0.3ms)[0m  [1mSELECT "schema_migrations".* FROM "schema_migrations"[0m
  [1m[36mActiveRecord::SchemaMigration Load (0.0ms)[0m  [1mSELECT "schema_migrations".* FROM "schema_migrations"[0m
  [1m[35mSQL (10.0ms)[0m  DELETE FROM "students"
  [1m[36m (0.4ms)[0m  [1mbegin transaction[0m
  [1m[35mSQL (1.6ms)[0m  INSERT INTO "students" ("first", "last", "sid", "year") VALUES (?, ?, ?, ?)  [["first", "Peter"], ["last", "McGrath"], ["sid", "000878761"], ["year", 2015]]
  [1m[36m (5.6ms)[0m  [1mcommit transaction[0m
  [1m[35m (0.2ms)[0m  begin transaction
  [1m[36mSQL (0.5ms)[0m  [1mINSERT INTO "students" ("first", "last", "sid", "year") VALUES (?, ?, ?, ?)[0m  [["first", "Dan"], ["last", "Miller"], ["sid", "123456789"], ["year", 2015]]
  [1m[35m (5.3ms)[0m  commit transaction
  [1m[36m (0.1ms)[0m  [1mbegin transaction[0m
  [1m[35mSQL (0.5ms)[0m  INSERT INTO "students" ("first", "last", "sid", "year") VALUES (?, ?, ?, ?)  [["first", "Courtney"], ["last", "McGill"], ["sid", "789123654"], ["year", 2016]]
  [1m[36m (5.1ms)[0m  [1mcommit transaction[0m
  [1m[35m (0.1ms)[0m  begin transaction
  [1m[36mSQL (0.5ms)[0m  [1mINSERT INTO "students" ("first", "last", "sid", "year") VALUES (?, ?, ?, ?)[0m  [["first", "Tom"], ["last", "Wheeler"], ["sid", "192837465"], ["year", 2016]]
  [1m[35m (5.2ms)[0m  commit transaction
  [1m[36mSQL (5.8ms)[0m  [1mDELETE FROM "requirements"[0m
  [1m[35m (0.4ms)[0m  begin transaction
  [1m[36mSQL (0.9ms)[0m  [1mINSERT INTO "requirements" ("name", "course", "created_at", "updated_at") VALUES (?, ?, ?, ?)[0m  [["name", "Computer Science"], ["course", 10091], ["created_at", "2015-04-03 00:56:58.243154"], ["updated_at", "2015-04-03 00:56:58.243154"]]
  [1m[35m (6.6ms)[0m  commit transaction
  [1m[36m (0.1ms)[0m  [1mbegin transaction[0m
  [1m[35mSQL (0.6ms)[0m  INSERT INTO "requirements" ("name", "course", "created_at", "updated_at") VALUES (?, ?, ?, ?)  [["name", "Sociology"], ["course", 10387], ["created_at", "2015-04-03 00:56:58.253908"], ["updated_at", "2015-04-03 00:56:58.253908"]]
  [1m[36m (5.3ms)[0m  [1mcommit transaction[0m
  [1m[35m (0.2ms)[0m  begin transaction
  [1m[36mSQL (0.6ms)[0m  [1mINSERT INTO "requirements" ("name", "course", "created_at", "updated_at") VALUES (?, ?, ?, ?)[0m  [["name", "Geology"], ["course", 10120], ["created_at", "2015-04-03 00:56:58.262921"], ["updated_at", "2015-04-03 00:56:58.262921"]]
  [1m[35m (4.5ms)[0m  commit transaction
  [1m[36m (0.1ms)[0m  [1mbegin transaction[0m
  [1m[35mSQL (0.5ms)[0m  INSERT INTO "requirements" ("name", "course", "created_at", "updated_at") VALUES (?, ?, ?, ?)  [["name", "Women's Studies"], ["course", 10550], ["created_at", "2015-04-03 00:56:58.271083"], ["updated_at", "2015-04-03 00:56:58.271083"]]
  [1m[36m (6.3ms)[0m  [1mcommit transaction[0m
  [1m[35m (0.1ms)[0m  begin transaction
  [1m[36mSQL (0.6ms)[0m  [1mINSERT INTO "requirements" ("name", "course", "created_at", "updated_at") VALUES (?, ?, ?, ?)[0m  [["name", "Biology"], ["course", 10001], ["created_at", "2015-04-03 00:56:58.280886"], ["updated_at", "2015-04-03 00:56:58.280886"]]
  [1m[35m (5.6ms)[0m  commit transaction
  [1m[36m (0.1ms)[0m  [1mbegin transaction[0m
  [1m[35mSQL (0.2ms)[0m  INSERT INTO "requirements" ("name", "course", "created_at", "updated_at") VALUES (?, ?, ?, ?)  [["name", "Hisory"], ["course", 10287], ["created_at", "2015-04-03 00:56:58.289375"], ["updated_at", "2015-04-03 00:56:58.289375"]]
  [1m[36m (4.9ms)[0m  [1mcommit transaction[0m
  [1m[35mSQL (5.2ms)[0m  DELETE FROM "courses"
  [1m[36m (0.3ms)[0m  [1mbegin transaction[0m
  [1m[35mSQL (0.4ms)[0m  INSERT INTO "courses" ("crn", "course_name", "title", "instructor", "days", "starts", "ends", "building_room", "credits", "coreq", "crosslist", "restrictions", "prereq", "notes", "created_at", "updated_at") VALUES (?, ?, ?, ?, ?, ?, ?, ?, ?, ?, ?, ?, ?, ?, ?, ?)  [["crn", 10111], ["course_name", "COSC_480"], ["title", "Cloud Computing"], ["instructor", "Sommers"], ["days", "MWF"], ["starts", 120], ["ends", 235], ["building_room", "Lawrence 105"], ["credits", 1.0], ["coreq", "COSC_480_Lab"], ["crosslist", "none"], ["restrictions", "none"], ["prereq", "COSC_301"], ["notes", "kinda difficult"], ["created_at", "2015-04-03 00:56:58.345631"], ["updated_at", "2015-04-03 00:56:58.345631"]]
  [1m[36m (7.9ms)[0m  [1mcommit transaction[0m


Started GET "/students/new" for 127.0.0.1 at 2015-04-02 20:57:07 -0400
  [1m[36mActiveRecord::SchemaMigration Load (0.2ms)[0m  [1mSELECT "schema_migrations".* FROM "schema_migrations"[0m
Processing by StudentsController#new as HTML
  Rendered students/new.html.haml (34.1ms)
Completed 500 Internal Server Error in 101ms

ActionView::Template::Error (First argument in form cannot contain nil or be empty):
    1: %h3 Create new student
    2: 
    3: =form_for @student do |f|
    4:   %div
    5:   =f.label :first
    6:   =f.text_field :first
  app/views/students/new.html.haml:3:in `_app_views_students_new_html_haml___379042412__624221308'


  Rendered /home/csvm/.rvm/gems/ruby-2.2.0/gems/web-console-2.0.0/lib/action_dispatch/templates/rescues/_source.erb (24.9ms)
  Rendered /home/csvm/.rvm/gems/ruby-2.2.0/gems/web-console-2.0.0/lib/action_dispatch/templates/rescues/_trace.html.erb (14.5ms)
  Rendered /home/csvm/.rvm/gems/ruby-2.2.0/gems/web-console-2.0.0/lib/action_dispatch/templates/rescues/_request_and_response.html.erb (41.2ms)
  Rendered /home/csvm/.rvm/gems/ruby-2.2.0/gems/web-console-2.0.0/lib/action_dispatch/templates/rescues/_web_console.html.erb (3.1ms)
  Rendered /home/csvm/.rvm/gems/ruby-2.2.0/gems/web-console-2.0.0/lib/action_dispatch/templates/rescues/template_error.html.erb within rescues/layout (186.8ms)


Started GET "/students/new" for 127.0.0.1 at 2015-04-02 20:57:11 -0400
Processing by StudentsController#new as HTML
  Rendered students/new.html.haml (8.6ms)
Completed 500 Internal Server Error in 27ms

ActionView::Template::Error (First argument in form cannot contain nil or be empty):
    1: %h3 Create new student
    2: 
    3: =form_for @student do |f|
    4:   %div
    5:   =f.label :first
    6:   =f.text_field :first
  app/views/students/new.html.haml:3:in `_app_views_students_new_html_haml___379042412__624221308'


  Rendered /home/csvm/.rvm/gems/ruby-2.2.0/gems/web-console-2.0.0/lib/action_dispatch/templates/rescues/_source.erb (21.3ms)
  Rendered /home/csvm/.rvm/gems/ruby-2.2.0/gems/web-console-2.0.0/lib/action_dispatch/templates/rescues/_trace.html.erb (5.7ms)
  Rendered /home/csvm/.rvm/gems/ruby-2.2.0/gems/web-console-2.0.0/lib/action_dispatch/templates/rescues/_request_and_response.html.erb (2.4ms)
  Rendered /home/csvm/.rvm/gems/ruby-2.2.0/gems/web-console-2.0.0/lib/action_dispatch/templates/rescues/_web_console.html.erb (16.3ms)
  Rendered /home/csvm/.rvm/gems/ruby-2.2.0/gems/web-console-2.0.0/lib/action_dispatch/templates/rescues/template_error.html.erb within rescues/layout (123.0ms)


Started GET "/students/new" for 127.0.0.1 at 2015-04-02 20:58:19 -0400
Processing by StudentsController#new as HTML
  Rendered students/new.html.haml (30.4ms)
Completed 500 Internal Server Error in 65ms

ActionView::Template::Error (First argument in form cannot contain nil or be empty):
    2: 
    3:   %h3 Create new student
    4: 
    5:   =form_for @student do |f|
    6:     %div
    7:     =f.label :first
    8:     =f.text_field :first
  app/views/students/new.html.haml:5:in `_app_views_students_new_html_haml___379042412_87824000'


  Rendered /home/csvm/.rvm/gems/ruby-2.2.0/gems/web-console-2.0.0/lib/action_dispatch/templates/rescues/_source.erb (29.7ms)
  Rendered /home/csvm/.rvm/gems/ruby-2.2.0/gems/web-console-2.0.0/lib/action_dispatch/templates/rescues/_trace.html.erb (18.0ms)
  Rendered /home/csvm/.rvm/gems/ruby-2.2.0/gems/web-console-2.0.0/lib/action_dispatch/templates/rescues/_request_and_response.html.erb (5.4ms)
  Rendered /home/csvm/.rvm/gems/ruby-2.2.0/gems/web-console-2.0.0/lib/action_dispatch/templates/rescues/_web_console.html.erb (1.7ms)
  Rendered /home/csvm/.rvm/gems/ruby-2.2.0/gems/web-console-2.0.0/lib/action_dispatch/templates/rescues/template_error.html.erb within rescues/layout (129.1ms)


Started GET "/students/new" for 127.0.0.1 at 2015-04-02 20:59:06 -0400
Processing by StudentsController#new as HTML
  Rendered students/new.html.haml (148.1ms)
Completed 500 Internal Server Error in 159ms

ActionView::Template::Error (undefined method `major' for #<Student:0xa519834>):
    17:     =f.number_field :year
    18:     %div
    19:     =f.label :major
    20:     =f.text_field :major
    21:     %div
    22:     =f.submit
  app/views/students/new.html.haml:20:in `block in _app_views_students_new_html_haml___379042412_87441930'
  app/views/students/new.html.haml:5:in `_app_views_students_new_html_haml___379042412_87441930'


  Rendered /home/csvm/.rvm/gems/ruby-2.2.0/gems/web-console-2.0.0/lib/action_dispatch/templates/rescues/_source.erb (30.5ms)
  Rendered /home/csvm/.rvm/gems/ruby-2.2.0/gems/web-console-2.0.0/lib/action_dispatch/templates/rescues/_trace.html.erb (13.5ms)
  Rendered /home/csvm/.rvm/gems/ruby-2.2.0/gems/web-console-2.0.0/lib/action_dispatch/templates/rescues/_request_and_response.html.erb (8.5ms)
  Rendered /home/csvm/.rvm/gems/ruby-2.2.0/gems/web-console-2.0.0/lib/action_dispatch/templates/rescues/_web_console.html.erb (8.5ms)
  Rendered /home/csvm/.rvm/gems/ruby-2.2.0/gems/web-console-2.0.0/lib/action_dispatch/templates/rescues/template_error.html.erb within rescues/layout (123.9ms)
  [1m[36m (11.4ms)[0m  [1mCREATE TABLE "schema_migrations" ("version" varchar NOT NULL) [0m
  [1m[35m (0.1ms)[0m  select sqlite_version(*)
  [1m[36m (6.0ms)[0m  [1mCREATE UNIQUE INDEX "unique_schema_migrations" ON "schema_migrations" ("version")[0m
  [1m[35mActiveRecord::SchemaMigration Load (0.1ms)[0m  SELECT "schema_migrations".* FROM "schema_migrations"
Migrating to CreateCourses (20150401204517)
  [1m[36m (0.3ms)[0m  [1mbegin transaction[0m
  [1m[35m (0.6ms)[0m  CREATE TABLE "courses" ("id" INTEGER PRIMARY KEY AUTOINCREMENT NOT NULL, "crn" integer, "course_name" varchar, "title" text, "instructor" varchar, "days" varchar, "starts" integer, "ends" integer, "building_room" varchar, "credits" decimal(2,2), "coreq" varchar, "crosslist" varchar, "restrictions" text, "prereq" varchar, "notes" text, "created_at" datetime NOT NULL, "updated_at" datetime NOT NULL) 
  [1m[36mSQL (5.8ms)[0m  [1mINSERT INTO "schema_migrations" ("version") VALUES (?)[0m  [["version", "20150401204517"]]
  [1m[35m (7.3ms)[0m  commit transaction
Migrating to CreateRequirements (20150402172713)
  [1m[36m (0.1ms)[0m  [1mbegin transaction[0m
  [1m[35m (0.5ms)[0m  CREATE TABLE "requirements" ("id" INTEGER PRIMARY KEY AUTOINCREMENT NOT NULL, "name" varchar, "course" integer, "created_at" datetime NOT NULL, "updated_at" datetime NOT NULL) 
  [1m[36mSQL (0.2ms)[0m  [1mINSERT INTO "schema_migrations" ("version") VALUES (?)[0m  [["version", "20150402172713"]]
  [1m[35m (7.8ms)[0m  commit transaction
Migrating to CreateStudents (20150403000659)
  [1m[36m (0.1ms)[0m  [1mbegin transaction[0m
  [1m[35m (0.6ms)[0m  CREATE TABLE "students" ("id" INTEGER PRIMARY KEY AUTOINCREMENT NOT NULL, "first" varchar, "last" varchar, "sid" varchar, "year" integer, "major" varchar, "courses_taken" integer, "courses_progress" integer) 
  [1m[36mSQL (0.3ms)[0m  [1mINSERT INTO "schema_migrations" ("version") VALUES (?)[0m  [["version", "20150403000659"]]
  [1m[35m (15.6ms)[0m  commit transaction
  [1m[36mActiveRecord::SchemaMigration Load (0.1ms)[0m  [1mSELECT "schema_migrations".* FROM "schema_migrations"[0m
  [1m[36mActiveRecord::SchemaMigration Load (0.1ms)[0m  [1mSELECT "schema_migrations".* FROM "schema_migrations"[0m
  [1m[35mSQL (8.6ms)[0m  DELETE FROM "students"
  [1m[36m (0.3ms)[0m  [1mbegin transaction[0m
  [1m[35mSQL (0.3ms)[0m  INSERT INTO "students" ("first", "last", "sid", "year") VALUES (?, ?, ?, ?)  [["first", "Peter"], ["last", "McGrath"], ["sid", "000878761"], ["year", 2015]]
  [1m[36m (5.3ms)[0m  [1mcommit transaction[0m
  [1m[35m (0.1ms)[0m  begin transaction
  [1m[36mSQL (0.1ms)[0m  [1mINSERT INTO "students" ("first", "last", "sid", "year") VALUES (?, ?, ?, ?)[0m  [["first", "Dan"], ["last", "Miller"], ["sid", "123456789"], ["year", 2015]]
  [1m[35m (4.6ms)[0m  commit transaction
  [1m[36m (0.2ms)[0m  [1mbegin transaction[0m
  [1m[35mSQL (0.1ms)[0m  INSERT INTO "students" ("first", "last", "sid", "year") VALUES (?, ?, ?, ?)  [["first", "Courtney"], ["last", "McGill"], ["sid", "789123654"], ["year", 2016]]
  [1m[36m (5.7ms)[0m  [1mcommit transaction[0m
  [1m[35m (0.1ms)[0m  begin transaction
  [1m[36mSQL (0.2ms)[0m  [1mINSERT INTO "students" ("first", "last", "sid", "year") VALUES (?, ?, ?, ?)[0m  [["first", "Tom"], ["last", "Wheeler"], ["sid", "192837465"], ["year", 2016]]
  [1m[35m (6.2ms)[0m  commit transaction
  [1m[36mSQL (5.3ms)[0m  [1mDELETE FROM "requirements"[0m
  [1m[35m (0.1ms)[0m  begin transaction
  [1m[36mSQL (0.3ms)[0m  [1mINSERT INTO "requirements" ("name", "course", "created_at", "updated_at") VALUES (?, ?, ?, ?)[0m  [["name", "Computer Science"], ["course", 10091], ["created_at", "2015-04-03 01:00:03.529009"], ["updated_at", "2015-04-03 01:00:03.529009"]]
  [1m[35m (6.5ms)[0m  commit transaction
  [1m[36m (0.1ms)[0m  [1mbegin transaction[0m
  [1m[35mSQL (0.2ms)[0m  INSERT INTO "requirements" ("name", "course", "created_at", "updated_at") VALUES (?, ?, ?, ?)  [["name", "Sociology"], ["course", 10387], ["created_at", "2015-04-03 01:00:03.538054"], ["updated_at", "2015-04-03 01:00:03.538054"]]
  [1m[36m (5.0ms)[0m  [1mcommit transaction[0m
  [1m[35m (0.1ms)[0m  begin transaction
  [1m[36mSQL (0.2ms)[0m  [1mINSERT INTO "requirements" ("name", "course", "created_at", "updated_at") VALUES (?, ?, ?, ?)[0m  [["name", "Geology"], ["course", 10120], ["created_at", "2015-04-03 01:00:03.545085"], ["updated_at", "2015-04-03 01:00:03.545085"]]
  [1m[35m (6.0ms)[0m  commit transaction
  [1m[36m (0.1ms)[0m  [1mbegin transaction[0m
  [1m[35mSQL (0.2ms)[0m  INSERT INTO "requirements" ("name", "course", "created_at", "updated_at") VALUES (?, ?, ?, ?)  [["name", "Women's Studies"], ["course", 10550], ["created_at", "2015-04-03 01:00:03.552891"], ["updated_at", "2015-04-03 01:00:03.552891"]]
  [1m[36m (5.5ms)[0m  [1mcommit transaction[0m
  [1m[35m (0.1ms)[0m  begin transaction
  [1m[36mSQL (0.1ms)[0m  [1mINSERT INTO "requirements" ("name", "course", "created_at", "updated_at") VALUES (?, ?, ?, ?)[0m  [["name", "Biology"], ["course", 10001], ["created_at", "2015-04-03 01:00:03.560296"], ["updated_at", "2015-04-03 01:00:03.560296"]]
  [1m[35m (5.2ms)[0m  commit transaction
  [1m[36m (0.1ms)[0m  [1mbegin transaction[0m
  [1m[35mSQL (0.2ms)[0m  INSERT INTO "requirements" ("name", "course", "created_at", "updated_at") VALUES (?, ?, ?, ?)  [["name", "Hisory"], ["course", 10287], ["created_at", "2015-04-03 01:00:03.567430"], ["updated_at", "2015-04-03 01:00:03.567430"]]
  [1m[36m (5.2ms)[0m  [1mcommit transaction[0m
  [1m[35mSQL (5.4ms)[0m  DELETE FROM "courses"
  [1m[36m (0.2ms)[0m  [1mbegin transaction[0m
  [1m[35mSQL (0.5ms)[0m  INSERT INTO "courses" ("crn", "course_name", "title", "instructor", "days", "starts", "ends", "building_room", "credits", "coreq", "crosslist", "restrictions", "prereq", "notes", "created_at", "updated_at") VALUES (?, ?, ?, ?, ?, ?, ?, ?, ?, ?, ?, ?, ?, ?, ?, ?)  [["crn", 10111], ["course_name", "COSC_480"], ["title", "Cloud Computing"], ["instructor", "Sommers"], ["days", "MWF"], ["starts", 120], ["ends", 235], ["building_room", "Lawrence 105"], ["credits", 1.0], ["coreq", "COSC_480_Lab"], ["crosslist", "none"], ["restrictions", "none"], ["prereq", "COSC_301"], ["notes", "kinda difficult"], ["created_at", "2015-04-03 01:00:03.616473"], ["updated_at", "2015-04-03 01:00:03.616473"]]
  [1m[36m (5.4ms)[0m  [1mcommit transaction[0m


Started GET "/students/new" for 127.0.0.1 at 2015-04-02 21:00:19 -0400
  [1m[36mActiveRecord::SchemaMigration Load (0.5ms)[0m  [1mSELECT "schema_migrations".* FROM "schema_migrations"[0m
Processing by StudentsController#new as HTML
  Rendered students/new.html.haml (96.4ms)
Completed 200 OK in 194ms (Views: 130.7ms | ActiveRecord: 0.8ms)


Started POST "/students" for 127.0.0.1 at 2015-04-02 21:00:47 -0400
Processing by StudentsController#create as HTML
  Parameters: {"utf8"=>"✓", "authenticity_token"=>"39Zl9G6KXk56lSUrvR0+jqZfEoakm7WlDAcsQ9RxXHr0dsKxCPNg6j6bUsjtdSi6F2obBcrE/H1J7b8Z9wm3eg==", "student"=>{"first"=>"John", "last"=>"Doe", "sid"=>"132465879", "year"=>"2017", "major"=>"Biology"}, "commit"=>"Create Student"}
Completed 400 Bad Request in 3ms

ActionController::ParameterMissing (param is missing or the value is empty: product):
  app/controllers/students_controller.rb:55:in `safe_params'
  app/controllers/students_controller.rb:22:in `create'


  Rendered /home/csvm/.rvm/gems/ruby-2.2.0/gems/web-console-2.0.0/lib/action_dispatch/templates/rescues/_source.erb (18.7ms)
  Rendered /home/csvm/.rvm/gems/ruby-2.2.0/gems/web-console-2.0.0/lib/action_dispatch/templates/rescues/_trace.html.erb (27.9ms)
  Rendered /home/csvm/.rvm/gems/ruby-2.2.0/gems/web-console-2.0.0/lib/action_dispatch/templates/rescues/_request_and_response.html.erb (1.8ms)
  Rendered /home/csvm/.rvm/gems/ruby-2.2.0/gems/web-console-2.0.0/lib/action_dispatch/templates/rescues/_web_console.html.erb (5.9ms)
  Rendered /home/csvm/.rvm/gems/ruby-2.2.0/gems/web-console-2.0.0/lib/action_dispatch/templates/rescues/diagnostics.html.erb within rescues/layout (131.7ms)


Started GET "/" for 127.0.0.1 at 2015-04-02 21:01:06 -0400
Processing by StudentsController#index as HTML
  [1m[35mStudent Load (7.4ms)[0m  SELECT "students".* FROM "students"  ORDER BY last
  Rendered students/index.html.haml (28.5ms)
Completed 200 OK in 54ms (Views: 46.0ms | ActiveRecord: 7.4ms)
=======
  Rendered /home/csvm/.rvm/gems/ruby-2.2.0/gems/web-console-2.0.0/lib/action_dispatch/templates/rescues/_source.erb (22.3ms)
  Rendered /home/csvm/.rvm/gems/ruby-2.2.0/gems/web-console-2.0.0/lib/action_dispatch/templates/rescues/_trace.html.erb (7.4ms)
  Rendered /home/csvm/.rvm/gems/ruby-2.2.0/gems/web-console-2.0.0/lib/action_dispatch/templates/rescues/_request_and_response.html.erb (28.7ms)
  Rendered /home/csvm/.rvm/gems/ruby-2.2.0/gems/web-console-2.0.0/lib/action_dispatch/templates/rescues/_web_console.html.erb (1.8ms)
  Rendered /home/csvm/.rvm/gems/ruby-2.2.0/gems/web-console-2.0.0/lib/action_dispatch/templates/rescues/template_error.html.erb within rescues/layout (102.9ms)


Started GET "/" for 127.0.0.1 at 2015-04-02 20:50:14 -0400
Processing by StudentsController#index as HTML
  Rendered students/index.html.haml (1.6ms)
Completed 500 Internal Server Error in 5ms
=======
Started GET "/" for 127.0.0.1 at 2015-04-02 20:33:34 -0400
  [1m[36mActiveRecord::SchemaMigration Load (0.1ms)[0m  [1mSELECT "schema_migrations".* FROM "schema_migrations"[0m
Processing by StudentsController#index as HTML
  [1m[35mStudent Load (1.0ms)[0m  SELECT "students".* FROM "students"  ORDER BY name
SQLite3::SQLException: no such column: name: SELECT "students".* FROM "students"  ORDER BY name
  Rendered students/index.html.haml (38.8ms)
Completed 500 Internal Server Error in 229ms

ActionView::Template::Error (SQLite3::SQLException: no such column: name: SELECT "students".* FROM "students"  ORDER BY name):
     8:       %th ID
     9:       %th= link_to "Major", students_path(sort: 'major')
    10: 
    11:     -@students.each do |s|
    12:       %tr
    13:         %td= s.first
    14:         %td= s.last
  app/views/students/index.html.haml:11:in `_app_views_students_index_html_haml__514673516_77395240'


  Rendered /home/csvm/.rvm/gems/ruby-2.2.0/gems/web-console-2.0.0/lib/action_dispatch/templates/rescues/_source.erb (9.4ms)
  Rendered /home/csvm/.rvm/gems/ruby-2.2.0/gems/web-console-2.0.0/lib/action_dispatch/templates/rescues/_trace.html.erb (5.3ms)
  Rendered /home/csvm/.rvm/gems/ruby-2.2.0/gems/web-console-2.0.0/lib/action_dispatch/templates/rescues/_request_and_response.html.erb (5.1ms)
  Rendered /home/csvm/.rvm/gems/ruby-2.2.0/gems/web-console-2.0.0/lib/action_dispatch/templates/rescues/_web_console.html.erb (1.0ms)
  Rendered /home/csvm/.rvm/gems/ruby-2.2.0/gems/web-console-2.0.0/lib/action_dispatch/templates/rescues/template_error.html.erb within rescues/layout (53.9ms)


Started GET "/" for 127.0.0.1 at 2015-04-02 20:33:36 -0400
Processing by StudentsController#index as HTML
  [1m[36mStudent Load (0.7ms)[0m  [1mSELECT "students".* FROM "students"  ORDER BY name[0m
SQLite3::SQLException: no such column: name: SELECT "students".* FROM "students"  ORDER BY name
  Rendered students/index.html.haml (4.7ms)
Completed 500 Internal Server Error in 10ms

ActionView::Template::Error (SQLite3::SQLException: no such column: name: SELECT "students".* FROM "students"  ORDER BY name):
     8:       %th ID
     9:       %th= link_to "Major", students_path(sort: 'major')
    10: 
    11:     -@students.each do |s|
    12:       %tr
    13:         %td= s.first
    14:         %td= s.last
  app/views/students/index.html.haml:11:in `_app_views_students_index_html_haml__514673516_77395240'


  Rendered /home/csvm/.rvm/gems/ruby-2.2.0/gems/web-console-2.0.0/lib/action_dispatch/templates/rescues/_source.erb (9.9ms)
  Rendered /home/csvm/.rvm/gems/ruby-2.2.0/gems/web-console-2.0.0/lib/action_dispatch/templates/rescues/_trace.html.erb (2.8ms)
  Rendered /home/csvm/.rvm/gems/ruby-2.2.0/gems/web-console-2.0.0/lib/action_dispatch/templates/rescues/_request_and_response.html.erb (0.7ms)
  Rendered /home/csvm/.rvm/gems/ruby-2.2.0/gems/web-console-2.0.0/lib/action_dispatch/templates/rescues/_web_console.html.erb (1.0ms)
  Rendered /home/csvm/.rvm/gems/ruby-2.2.0/gems/web-console-2.0.0/lib/action_dispatch/templates/rescues/template_error.html.erb within rescues/layout (51.4ms)


Started GET "/" for 127.0.0.1 at 2015-04-02 20:35:31 -0400
  [1m[35mActiveRecord::SchemaMigration Load (0.2ms)[0m  SELECT "schema_migrations".* FROM "schema_migrations"
Processing by StudentsController#index as HTML
  Rendered students/index.html.haml (5.8ms)
Completed 500 Internal Server Error in 36ms
>>>>>>> 7aea831b77f504a39f7ae4f699e09e74b77d663a

ActionView::Template::Error (Inconsistent indentation: 2 tabs used for indentation, but the rest of the document was indented using 2 spaces.):
     6:       %th= link_to "First", students_path(sort: 'first')
     7:       %th= link_to "Last", students_path(sort: 'last')
     8:       %th ID
     9: 		%th Class
    10:       %th= link_to "Major", students_path(sort: 'major')
    11: 
    12:     -@students.each do |s|
  app/views/students/index.html.haml:9


<<<<<<< HEAD
  Rendered /home/csvm/.rvm/gems/ruby-2.2.0/gems/web-console-2.0.0/lib/action_dispatch/templates/rescues/_source.erb (12.7ms)
  Rendered /home/csvm/.rvm/gems/ruby-2.2.0/gems/web-console-2.0.0/lib/action_dispatch/templates/rescues/_trace.html.erb (8.0ms)
  Rendered /home/csvm/.rvm/gems/ruby-2.2.0/gems/web-console-2.0.0/lib/action_dispatch/templates/rescues/_request_and_response.html.erb (1.1ms)
  Rendered /home/csvm/.rvm/gems/ruby-2.2.0/gems/web-console-2.0.0/lib/action_dispatch/templates/rescues/_web_console.html.erb (1.2ms)
  Rendered /home/csvm/.rvm/gems/ruby-2.2.0/gems/web-console-2.0.0/lib/action_dispatch/templates/rescues/template_error.html.erb within rescues/layout (52.9ms)


Started GET "/" for 127.0.0.1 at 2015-04-02 20:50:59 -0400
Processing by StudentsController#index as HTML
  Rendered students/index.html.haml (2.8ms)
Completed 500 Internal Server Error in 9ms
=======
  Rendered /home/csvm/.rvm/gems/ruby-2.2.0/gems/web-console-2.0.0/lib/action_dispatch/templates/rescues/_source.erb (7.8ms)
  Rendered /home/csvm/.rvm/gems/ruby-2.2.0/gems/web-console-2.0.0/lib/action_dispatch/templates/rescues/_trace.html.erb (2.8ms)
  Rendered /home/csvm/.rvm/gems/ruby-2.2.0/gems/web-console-2.0.0/lib/action_dispatch/templates/rescues/_request_and_response.html.erb (1.9ms)
  Rendered /home/csvm/.rvm/gems/ruby-2.2.0/gems/web-console-2.0.0/lib/action_dispatch/templates/rescues/_web_console.html.erb (0.8ms)
  Rendered /home/csvm/.rvm/gems/ruby-2.2.0/gems/web-console-2.0.0/lib/action_dispatch/templates/rescues/template_error.html.erb within rescues/layout (41.7ms)


Started GET "/" for 127.0.0.1 at 2015-04-02 20:35:31 -0400
Processing by StudentsController#index as HTML
  Rendered students/index.html.haml (2.7ms)
Completed 500 Internal Server Error in 6ms
>>>>>>> 7aea831b77f504a39f7ae4f699e09e74b77d663a

ActionView::Template::Error (Inconsistent indentation: 2 tabs used for indentation, but the rest of the document was indented using 2 spaces.):
     6:       %th= link_to "First", students_path(sort: 'first')
     7:       %th= link_to "Last", students_path(sort: 'last')
     8:       %th ID
     9: 		%th Class
    10:       %th= link_to "Major", students_path(sort: 'major')
    11: 
    12:     -@students.each do |s|
  app/views/students/index.html.haml:9


<<<<<<< HEAD
  Rendered /home/csvm/.rvm/gems/ruby-2.2.0/gems/web-console-2.0.0/lib/action_dispatch/templates/rescues/_source.erb (10.6ms)
  Rendered /home/csvm/.rvm/gems/ruby-2.2.0/gems/web-console-2.0.0/lib/action_dispatch/templates/rescues/_trace.html.erb (3.9ms)
  Rendered /home/csvm/.rvm/gems/ruby-2.2.0/gems/web-console-2.0.0/lib/action_dispatch/templates/rescues/_request_and_response.html.erb (1.2ms)
  Rendered /home/csvm/.rvm/gems/ruby-2.2.0/gems/web-console-2.0.0/lib/action_dispatch/templates/rescues/_web_console.html.erb (5.0ms)
  Rendered /home/csvm/.rvm/gems/ruby-2.2.0/gems/web-console-2.0.0/lib/action_dispatch/templates/rescues/template_error.html.erb within rescues/layout (48.2ms)


Started GET "/" for 127.0.0.1 at 2015-04-02 20:51:02 -0400
Processing by StudentsController#index as HTML
  Rendered students/index.html.haml (2.0ms)
Completed 500 Internal Server Error in 12ms
=======
  Rendered /home/csvm/.rvm/gems/ruby-2.2.0/gems/web-console-2.0.0/lib/action_dispatch/templates/rescues/_source.erb (15.2ms)
  Rendered /home/csvm/.rvm/gems/ruby-2.2.0/gems/web-console-2.0.0/lib/action_dispatch/templates/rescues/_trace.html.erb (4.0ms)
  Rendered /home/csvm/.rvm/gems/ruby-2.2.0/gems/web-console-2.0.0/lib/action_dispatch/templates/rescues/_request_and_response.html.erb (3.3ms)
  Rendered /home/csvm/.rvm/gems/ruby-2.2.0/gems/web-console-2.0.0/lib/action_dispatch/templates/rescues/_web_console.html.erb (1.2ms)
  Rendered /home/csvm/.rvm/gems/ruby-2.2.0/gems/web-console-2.0.0/lib/action_dispatch/templates/rescues/template_error.html.erb within rescues/layout (49.9ms)


Started GET "/" for 127.0.0.1 at 2015-04-02 20:36:49 -0400
DEPRECATION WARNING: Defining a route where `to` is a controller without an action is deprecated. Please change `to: :admin_main` to `controller: :admin_main`. (called from block in <top (required)> at /home/csvm/sched/course_scheduler/config/routes.rb:2)

ArgumentError (Missing :action key on routes definition, please check your routes.):
  config/routes.rb:2:in `block in <top (required)>'
  config/routes.rb:1:in `<top (required)>'


  Rendered /home/csvm/.rvm/gems/ruby-2.2.0/gems/web-console-2.0.0/lib/action_dispatch/templates/rescues/_source.erb (13.4ms)
  Rendered /home/csvm/.rvm/gems/ruby-2.2.0/gems/web-console-2.0.0/lib/action_dispatch/templates/rescues/_trace.html.erb (5.4ms)
  Rendered /home/csvm/.rvm/gems/ruby-2.2.0/gems/web-console-2.0.0/lib/action_dispatch/templates/rescues/_request_and_response.html.erb (0.6ms)
  Rendered /home/csvm/.rvm/gems/ruby-2.2.0/gems/web-console-2.0.0/lib/action_dispatch/templates/rescues/_web_console.html.erb (1.0ms)
  Rendered /home/csvm/.rvm/gems/ruby-2.2.0/gems/web-console-2.0.0/lib/action_dispatch/templates/rescues/diagnostics.html.erb within rescues/layout (65.4ms)


Started GET "/" for 127.0.0.1 at 2015-04-02 20:40:32 -0400

ActionController::RoutingError (uninitialized constant CenteralController):
  activesupport (4.2.0) lib/active_support/inflector/methods.rb:261:in `const_get'
  activesupport (4.2.0) lib/active_support/inflector/methods.rb:261:in `block in constantize'
  activesupport (4.2.0) lib/active_support/inflector/methods.rb:259:in `each'
  activesupport (4.2.0) lib/active_support/inflector/methods.rb:259:in `inject'
  activesupport (4.2.0) lib/active_support/inflector/methods.rb:259:in `constantize'
  actionpack (4.2.0) lib/action_dispatch/routing/route_set.rb:69:in `controller_reference'
  actionpack (4.2.0) lib/action_dispatch/routing/route_set.rb:59:in `controller'
  actionpack (4.2.0) lib/action_dispatch/routing/route_set.rb:38:in `serve'
  actionpack (4.2.0) lib/action_dispatch/journey/router.rb:43:in `block in serve'
  actionpack (4.2.0) lib/action_dispatch/journey/router.rb:30:in `each'
  actionpack (4.2.0) lib/action_dispatch/journey/router.rb:30:in `serve'
  actionpack (4.2.0) lib/action_dispatch/routing/route_set.rb:802:in `call'
  rack (1.6.0) lib/rack/etag.rb:24:in `call'
  rack (1.6.0) lib/rack/conditionalget.rb:25:in `call'
  rack (1.6.0) lib/rack/head.rb:13:in `call'
  actionpack (4.2.0) lib/action_dispatch/middleware/params_parser.rb:27:in `call'
  actionpack (4.2.0) lib/action_dispatch/middleware/flash.rb:260:in `call'
  rack (1.6.0) lib/rack/session/abstract/id.rb:225:in `context'
  rack (1.6.0) lib/rack/session/abstract/id.rb:220:in `call'
  actionpack (4.2.0) lib/action_dispatch/middleware/cookies.rb:560:in `call'
  activerecord (4.2.0) lib/active_record/query_cache.rb:36:in `call'
  activerecord (4.2.0) lib/active_record/connection_adapters/abstract/connection_pool.rb:647:in `call'
  activerecord (4.2.0) lib/active_record/migration.rb:378:in `call'
  actionpack (4.2.0) lib/action_dispatch/middleware/callbacks.rb:29:in `block in call'
  activesupport (4.2.0) lib/active_support/callbacks.rb:88:in `call'
  activesupport (4.2.0) lib/active_support/callbacks.rb:88:in `_run_callbacks'
  activesupport (4.2.0) lib/active_support/callbacks.rb:734:in `_run_call_callbacks'
  activesupport (4.2.0) lib/active_support/callbacks.rb:81:in `run_callbacks'
  actionpack (4.2.0) lib/action_dispatch/middleware/callbacks.rb:27:in `call'
  actionpack (4.2.0) lib/action_dispatch/middleware/reloader.rb:73:in `call'
  actionpack (4.2.0) lib/action_dispatch/middleware/remote_ip.rb:78:in `call'
  web-console (2.0.0) lib/action_dispatch/debug_exceptions.rb:18:in `middleware_call'
  web-console (2.0.0) lib/action_dispatch/debug_exceptions.rb:13:in `call'
  actionpack (4.2.0) lib/action_dispatch/middleware/show_exceptions.rb:30:in `call'
  railties (4.2.0) lib/rails/rack/logger.rb:38:in `call_app'
  railties (4.2.0) lib/rails/rack/logger.rb:20:in `block in call'
  activesupport (4.2.0) lib/active_support/tagged_logging.rb:68:in `block in tagged'
  activesupport (4.2.0) lib/active_support/tagged_logging.rb:26:in `tagged'
  activesupport (4.2.0) lib/active_support/tagged_logging.rb:68:in `tagged'
  railties (4.2.0) lib/rails/rack/logger.rb:20:in `call'
  actionpack (4.2.0) lib/action_dispatch/middleware/request_id.rb:21:in `call'
  rack (1.6.0) lib/rack/methodoverride.rb:22:in `call'
  rack (1.6.0) lib/rack/runtime.rb:18:in `call'
  activesupport (4.2.0) lib/active_support/cache/strategy/local_cache_middleware.rb:28:in `call'
  rack (1.6.0) lib/rack/lock.rb:17:in `call'
  actionpack (4.2.0) lib/action_dispatch/middleware/static.rb:113:in `call'
  rack (1.6.0) lib/rack/sendfile.rb:113:in `call'
  railties (4.2.0) lib/rails/engine.rb:518:in `call'
  railties (4.2.0) lib/rails/application.rb:164:in `call'
  rack (1.6.0) lib/rack/lock.rb:17:in `call'
  rack (1.6.0) lib/rack/content_length.rb:15:in `call'
  rack (1.6.0) lib/rack/handler/webrick.rb:89:in `service'
  /home/csvm/.rvm/rubies/ruby-2.2.0/lib/ruby/2.2.0/webrick/httpserver.rb:138:in `service'
  /home/csvm/.rvm/rubies/ruby-2.2.0/lib/ruby/2.2.0/webrick/httpserver.rb:94:in `run'
  /home/csvm/.rvm/rubies/ruby-2.2.0/lib/ruby/2.2.0/webrick/server.rb:294:in `block in start_thread'


  Rendered /home/csvm/.rvm/gems/ruby-2.2.0/gems/web-console-2.0.0/lib/action_dispatch/templates/rescues/_trace.html.erb (1.3ms)
  Rendered /home/csvm/.rvm/gems/ruby-2.2.0/gems/web-console-2.0.0/lib/action_dispatch/templates/routes/_route.html.erb (1.9ms)
  Rendered /home/csvm/.rvm/gems/ruby-2.2.0/gems/web-console-2.0.0/lib/action_dispatch/templates/routes/_table.html.erb (115.2ms)
  Rendered /home/csvm/.rvm/gems/ruby-2.2.0/gems/web-console-2.0.0/lib/action_dispatch/templates/rescues/_request_and_response.html.erb (1.6ms)
  Rendered /home/csvm/.rvm/gems/ruby-2.2.0/gems/web-console-2.0.0/lib/action_dispatch/templates/rescues/_web_console.html.erb (0.9ms)
  Rendered /home/csvm/.rvm/gems/ruby-2.2.0/gems/web-console-2.0.0/lib/action_dispatch/templates/rescues/routing_error.html.erb within rescues/layout (265.1ms)


Started GET "/" for 127.0.0.1 at 2015-04-02 20:40:33 -0400

ActionController::RoutingError (uninitialized constant CenteralController):
  activesupport (4.2.0) lib/active_support/inflector/methods.rb:261:in `const_get'
  activesupport (4.2.0) lib/active_support/inflector/methods.rb:261:in `block in constantize'
  activesupport (4.2.0) lib/active_support/inflector/methods.rb:259:in `each'
  activesupport (4.2.0) lib/active_support/inflector/methods.rb:259:in `inject'
  activesupport (4.2.0) lib/active_support/inflector/methods.rb:259:in `constantize'
  actionpack (4.2.0) lib/action_dispatch/routing/route_set.rb:69:in `controller_reference'
  actionpack (4.2.0) lib/action_dispatch/routing/route_set.rb:59:in `controller'
  actionpack (4.2.0) lib/action_dispatch/routing/route_set.rb:38:in `serve'
  actionpack (4.2.0) lib/action_dispatch/journey/router.rb:43:in `block in serve'
  actionpack (4.2.0) lib/action_dispatch/journey/router.rb:30:in `each'
  actionpack (4.2.0) lib/action_dispatch/journey/router.rb:30:in `serve'
  actionpack (4.2.0) lib/action_dispatch/routing/route_set.rb:802:in `call'
  rack (1.6.0) lib/rack/etag.rb:24:in `call'
  rack (1.6.0) lib/rack/conditionalget.rb:25:in `call'
  rack (1.6.0) lib/rack/head.rb:13:in `call'
  actionpack (4.2.0) lib/action_dispatch/middleware/params_parser.rb:27:in `call'
  actionpack (4.2.0) lib/action_dispatch/middleware/flash.rb:260:in `call'
  rack (1.6.0) lib/rack/session/abstract/id.rb:225:in `context'
  rack (1.6.0) lib/rack/session/abstract/id.rb:220:in `call'
  actionpack (4.2.0) lib/action_dispatch/middleware/cookies.rb:560:in `call'
  activerecord (4.2.0) lib/active_record/query_cache.rb:36:in `call'
  activerecord (4.2.0) lib/active_record/connection_adapters/abstract/connection_pool.rb:647:in `call'
  activerecord (4.2.0) lib/active_record/migration.rb:378:in `call'
  actionpack (4.2.0) lib/action_dispatch/middleware/callbacks.rb:29:in `block in call'
  activesupport (4.2.0) lib/active_support/callbacks.rb:88:in `call'
  activesupport (4.2.0) lib/active_support/callbacks.rb:88:in `_run_callbacks'
  activesupport (4.2.0) lib/active_support/callbacks.rb:734:in `_run_call_callbacks'
  activesupport (4.2.0) lib/active_support/callbacks.rb:81:in `run_callbacks'
  actionpack (4.2.0) lib/action_dispatch/middleware/callbacks.rb:27:in `call'
  actionpack (4.2.0) lib/action_dispatch/middleware/reloader.rb:73:in `call'
  actionpack (4.2.0) lib/action_dispatch/middleware/remote_ip.rb:78:in `call'
  web-console (2.0.0) lib/action_dispatch/debug_exceptions.rb:18:in `middleware_call'
  web-console (2.0.0) lib/action_dispatch/debug_exceptions.rb:13:in `call'
  actionpack (4.2.0) lib/action_dispatch/middleware/show_exceptions.rb:30:in `call'
  railties (4.2.0) lib/rails/rack/logger.rb:38:in `call_app'
  railties (4.2.0) lib/rails/rack/logger.rb:20:in `block in call'
  activesupport (4.2.0) lib/active_support/tagged_logging.rb:68:in `block in tagged'
  activesupport (4.2.0) lib/active_support/tagged_logging.rb:26:in `tagged'
  activesupport (4.2.0) lib/active_support/tagged_logging.rb:68:in `tagged'
  railties (4.2.0) lib/rails/rack/logger.rb:20:in `call'
  actionpack (4.2.0) lib/action_dispatch/middleware/request_id.rb:21:in `call'
  rack (1.6.0) lib/rack/methodoverride.rb:22:in `call'
  rack (1.6.0) lib/rack/runtime.rb:18:in `call'
  activesupport (4.2.0) lib/active_support/cache/strategy/local_cache_middleware.rb:28:in `call'
  rack (1.6.0) lib/rack/lock.rb:17:in `call'
  actionpack (4.2.0) lib/action_dispatch/middleware/static.rb:113:in `call'
  rack (1.6.0) lib/rack/sendfile.rb:113:in `call'
  railties (4.2.0) lib/rails/engine.rb:518:in `call'
  railties (4.2.0) lib/rails/application.rb:164:in `call'
  rack (1.6.0) lib/rack/lock.rb:17:in `call'
  rack (1.6.0) lib/rack/content_length.rb:15:in `call'
  rack (1.6.0) lib/rack/handler/webrick.rb:89:in `service'
  /home/csvm/.rvm/rubies/ruby-2.2.0/lib/ruby/2.2.0/webrick/httpserver.rb:138:in `service'
  /home/csvm/.rvm/rubies/ruby-2.2.0/lib/ruby/2.2.0/webrick/httpserver.rb:94:in `run'
  /home/csvm/.rvm/rubies/ruby-2.2.0/lib/ruby/2.2.0/webrick/server.rb:294:in `block in start_thread'


  Rendered /home/csvm/.rvm/gems/ruby-2.2.0/gems/web-console-2.0.0/lib/action_dispatch/templates/rescues/_trace.html.erb (1.9ms)
  Rendered /home/csvm/.rvm/gems/ruby-2.2.0/gems/web-console-2.0.0/lib/action_dispatch/templates/routes/_route.html.erb (1.6ms)
  Rendered /home/csvm/.rvm/gems/ruby-2.2.0/gems/web-console-2.0.0/lib/action_dispatch/templates/routes/_table.html.erb (2.7ms)
  Rendered /home/csvm/.rvm/gems/ruby-2.2.0/gems/web-console-2.0.0/lib/action_dispatch/templates/rescues/_request_and_response.html.erb (1.6ms)
  Rendered /home/csvm/.rvm/gems/ruby-2.2.0/gems/web-console-2.0.0/lib/action_dispatch/templates/rescues/_web_console.html.erb (3.0ms)
  Rendered /home/csvm/.rvm/gems/ruby-2.2.0/gems/web-console-2.0.0/lib/action_dispatch/templates/rescues/routing_error.html.erb within rescues/layout (54.8ms)


Started GET "/" for 127.0.0.1 at 2015-04-02 20:45:32 -0400
Processing by CenteralController#index as HTML
  Rendered centeral/index.html.haml (10.4ms)
Completed 200 OK in 28ms (Views: 28.1ms | ActiveRecord: 0.0ms)


Started GET "/students" for 127.0.0.1 at 2015-04-02 20:45:36 -0400
Processing by StudentsController#index as HTML
  Rendered students/index.html.haml (2.6ms)
Completed 500 Internal Server Error in 16ms
>>>>>>> 7aea831b77f504a39f7ae4f699e09e74b77d663a

ActionView::Template::Error (Inconsistent indentation: 2 tabs used for indentation, but the rest of the document was indented using 2 spaces.):
     6:       %th= link_to "First", students_path(sort: 'first')
     7:       %th= link_to "Last", students_path(sort: 'last')
     8:       %th ID
     9: 		%th Class
    10:       %th= link_to "Major", students_path(sort: 'major')
    11: 
    12:     -@students.each do |s|
  app/views/students/index.html.haml:9


<<<<<<< HEAD
  Rendered /home/csvm/.rvm/gems/ruby-2.2.0/gems/web-console-2.0.0/lib/action_dispatch/templates/rescues/_source.erb (12.3ms)
  Rendered /home/csvm/.rvm/gems/ruby-2.2.0/gems/web-console-2.0.0/lib/action_dispatch/templates/rescues/_trace.html.erb (7.9ms)
  Rendered /home/csvm/.rvm/gems/ruby-2.2.0/gems/web-console-2.0.0/lib/action_dispatch/templates/rescues/_request_and_response.html.erb (1.2ms)
  Rendered /home/csvm/.rvm/gems/ruby-2.2.0/gems/web-console-2.0.0/lib/action_dispatch/templates/rescues/_web_console.html.erb (1.6ms)
  Rendered /home/csvm/.rvm/gems/ruby-2.2.0/gems/web-console-2.0.0/lib/action_dispatch/templates/rescues/template_error.html.erb within rescues/layout (50.5ms)


Started GET "/" for 127.0.0.1 at 2015-04-02 21:01:11 -0400
Processing by StudentsController#index as HTML
  Rendered students/index.html.haml (3.0ms)
Completed 500 Internal Server Error in 66ms
=======
  Rendered /home/csvm/.rvm/gems/ruby-2.2.0/gems/web-console-2.0.0/lib/action_dispatch/templates/rescues/_source.erb (11.3ms)
  Rendered /home/csvm/.rvm/gems/ruby-2.2.0/gems/web-console-2.0.0/lib/action_dispatch/templates/rescues/_trace.html.erb (2.7ms)
  Rendered /home/csvm/.rvm/gems/ruby-2.2.0/gems/web-console-2.0.0/lib/action_dispatch/templates/rescues/_request_and_response.html.erb (1.0ms)
  Rendered /home/csvm/.rvm/gems/ruby-2.2.0/gems/web-console-2.0.0/lib/action_dispatch/templates/rescues/_web_console.html.erb (0.9ms)
  Rendered /home/csvm/.rvm/gems/ruby-2.2.0/gems/web-console-2.0.0/lib/action_dispatch/templates/rescues/template_error.html.erb within rescues/layout (41.2ms)


Started GET "/requirements" for 127.0.0.1 at 2015-04-02 20:45:40 -0400
Processing by RequirementsController#index as HTML
  [1m[36mRequirement Load (0.2ms)[0m  [1mSELECT "requirements".* FROM "requirements"  ORDER BY name[0m
  Rendered requirements/index.html.haml (14.3ms)
Completed 200 OK in 22ms (Views: 20.1ms | ActiveRecord: 0.6ms)


Started GET "/courses" for 127.0.0.1 at 2015-04-02 20:45:42 -0400
Processing by CoursesController#index as HTML
  Rendered courses/index.html.haml (1.6ms)
Completed 500 Internal Server Error in 15ms

ActionView::Template::Error (Illegal nesting: nesting within plain text is illegal.):
    20:     -@courses.each do |c|
    21:       %tr
    22: <<<<<<< HEAD
    23:         %td= p.crn
    24: 	%td= link_to "#{p.course_name}", course_path(p)
    25: 	%td= p.title
    26: 	%td= p.instructor
  app/views/courses/index.html.haml:23


  Rendered /home/csvm/.rvm/gems/ruby-2.2.0/gems/web-console-2.0.0/lib/action_dispatch/templates/rescues/_source.erb (12.2ms)
  Rendered /home/csvm/.rvm/gems/ruby-2.2.0/gems/web-console-2.0.0/lib/action_dispatch/templates/rescues/_trace.html.erb (4.2ms)
  Rendered /home/csvm/.rvm/gems/ruby-2.2.0/gems/web-console-2.0.0/lib/action_dispatch/templates/rescues/_request_and_response.html.erb (1.1ms)
  Rendered /home/csvm/.rvm/gems/ruby-2.2.0/gems/web-console-2.0.0/lib/action_dispatch/templates/rescues/_web_console.html.erb (3.5ms)
  Rendered /home/csvm/.rvm/gems/ruby-2.2.0/gems/web-console-2.0.0/lib/action_dispatch/templates/rescues/template_error.html.erb within rescues/layout (42.5ms)


Started GET "/requirements" for 127.0.0.1 at 2015-04-02 20:45:52 -0400
Processing by RequirementsController#index as HTML
  [1m[35mRequirement Load (0.2ms)[0m  SELECT "requirements".* FROM "requirements"  ORDER BY name
  Rendered requirements/index.html.haml (2.6ms)
Completed 200 OK in 13ms (Views: 12.1ms | ActiveRecord: 0.2ms)


Started GET "/students" for 127.0.0.1 at 2015-04-02 20:45:56 -0400
Processing by StudentsController#index as HTML
  Rendered students/index.html.haml (1.7ms)
Completed 500 Internal Server Error in 17ms
>>>>>>> 7aea831b77f504a39f7ae4f699e09e74b77d663a

ActionView::Template::Error (Inconsistent indentation: 2 tabs used for indentation, but the rest of the document was indented using 2 spaces.):
     6:       %th= link_to "First", students_path(sort: 'first')
     7:       %th= link_to "Last", students_path(sort: 'last')
     8:       %th ID
     9: 		%th Class
    10:       %th= link_to "Major", students_path(sort: 'major')
    11: 
    12:     -@students.each do |s|
  app/views/students/index.html.haml:9


<<<<<<< HEAD
  Rendered /home/csvm/.rvm/gems/ruby-2.2.0/gems/web-console-2.0.0/lib/action_dispatch/templates/rescues/_source.erb (13.1ms)
  Rendered /home/csvm/.rvm/gems/ruby-2.2.0/gems/web-console-2.0.0/lib/action_dispatch/templates/rescues/_trace.html.erb (6.8ms)
  Rendered /home/csvm/.rvm/gems/ruby-2.2.0/gems/web-console-2.0.0/lib/action_dispatch/templates/rescues/_request_and_response.html.erb (1.1ms)
  Rendered /home/csvm/.rvm/gems/ruby-2.2.0/gems/web-console-2.0.0/lib/action_dispatch/templates/rescues/_web_console.html.erb (1.3ms)
  Rendered /home/csvm/.rvm/gems/ruby-2.2.0/gems/web-console-2.0.0/lib/action_dispatch/templates/rescues/template_error.html.erb within rescues/layout (56.3ms)
=======
  Rendered /home/csvm/.rvm/gems/ruby-2.2.0/gems/web-console-2.0.0/lib/action_dispatch/templates/rescues/_source.erb (11.7ms)
  Rendered /home/csvm/.rvm/gems/ruby-2.2.0/gems/web-console-2.0.0/lib/action_dispatch/templates/rescues/_trace.html.erb (4.4ms)
  Rendered /home/csvm/.rvm/gems/ruby-2.2.0/gems/web-console-2.0.0/lib/action_dispatch/templates/rescues/_request_and_response.html.erb (2.4ms)
  Rendered /home/csvm/.rvm/gems/ruby-2.2.0/gems/web-console-2.0.0/lib/action_dispatch/templates/rescues/_web_console.html.erb (1.1ms)
  Rendered /home/csvm/.rvm/gems/ruby-2.2.0/gems/web-console-2.0.0/lib/action_dispatch/templates/rescues/template_error.html.erb within rescues/layout (45.5ms)
>>>>>>> 7aea831b77f504a39f7ae4f699e09e74b77d663a
>>>>>>> 6fedc6d408e215aaba455879027da884eaacb865
<<<<<<< HEAD
  [1m[36m (5.1ms)[0m  [1mCREATE TABLE "schema_migrations" ("version" varchar NOT NULL) [0m
  [1m[35m (0.1ms)[0m  select sqlite_version(*)
  [1m[36m (3.4ms)[0m  [1mCREATE UNIQUE INDEX "unique_schema_migrations" ON "schema_migrations" ("version")[0m
  [1m[35mActiveRecord::SchemaMigration Load (0.1ms)[0m  SELECT "schema_migrations".* FROM "schema_migrations"
Migrating to CreateCourses (20150401204517)
  [1m[36m (0.1ms)[0m  [1mbegin transaction[0m
  [1m[35m (0.4ms)[0m  CREATE TABLE "courses" ("id" INTEGER PRIMARY KEY AUTOINCREMENT NOT NULL, "crn" integer, "course_name" varchar, "title" text, "instructor" varchar, "days" varchar, "starts" integer, "ends" integer, "building_room" varchar, "credits" decimal(2,2), "coreq" varchar, "crosslist" varchar, "restrictions" text, "prereq" varchar, "notes" text, "created_at" datetime NOT NULL, "updated_at" datetime NOT NULL) 
  [1m[36mSQL (0.2ms)[0m  [1mINSERT INTO "schema_migrations" ("version") VALUES (?)[0m  [["version", "20150401204517"]]
  [1m[35m (4.7ms)[0m  commit transaction
Migrating to CreateRequirements (20150402172713)
  [1m[36m (0.1ms)[0m  [1mbegin transaction[0m
  [1m[35m (0.3ms)[0m  CREATE TABLE "requirements" ("id" INTEGER PRIMARY KEY AUTOINCREMENT NOT NULL, "name" varchar, "course" integer, "created_at" datetime NOT NULL, "updated_at" datetime NOT NULL) 
  [1m[36mSQL (0.1ms)[0m  [1mINSERT INTO "schema_migrations" ("version") VALUES (?)[0m  [["version", "20150402172713"]]
  [1m[35m (3.3ms)[0m  commit transaction
Migrating to CreateStudents (20150403000659)
  [1m[36m (0.1ms)[0m  [1mbegin transaction[0m
  [1m[35m (0.3ms)[0m  CREATE TABLE "students" ("id" INTEGER PRIMARY KEY AUTOINCREMENT NOT NULL, "first" varchar, "last" varchar, "sid" varchar, "year" integer, "major" varchar, "courses_taken" integer, "courses_progress" integer) 
  [1m[36mSQL (0.1ms)[0m  [1mINSERT INTO "schema_migrations" ("version") VALUES (?)[0m  [["version", "20150403000659"]]
  [1m[35m (3.4ms)[0m  commit transaction
  [1m[36mActiveRecord::SchemaMigration Load (0.1ms)[0m  [1mSELECT "schema_migrations".* FROM "schema_migrations"[0m
  [1m[36m (21.4ms)[0m  [1mCREATE TABLE "courses" ("id" INTEGER PRIMARY KEY AUTOINCREMENT NOT NULL, "crn" integer, "course_name" varchar, "title" text, "instructor" varchar, "days" varchar, "starts" integer, "ends" integer, "building_room" varchar, "credits" decimal(2,2), "coreq" varchar, "crosslist" varchar, "restrictions" text, "prereq" varchar, "notes" text, "created_at" datetime NOT NULL, "updated_at" datetime NOT NULL) [0m
  [1m[35m (18.3ms)[0m  CREATE TABLE "requirements" ("id" INTEGER PRIMARY KEY AUTOINCREMENT NOT NULL, "name" varchar, "course" integer, "created_at" datetime NOT NULL, "updated_at" datetime NOT NULL) 
  [1m[36m (21.6ms)[0m  [1mCREATE TABLE "students" ("id" INTEGER PRIMARY KEY AUTOINCREMENT NOT NULL, "first" varchar, "last" varchar, "sid" varchar, "year" integer, "major" varchar, "courses_taken" integer, "courses_progress" integer) [0m
  [1m[35m (9.7ms)[0m  CREATE TABLE "schema_migrations" ("version" varchar NOT NULL) 
  [1m[36m (0.2ms)[0m  [1mselect sqlite_version(*)[0m
  [1m[35m (16.7ms)[0m  CREATE UNIQUE INDEX "unique_schema_migrations" ON "schema_migrations" ("version")
  [1m[36m (0.1ms)[0m  [1mSELECT version FROM "schema_migrations"[0m
  [1m[35m (14.5ms)[0m  INSERT INTO "schema_migrations" (version) VALUES ('20150403000659')
  [1m[36m (20.7ms)[0m  [1mINSERT INTO "schema_migrations" (version) VALUES ('20150401204517')[0m
  [1m[35m (18.6ms)[0m  INSERT INTO "schema_migrations" (version) VALUES ('20150402172713')
  [1m[36mActiveRecord::SchemaMigration Load (0.2ms)[0m  [1mSELECT "schema_migrations".* FROM "schema_migrations"[0m
  [1m[35mSQL (3.3ms)[0m  DELETE FROM "students"
  [1m[36m (0.1ms)[0m  [1mbegin transaction[0m
  [1m[35mSQL (0.2ms)[0m  INSERT INTO "students" ("first", "last", "sid", "year") VALUES (?, ?, ?, ?)  [["first", "Peter"], ["last", "McGrath"], ["sid", "000878761"], ["year", 2015]]
  [1m[36m (3.4ms)[0m  [1mcommit transaction[0m
  [1m[35m (0.1ms)[0m  begin transaction
  [1m[36mSQL (0.1ms)[0m  [1mINSERT INTO "students" ("first", "last", "sid", "year") VALUES (?, ?, ?, ?)[0m  [["first", "Dan"], ["last", "Miller"], ["sid", "123456789"], ["year", 2015]]
  [1m[35m (3.8ms)[0m  commit transaction
  [1m[36m (0.1ms)[0m  [1mbegin transaction[0m
  [1m[35mSQL (0.1ms)[0m  INSERT INTO "students" ("first", "last", "sid", "year") VALUES (?, ?, ?, ?)  [["first", "Courtney"], ["last", "McGill"], ["sid", "789123654"], ["year", 2016]]
  [1m[36m (2.8ms)[0m  [1mcommit transaction[0m
  [1m[35m (0.1ms)[0m  begin transaction
  [1m[36mSQL (0.1ms)[0m  [1mINSERT INTO "students" ("first", "last", "sid", "year") VALUES (?, ?, ?, ?)[0m  [["first", "Tom"], ["last", "Wheeler"], ["sid", "192837465"], ["year", 2016]]
  [1m[35m (2.8ms)[0m  commit transaction
  [1m[36mSQL (3.1ms)[0m  [1mDELETE FROM "requirements"[0m
  [1m[35m (0.1ms)[0m  begin transaction
  [1m[36mSQL (0.2ms)[0m  [1mINSERT INTO "requirements" ("name", "course", "created_at", "updated_at") VALUES (?, ?, ?, ?)[0m  [["name", "Computer Science"], ["course", 10091], ["created_at", "2015-04-03 01:19:03.457574"], ["updated_at", "2015-04-03 01:19:03.457574"]]
  [1m[35m (3.5ms)[0m  commit transaction
  [1m[36m (0.1ms)[0m  [1mbegin transaction[0m
  [1m[35mSQL (0.2ms)[0m  INSERT INTO "requirements" ("name", "course", "created_at", "updated_at") VALUES (?, ?, ?, ?)  [["name", "Sociology"], ["course", 10387], ["created_at", "2015-04-03 01:19:03.462636"], ["updated_at", "2015-04-03 01:19:03.462636"]]
  [1m[36m (3.3ms)[0m  [1mcommit transaction[0m
  [1m[35m (0.1ms)[0m  begin transaction
  [1m[36mSQL (0.1ms)[0m  [1mINSERT INTO "requirements" ("name", "course", "created_at", "updated_at") VALUES (?, ?, ?, ?)[0m  [["name", "Geology"], ["course", 10120], ["created_at", "2015-04-03 01:19:03.467621"], ["updated_at", "2015-04-03 01:19:03.467621"]]
  [1m[35m (3.1ms)[0m  commit transaction
  [1m[36m (0.1ms)[0m  [1mbegin transaction[0m
  [1m[35mSQL (0.1ms)[0m  INSERT INTO "requirements" ("name", "course", "created_at", "updated_at") VALUES (?, ?, ?, ?)  [["name", "Women's Studies"], ["course", 10550], ["created_at", "2015-04-03 01:19:03.472089"], ["updated_at", "2015-04-03 01:19:03.472089"]]
  [1m[36m (3.0ms)[0m  [1mcommit transaction[0m
  [1m[35m (0.1ms)[0m  begin transaction
  [1m[36mSQL (0.2ms)[0m  [1mINSERT INTO "requirements" ("name", "course", "created_at", "updated_at") VALUES (?, ?, ?, ?)[0m  [["name", "Biology"], ["course", 10001], ["created_at", "2015-04-03 01:19:03.476580"], ["updated_at", "2015-04-03 01:19:03.476580"]]
  [1m[35m (2.7ms)[0m  commit transaction
  [1m[36m (0.1ms)[0m  [1mbegin transaction[0m
  [1m[35mSQL (0.1ms)[0m  INSERT INTO "requirements" ("name", "course", "created_at", "updated_at") VALUES (?, ?, ?, ?)  [["name", "Hisory"], ["course", 10287], ["created_at", "2015-04-03 01:19:03.480774"], ["updated_at", "2015-04-03 01:19:03.480774"]]
  [1m[36m (3.6ms)[0m  [1mcommit transaction[0m
  [1m[35mSQL (3.3ms)[0m  DELETE FROM "courses"
  [1m[36m (0.1ms)[0m  [1mbegin transaction[0m
  [1m[35mSQL (0.2ms)[0m  INSERT INTO "courses" ("crn", "course_name", "title", "instructor", "days", "starts", "ends", "building_room", "credits", "coreq", "crosslist", "restrictions", "prereq", "notes", "created_at", "updated_at") VALUES (?, ?, ?, ?, ?, ?, ?, ?, ?, ?, ?, ?, ?, ?, ?, ?)  [["crn", 10111], ["course_name", "COSC_480"], ["title", "Cloud Computing"], ["instructor", "Sommers"], ["days", "MWF"], ["starts", 120], ["ends", 235], ["building_room", "Lawrence 105"], ["credits", 1.0], ["coreq", "COSC_480_Lab"], ["crosslist", "none"], ["restrictions", "none"], ["prereq", "COSC_301"], ["notes", "kinda difficult"], ["created_at", "2015-04-03 01:19:03.502835"], ["updated_at", "2015-04-03 01:19:03.502835"]]
  [1m[36m (3.6ms)[0m  [1mcommit transaction[0m
=======


<<<<<<< HEAD
Started GET "/" for 127.0.0.1 at 2015-04-02 20:55:45 -0400
  [1m[36mActiveRecord::SchemaMigration Load (0.2ms)[0m  [1mSELECT "schema_migrations".* FROM "schema_migrations"[0m
Processing by CenteralController#index as HTML
  Rendered centeral/index.html.haml (7.8ms)
Completed 200 OK in 46ms (Views: 45.9ms | ActiveRecord: 0.0ms)


Started GET "/" for 127.0.0.1 at 2015-04-02 20:55:46 -0400
Processing by CenteralController#index as HTML
  Rendered centeral/index.html.haml (0.4ms)
Completed 200 OK in 31ms (Views: 30.1ms | ActiveRecord: 0.0ms)


Started GET "/students" for 127.0.0.1 at 2015-04-02 20:55:48 -0400
Processing by StudentsController#index as HTML
  [1m[35mStudent Load (0.2ms)[0m  SELECT "students".* FROM "students"  ORDER BY last
  Rendered students/index.html.haml (13.1ms)
Completed 200 OK in 26ms (Views: 23.4ms | ActiveRecord: 0.6ms)


Started GET "/requirements" for 127.0.0.1 at 2015-04-02 20:55:53 -0400
Processing by RequirementsController#index as HTML
  [1m[36mRequirement Load (0.3ms)[0m  [1mSELECT "requirements".* FROM "requirements"  ORDER BY name[0m
  Rendered requirements/index.html.haml (14.8ms)
Completed 200 OK in 21ms (Views: 18.9ms | ActiveRecord: 0.7ms)


Started GET "/courses" for 127.0.0.1 at 2015-04-02 20:55:55 -0400
Processing by CoursesController#index as HTML
  Rendered courses/index.html.haml (4.0ms)
Completed 500 Internal Server Error in 12ms

ActionView::Template::Error (Illegal nesting: nesting within plain text is illegal.):
    20:     -@courses.each do |c|
    21:       %tr
    22: <<<<<<< HEAD
    23:         %td= p.crn
    24: 	%td= link_to "#{p.course_name}", course_path(p)
    25: 	%td= p.title
    26: 	%td= p.instructor
  app/views/courses/index.html.haml:23


  Rendered /home/csvm/.rvm/gems/ruby-2.2.0/gems/web-console-2.0.0/lib/action_dispatch/templates/rescues/_source.erb (10.9ms)
  Rendered /home/csvm/.rvm/gems/ruby-2.2.0/gems/web-console-2.0.0/lib/action_dispatch/templates/rescues/_trace.html.erb (9.2ms)
  Rendered /home/csvm/.rvm/gems/ruby-2.2.0/gems/web-console-2.0.0/lib/action_dispatch/templates/rescues/_request_and_response.html.erb (16.7ms)
  Rendered /home/csvm/.rvm/gems/ruby-2.2.0/gems/web-console-2.0.0/lib/action_dispatch/templates/rescues/_web_console.html.erb (2.7ms)
  Rendered /home/csvm/.rvm/gems/ruby-2.2.0/gems/web-console-2.0.0/lib/action_dispatch/templates/rescues/template_error.html.erb within rescues/layout (74.2ms)


Started GET "/students" for 127.0.0.1 at 2015-04-02 20:55:57 -0400
Processing by StudentsController#index as HTML
  [1m[35mStudent Load (0.2ms)[0m  SELECT "students".* FROM "students"  ORDER BY last
  Rendered students/index.html.haml (5.9ms)
Completed 200 OK in 9ms (Views: 8.3ms | ActiveRecord: 0.2ms)


Started GET "/students/new" for 127.0.0.1 at 2015-04-02 20:55:58 -0400
Processing by StudentsController#new as HTML
  Rendered students/new.html.haml (116.3ms)
Completed 200 OK in 120ms (Views: 119.3ms | ActiveRecord: 0.0ms)


Started GET "/students?sort=first" for 127.0.0.1 at 2015-04-02 20:56:04 -0400
Processing by StudentsController#index as HTML
  Parameters: {"sort"=>"first"}
  [1m[36mStudent Load (0.2ms)[0m  [1mSELECT "students".* FROM "students"  ORDER BY last[0m
  Rendered students/index.html.haml (4.6ms)
Completed 200 OK in 12ms (Views: 11.2ms | ActiveRecord: 0.2ms)


Started GET "/students?sort=last" for 127.0.0.1 at 2015-04-02 20:56:05 -0400
Processing by StudentsController#index as HTML
  Parameters: {"sort"=>"last"}
  [1m[35mStudent Load (0.2ms)[0m  SELECT "students".* FROM "students"  ORDER BY last
  Rendered students/index.html.haml (5.9ms)
Completed 200 OK in 11ms (Views: 10.9ms | ActiveRecord: 0.2ms)


Started GET "/students?sort=last" for 127.0.0.1 at 2015-04-02 20:56:07 -0400
Processing by StudentsController#index as HTML
  Parameters: {"sort"=>"last"}
  [1m[36mStudent Load (0.2ms)[0m  [1mSELECT "students".* FROM "students"  ORDER BY last[0m
  Rendered students/index.html.haml (4.5ms)
Completed 200 OK in 9ms (Views: 8.1ms | ActiveRecord: 0.2ms)


Started GET "/students?sort=first" for 127.0.0.1 at 2015-04-02 20:56:09 -0400
Processing by StudentsController#index as HTML
  Parameters: {"sort"=>"first"}
  [1m[35mStudent Load (0.3ms)[0m  SELECT "students".* FROM "students"  ORDER BY last
  Rendered students/index.html.haml (4.7ms)
Completed 200 OK in 13ms (Views: 12.2ms | ActiveRecord: 0.3ms)


Started GET "/students?sort=major" for 127.0.0.1 at 2015-04-02 20:56:10 -0400
Processing by StudentsController#index as HTML
  Parameters: {"sort"=>"major"}
  [1m[36mStudent Load (0.2ms)[0m  [1mSELECT "students".* FROM "students"  ORDER BY last[0m
  Rendered students/index.html.haml (2.1ms)
Completed 200 OK in 9ms (Views: 8.0ms | ActiveRecord: 0.2ms)


Started GET "/students?sort=first" for 127.0.0.1 at 2015-04-02 20:56:11 -0400
Processing by StudentsController#index as HTML
  Parameters: {"sort"=>"first"}
  [1m[35mStudent Load (0.2ms)[0m  SELECT "students".* FROM "students"  ORDER BY last
  Rendered students/index.html.haml (8.0ms)
Completed 200 OK in 13ms (Views: 12.8ms | ActiveRecord: 0.2ms)


Started GET "/students?sort=first" for 127.0.0.1 at 2015-04-02 20:56:12 -0400
Processing by StudentsController#index as HTML
  Parameters: {"sort"=>"first"}
  [1m[36mStudent Load (0.2ms)[0m  [1mSELECT "students".* FROM "students"  ORDER BY last[0m
  Rendered students/index.html.haml (5.4ms)
Completed 200 OK in 12ms (Views: 11.6ms | ActiveRecord: 0.2ms)


Started GET "/students?sort=last" for 127.0.0.1 at 2015-04-02 20:56:13 -0400
Processing by StudentsController#index as HTML
  Parameters: {"sort"=>"last"}
  [1m[35mStudent Load (0.2ms)[0m  SELECT "students".* FROM "students"  ORDER BY last
  Rendered students/index.html.haml (2.7ms)
Completed 200 OK in 7ms (Views: 6.1ms | ActiveRecord: 0.2ms)


Started GET "/requirements" for 127.0.0.1 at 2015-04-02 20:56:19 -0400
Processing by RequirementsController#index as HTML
  [1m[36mRequirement Load (0.2ms)[0m  [1mSELECT "requirements".* FROM "requirements"  ORDER BY name[0m
  Rendered requirements/index.html.haml (2.0ms)
Completed 200 OK in 11ms (Views: 9.7ms | ActiveRecord: 0.2ms)


Started GET "/requirements/1" for 127.0.0.1 at 2015-04-02 20:56:21 -0400
Processing by RequirementsController#show as HTML
  Parameters: {"id"=>"1"}
  [1m[35mRequirement Load (0.2ms)[0m  SELECT  "requirements".* FROM "requirements" WHERE "requirements"."id" = ? LIMIT 1  [["id", 1]]
  Rendered requirements/show.html.haml (7.7ms)
Completed 200 OK in 23ms (Views: 11.3ms | ActiveRecord: 0.2ms)


Started GET "/" for 127.0.0.1 at 2015-04-02 21:05:41 -0400
Processing by CenteralController#index as HTML
  Rendered centeral/index.html.haml (0.3ms)
Completed 200 OK in 23ms (Views: 22.7ms | ActiveRecord: 0.0ms)


Started GET "/courses" for 127.0.0.1 at 2015-04-02 21:05:44 -0400
Processing by CoursesController#index as HTML
  [1m[36mCourse Load (0.3ms)[0m  [1mSELECT "courses".* FROM "courses"  ORDER BY crn[0m
  Rendered courses/index.html.haml (20.8ms)
Completed 200 OK in 37ms (Views: 29.9ms | ActiveRecord: 0.8ms)


Started GET "/courses/4" for 127.0.0.1 at 2015-04-02 21:05:49 -0400
Processing by CoursesController#show as HTML
  Parameters: {"id"=>"4"}
  [1m[35mCourse Load (0.2ms)[0m  SELECT  "courses".* FROM "courses" WHERE "courses"."id" = ? LIMIT 1  [["id", 4]]
  Rendered courses/show.html.haml (9.5ms)
Completed 500 Internal Server Error in 24ms

ActionView::Template::Error (undefined method `description' for #<Course:0xaf1020c>):
    12:       %td= @course.course_name
    13:       %td= @course.title
    14:       %td= @course.instructor
    15:       %td= @course.description
    16:   %tr
    17:   %td= link_to "Back to course catalog", courses_path
    18:   %td= link_to "Edit the existing product", edit_product_path
  app/views/courses/show.html.haml:15:in `_app_views_courses_show_html_haml___759451785_91772480'


  Rendered /home/csvm/.rvm/gems/ruby-2.2.0/gems/web-console-2.0.0/lib/action_dispatch/templates/rescues/_source.erb (10.9ms)
  Rendered /home/csvm/.rvm/gems/ruby-2.2.0/gems/web-console-2.0.0/lib/action_dispatch/templates/rescues/_trace.html.erb (2.8ms)
  Rendered /home/csvm/.rvm/gems/ruby-2.2.0/gems/web-console-2.0.0/lib/action_dispatch/templates/rescues/_request_and_response.html.erb (2.5ms)
  Rendered /home/csvm/.rvm/gems/ruby-2.2.0/gems/web-console-2.0.0/lib/action_dispatch/templates/rescues/_web_console.html.erb (1.5ms)
  Rendered /home/csvm/.rvm/gems/ruby-2.2.0/gems/web-console-2.0.0/lib/action_dispatch/templates/rescues/template_error.html.erb within rescues/layout (51.3ms)


Started GET "/courses/new" for 127.0.0.1 at 2015-04-02 21:05:54 -0400
Processing by CoursesController#new as HTML
  Rendered courses/new.html.haml (23.3ms)
Completed 200 OK in 29ms (Views: 28.8ms | ActiveRecord: 0.0ms)


Started GET "/" for 127.0.0.1 at 2015-04-02 21:33:34 -0400
Processing by CenteralController#index as HTML
  Rendered centeral/index.html.haml (0.4ms)
Completed 200 OK in 5ms (Views: 5.0ms | ActiveRecord: 0.0ms)


Started GET "/requirements" for 127.0.0.1 at 2015-04-02 21:34:04 -0400
Processing by RequirementsController#index as HTML
  [1m[36mRequirement Load (0.2ms)[0m  [1mSELECT "requirements".* FROM "requirements"  ORDER BY name[0m
  Rendered requirements/index.html.haml (5.1ms)
Completed 200 OK in 20ms (Views: 14.6ms | ActiveRecord: 0.4ms)


Started GET "/requirements/new" for 127.0.0.1 at 2015-04-02 21:36:50 -0400
Processing by RequirementsController#new as HTML
  Rendered requirements/new.html.haml (9.2ms)
Completed 200 OK in 12ms (Views: 11.9ms | ActiveRecord: 0.0ms)


Started GET "/students" for 127.0.0.1 at 2015-04-02 21:37:20 -0400
Processing by StudentsController#index as HTML
  [1m[35mStudent Load (0.2ms)[0m  SELECT "students".* FROM "students"  ORDER BY last
  Rendered students/index.html.haml (1.2ms)
Completed 200 OK in 15ms (Views: 6.1ms | ActiveRecord: 0.3ms)


Started GET "/students/new" for 127.0.0.1 at 2015-04-02 21:37:21 -0400
Processing by StudentsController#new as HTML
  Rendered students/new.html.haml (3.7ms)
Completed 500 Internal Server Error in 17ms

ActionView::Template::Error (undefined method `year' for #<Student:0xa77e980>):
    14:     =f.text_field :sid
    15:     %div
    16:     =f.label :year
    17:     =f.number_field :year
    18:     %div
    19:     =f.label :major
    20:     =f.text_field :major
  app/views/students/new.html.haml:17:in `block in _app_views_students_new_html_haml___544795803__624336528'
  app/views/students/new.html.haml:5:in `_app_views_students_new_html_haml___544795803__624336528'


  Rendered /home/csvm/.rvm/gems/ruby-2.2.0/gems/web-console-2.0.0/lib/action_dispatch/templates/rescues/_source.erb (13.6ms)
  Rendered /home/csvm/.rvm/gems/ruby-2.2.0/gems/web-console-2.0.0/lib/action_dispatch/templates/rescues/_trace.html.erb (3.3ms)
  Rendered /home/csvm/.rvm/gems/ruby-2.2.0/gems/web-console-2.0.0/lib/action_dispatch/templates/rescues/_request_and_response.html.erb (1.8ms)
  Rendered /home/csvm/.rvm/gems/ruby-2.2.0/gems/web-console-2.0.0/lib/action_dispatch/templates/rescues/_web_console.html.erb (1.0ms)
  Rendered /home/csvm/.rvm/gems/ruby-2.2.0/gems/web-console-2.0.0/lib/action_dispatch/templates/rescues/template_error.html.erb within rescues/layout (44.1ms)


Started GET "/courses" for 127.0.0.1 at 2015-04-02 21:37:28 -0400
Processing by CoursesController#index as HTML
  [1m[36mCourse Load (0.3ms)[0m  [1mSELECT "courses".* FROM "courses"  ORDER BY crn[0m
  Rendered courses/index.html.haml (6.8ms)
Completed 200 OK in 14ms (Views: 13.5ms | ActiveRecord: 0.3ms)


Started GET "/courses/new" for 127.0.0.1 at 2015-04-02 21:37:29 -0400
Processing by CoursesController#new as HTML
  Rendered courses/new.html.haml (9.4ms)
Completed 200 OK in 18ms (Views: 18.0ms | ActiveRecord: 0.0ms)
=======
Started GET "/students?sort=last" for 127.0.0.1 at 2015-04-02 21:06:34 -0400
  [1m[36mActiveRecord::SchemaMigration Load (0.2ms)[0m  [1mSELECT "schema_migrations".* FROM "schema_migrations"[0m
Processing by StudentsController#index as HTML
  Parameters: {"sort"=>"last"}
  [1m[35mStudent Load (0.4ms)[0m  SELECT "students".* FROM "students"  ORDER BY last
  Rendered students/index.html.haml (46.9ms)
Completed 200 OK in 107ms (Views: 97.8ms | ActiveRecord: 1.2ms)


Started GET "/students?sort=first" for 127.0.0.1 at 2015-04-02 21:06:38 -0400
Processing by StudentsController#index as HTML
  Parameters: {"sort"=>"first"}
  [1m[36mStudent Load (14.0ms)[0m  [1mSELECT "students".* FROM "students"  ORDER BY last[0m
  Rendered students/index.html.haml (17.7ms)
Completed 200 OK in 51ms (Views: 36.3ms | ActiveRecord: 14.0ms)


Started GET "/students?sort=first" for 127.0.0.1 at 2015-04-02 21:06:42 -0400
Processing by StudentsController#index as HTML
  Parameters: {"sort"=>"first"}
  [1m[35mStudent Load (1.4ms)[0m  SELECT "students".* FROM "students"  ORDER BY last
  Rendered students/index.html.haml (60.5ms)
Completed 200 OK in 74ms (Views: 71.3ms | ActiveRecord: 1.4ms)


Started GET "/" for 127.0.0.1 at 2015-04-02 21:07:06 -0400
Processing by CenteralController#index as HTML
  Rendered centeral/index.html.haml (10.6ms)
Completed 200 OK in 60ms (Views: 59.3ms | ActiveRecord: 0.0ms)


Started GET "/students" for 127.0.0.1 at 2015-04-02 21:07:09 -0400
Processing by StudentsController#index as HTML
  [1m[36mStudent Load (0.7ms)[0m  [1mSELECT "students".* FROM "students"  ORDER BY last[0m
  Rendered students/index.html.haml (6.2ms)
Completed 200 OK in 20ms (Views: 18.5ms | ActiveRecord: 0.7ms)


Started GET "/students" for 127.0.0.1 at 2015-04-02 21:07:24 -0400
Processing by StudentsController#index as HTML
  [1m[35mStudent Load (0.7ms)[0m  SELECT "students".* FROM "students"  ORDER BY last
  Rendered students/index.html.haml (8.9ms)
Completed 200 OK in 49ms (Views: 47.9ms | ActiveRecord: 0.7ms)


Started GET "/students?sort=first" for 127.0.0.1 at 2015-04-02 21:07:26 -0400
Processing by StudentsController#index as HTML
  Parameters: {"sort"=>"first"}
  [1m[36mStudent Load (0.6ms)[0m  [1mSELECT "students".* FROM "students"  ORDER BY last[0m
  Rendered students/index.html.haml (9.2ms)
Completed 200 OK in 30ms (Views: 28.1ms | ActiveRecord: 0.6ms)


Started GET "/students?sort=first" for 127.0.0.1 at 2015-04-02 21:08:11 -0400
Processing by StudentsController#index as HTML
  Parameters: {"sort"=>"first"}
  [1m[35mStudent Load (0.3ms)[0m  SELECT "students".* FROM "students"  ORDER BY first
  Rendered students/index.html.haml (26.2ms)
Completed 200 OK in 65ms (Views: 53.8ms | ActiveRecord: 4.3ms)


Started GET "/students?sort=first" for 127.0.0.1 at 2015-04-02 21:08:14 -0400
Processing by StudentsController#index as HTML
  Parameters: {"sort"=>"first"}
  [1m[36mStudent Load (0.6ms)[0m  [1mSELECT "students".* FROM "students"  ORDER BY first[0m
  Rendered students/index.html.haml (4.0ms)
Completed 200 OK in 14ms (Views: 12.7ms | ActiveRecord: 0.6ms)


Started GET "/students/new" for 127.0.0.1 at 2015-04-02 21:08:27 -0400
Processing by StudentsController#new as HTML
  Rendered students/new.html.haml (91.8ms)
Completed 200 OK in 113ms (Views: 112.0ms | ActiveRecord: 0.0ms)


Started POST "/students" for 127.0.0.1 at 2015-04-02 21:09:16 -0400
Processing by StudentsController#create as HTML
  Parameters: {"utf8"=>"✓", "authenticity_token"=>"q7bfcnDyzPaGOPFMtk+1R8w5AP5O+ELyieEEbSYFw1SAFng3FovyUsI2hq/mJ6NzfQwJfSCnCyrMC5c3BX0oVA==", "student"=>{"first"=>"John", "last"=>"Doe", "sid"=>"918273645", "year"=>"2017", "major"=>"Biology"}, "commit"=>"Create Student"}
Completed 400 Bad Request in 2ms

ActionController::ParameterMissing (param is missing or the value is empty: product):
  app/controllers/students_controller.rb:55:in `safe_params'
  app/controllers/students_controller.rb:22:in `create'


  Rendered /home/csvm/.rvm/gems/ruby-2.2.0/gems/web-console-2.0.0/lib/action_dispatch/templates/rescues/_source.erb (19.3ms)
  Rendered /home/csvm/.rvm/gems/ruby-2.2.0/gems/web-console-2.0.0/lib/action_dispatch/templates/rescues/_trace.html.erb (22.3ms)
  Rendered /home/csvm/.rvm/gems/ruby-2.2.0/gems/web-console-2.0.0/lib/action_dispatch/templates/rescues/_request_and_response.html.erb (6.9ms)
  Rendered /home/csvm/.rvm/gems/ruby-2.2.0/gems/web-console-2.0.0/lib/action_dispatch/templates/rescues/_web_console.html.erb (9.0ms)
  Rendered /home/csvm/.rvm/gems/ruby-2.2.0/gems/web-console-2.0.0/lib/action_dispatch/templates/rescues/diagnostics.html.erb within rescues/layout (129.4ms)


Started POST "/students" for 127.0.0.1 at 2015-04-02 21:09:32 -0400
Processing by StudentsController#create as HTML
  Parameters: {"utf8"=>"✓", "authenticity_token"=>"q7bfcnDyzPaGOPFMtk+1R8w5AP5O+ELyieEEbSYFw1SAFng3FovyUsI2hq/mJ6NzfQwJfSCnCyrMC5c3BX0oVA==", "student"=>{"first"=>"John", "last"=>"Doe", "sid"=>"918273645", "year"=>"2017", "major"=>"Biology"}, "commit"=>"Create Student"}
Unpermitted parameter: year
  [1m[35m (1.2ms)[0m  begin transaction
  [1m[36mSQL (0.9ms)[0m  [1mINSERT INTO "students" ("first", "last", "sid", "major") VALUES (?, ?, ?, ?)[0m  [["first", "John"], ["last", "Doe"], ["sid", "918273645"], ["major", "Biology"]]
  [1m[35m (33.6ms)[0m  commit transaction
Redirected to http://localhost:3000/students
Completed 302 Found in 112ms (ActiveRecord: 36.9ms)


Started GET "/students" for 127.0.0.1 at 2015-04-02 21:09:32 -0400
Processing by StudentsController#index as HTML
  [1m[36mStudent Load (0.6ms)[0m  [1mSELECT "students".* FROM "students"  ORDER BY last[0m
  Rendered students/index.html.haml (8.4ms)
Completed 200 OK in 42ms (Views: 40.0ms | ActiveRecord: 0.6ms)


Started GET "/students?sort=first" for 127.0.0.1 at 2015-04-02 21:09:36 -0400
Processing by StudentsController#index as HTML
  Parameters: {"sort"=>"first"}
  [1m[35mStudent Load (0.9ms)[0m  SELECT "students".* FROM "students"  ORDER BY first
  Rendered students/index.html.haml (16.5ms)
Completed 200 OK in 30ms (Views: 28.9ms | ActiveRecord: 0.9ms)


Started GET "/students?sort=first" for 127.0.0.1 at 2015-04-02 21:11:47 -0400
Processing by StudentsController#index as HTML
  Parameters: {"sort"=>"first"}
  [1m[36mStudent Load (1.9ms)[0m  [1mSELECT "students".* FROM "students"  ORDER BY first[0m
  Rendered students/index.html.haml (38.6ms)
Completed 200 OK in 58ms (Views: 55.5ms | ActiveRecord: 1.9ms)


Started GET "/students/3" for 127.0.0.1 at 2015-04-02 21:11:49 -0400
Processing by StudentsController#show as HTML
  Parameters: {"id"=>"3"}
  [1m[35mStudent Load (0.7ms)[0m  SELECT  "students".* FROM "students" WHERE "students"."id" = ? LIMIT 1  [["id", 3]]
  Rendered students/show.html.haml (11.3ms)
Completed 500 Internal Server Error in 95ms

ActionView::Template::Error (Inconsistent indentation: "\t\t  " used for indentation, but the rest of the document was indented using 2 spaces.):
     7:         %th First
     8:         %th Last
     9:         %th Student ID
    10: 		  %th Year
    11:         %th Major
    12: 		  %th Courses Taken
    13:         %th Courses Progress
  app/views/students/show.html.haml:10


  Rendered /home/csvm/.rvm/gems/ruby-2.2.0/gems/web-console-2.0.0/lib/action_dispatch/templates/rescues/_source.erb (57.0ms)
  Rendered /home/csvm/.rvm/gems/ruby-2.2.0/gems/web-console-2.0.0/lib/action_dispatch/templates/rescues/_trace.html.erb (14.0ms)
  Rendered /home/csvm/.rvm/gems/ruby-2.2.0/gems/web-console-2.0.0/lib/action_dispatch/templates/rescues/_request_and_response.html.erb (3.0ms)
  Rendered /home/csvm/.rvm/gems/ruby-2.2.0/gems/web-console-2.0.0/lib/action_dispatch/templates/rescues/_web_console.html.erb (5.5ms)
  Rendered /home/csvm/.rvm/gems/ruby-2.2.0/gems/web-console-2.0.0/lib/action_dispatch/templates/rescues/template_error.html.erb within rescues/layout (150.0ms)


Started GET "/students/3" for 127.0.0.1 at 2015-04-02 21:12:19 -0400
Processing by StudentsController#show as HTML
  Parameters: {"id"=>"3"}
  [1m[36mStudent Load (1.1ms)[0m  [1mSELECT  "students".* FROM "students" WHERE "students"."id" = ? LIMIT 1[0m  [["id", 3]]
  Rendered students/show.html.haml (18.2ms)
Completed 500 Internal Server Error in 88ms

ActionView::Template::Error (Inconsistent indentation: "\t\t  " used for indentation, but the rest of the document was indented using 2 spaces.):
     9:         %th Student ID
    10:         %th Year
    11:         %th Major
    12: 		  %th Courses Taken
    13:         %th Courses Progress
    14:     %tbody
    15:       %tr
  app/views/students/show.html.haml:12


  Rendered /home/csvm/.rvm/gems/ruby-2.2.0/gems/web-console-2.0.0/lib/action_dispatch/templates/rescues/_source.erb (29.8ms)
  Rendered /home/csvm/.rvm/gems/ruby-2.2.0/gems/web-console-2.0.0/lib/action_dispatch/templates/rescues/_trace.html.erb (15.7ms)
  Rendered /home/csvm/.rvm/gems/ruby-2.2.0/gems/web-console-2.0.0/lib/action_dispatch/templates/rescues/_request_and_response.html.erb (2.8ms)
  Rendered /home/csvm/.rvm/gems/ruby-2.2.0/gems/web-console-2.0.0/lib/action_dispatch/templates/rescues/_web_console.html.erb (3.9ms)
  Rendered /home/csvm/.rvm/gems/ruby-2.2.0/gems/web-console-2.0.0/lib/action_dispatch/templates/rescues/template_error.html.erb within rescues/layout (123.7ms)


Started GET "/students/3" for 127.0.0.1 at 2015-04-02 21:13:34 -0400
Processing by StudentsController#show as HTML
  Parameters: {"id"=>"3"}
  [1m[35mStudent Load (0.4ms)[0m  SELECT  "students".* FROM "students" WHERE "students"."id" = ? LIMIT 1  [["id", 3]]
  Rendered students/show.html.haml (29.0ms)
Completed 500 Internal Server Error in 145ms

ActionView::Template::Error (undefined method `last' for nil:NilClass):
    1: #main
    2:   %h3= @student.first @student.last
    3: 
    4:   %table.students_table
    5:     %thead
  app/views/students/show.html.haml:2:in `_app_views_students_show_html_haml___20502601_102362790'


  Rendered /home/csvm/.rvm/gems/ruby-2.2.0/gems/web-console-2.0.0/lib/action_dispatch/templates/rescues/_source.erb (27.4ms)
  Rendered /home/csvm/.rvm/gems/ruby-2.2.0/gems/web-console-2.0.0/lib/action_dispatch/templates/rescues/_trace.html.erb (9.3ms)
  Rendered /home/csvm/.rvm/gems/ruby-2.2.0/gems/web-console-2.0.0/lib/action_dispatch/templates/rescues/_request_and_response.html.erb (5.2ms)
  Rendered /home/csvm/.rvm/gems/ruby-2.2.0/gems/web-console-2.0.0/lib/action_dispatch/templates/rescues/_web_console.html.erb (11.0ms)
  Rendered /home/csvm/.rvm/gems/ruby-2.2.0/gems/web-console-2.0.0/lib/action_dispatch/templates/rescues/template_error.html.erb within rescues/layout (148.1ms)


Started GET "/students/3" for 127.0.0.1 at 2015-04-02 21:13:56 -0400
Processing by StudentsController#show as HTML
  Parameters: {"id"=>"3"}
  [1m[36mStudent Load (0.4ms)[0m  [1mSELECT  "students".* FROM "students" WHERE "students"."id" = ? LIMIT 1[0m  [["id", 3]]
  Rendered students/show.html.haml (48.5ms)
Completed 500 Internal Server Error in 60ms

ActionView::Template::Error (undefined method `last' for nil:NilClass):
    1: #main
    2:   %h3= @student.first @student.last
    3: 
    4:   %table.students_table
    5:     %thead
  app/views/students/show.html.haml:2:in `_app_views_students_show_html_haml___20502601_102527130'


  Rendered /home/csvm/.rvm/gems/ruby-2.2.0/gems/web-console-2.0.0/lib/action_dispatch/templates/rescues/_source.erb (31.8ms)
  Rendered /home/csvm/.rvm/gems/ruby-2.2.0/gems/web-console-2.0.0/lib/action_dispatch/templates/rescues/_trace.html.erb (14.9ms)
  Rendered /home/csvm/.rvm/gems/ruby-2.2.0/gems/web-console-2.0.0/lib/action_dispatch/templates/rescues/_request_and_response.html.erb (2.8ms)
  Rendered /home/csvm/.rvm/gems/ruby-2.2.0/gems/web-console-2.0.0/lib/action_dispatch/templates/rescues/_web_console.html.erb (14.7ms)
  Rendered /home/csvm/.rvm/gems/ruby-2.2.0/gems/web-console-2.0.0/lib/action_dispatch/templates/rescues/template_error.html.erb within rescues/layout (159.7ms)


Started GET "/students/3" for 127.0.0.1 at 2015-04-02 21:14:27 -0400
Processing by StudentsController#show as HTML
  Parameters: {"id"=>"3"}
  [1m[35mStudent Load (0.4ms)[0m  SELECT  "students".* FROM "students" WHERE "students"."id" = ? LIMIT 1  [["id", 3]]
  Rendered students/show.html.haml (37.6ms)
Completed 500 Internal Server Error in 64ms

ActionView::Template::Error (undefined method `first' for nil:NilClass):
    1: #main
    2:   %h3= "#{@student.first}, #{@student.last}"
    3: 
    4:   %table.students_table
    5:     %thead
  app/views/students/show.html.haml:2:in `_app_views_students_show_html_haml___20502601_102470400'


  Rendered /home/csvm/.rvm/gems/ruby-2.2.0/gems/web-console-2.0.0/lib/action_dispatch/templates/rescues/_source.erb (17.2ms)
  Rendered /home/csvm/.rvm/gems/ruby-2.2.0/gems/web-console-2.0.0/lib/action_dispatch/templates/rescues/_trace.html.erb (14.6ms)
  Rendered /home/csvm/.rvm/gems/ruby-2.2.0/gems/web-console-2.0.0/lib/action_dispatch/templates/rescues/_request_and_response.html.erb (1.9ms)
  Rendered /home/csvm/.rvm/gems/ruby-2.2.0/gems/web-console-2.0.0/lib/action_dispatch/templates/rescues/_web_console.html.erb (3.1ms)
  Rendered /home/csvm/.rvm/gems/ruby-2.2.0/gems/web-console-2.0.0/lib/action_dispatch/templates/rescues/template_error.html.erb within rescues/layout (136.5ms)


Started GET "/students/3" for 127.0.0.1 at 2015-04-02 21:14:54 -0400
Processing by StudentsController#show as HTML
  Parameters: {"id"=>"3"}
  [1m[36mStudent Load (0.4ms)[0m  [1mSELECT  "students".* FROM "students" WHERE "students"."id" = ? LIMIT 1[0m  [["id", 3]]
  Rendered students/show.html.haml (27.0ms)
Completed 500 Internal Server Error in 87ms

ActionView::Template::Error (undefined method `first' for nil:NilClass):
    1: #main
    2:   %h3= @student.first 
    3:   %h3= @student.last
    4: 
    5:   %table.students_table
  app/views/students/show.html.haml:2:in `_app_views_students_show_html_haml___20502601_102395490'


  Rendered /home/csvm/.rvm/gems/ruby-2.2.0/gems/web-console-2.0.0/lib/action_dispatch/templates/rescues/_source.erb (31.6ms)
  Rendered /home/csvm/.rvm/gems/ruby-2.2.0/gems/web-console-2.0.0/lib/action_dispatch/templates/rescues/_trace.html.erb (23.0ms)
  Rendered /home/csvm/.rvm/gems/ruby-2.2.0/gems/web-console-2.0.0/lib/action_dispatch/templates/rescues/_request_and_response.html.erb (18.4ms)
  Rendered /home/csvm/.rvm/gems/ruby-2.2.0/gems/web-console-2.0.0/lib/action_dispatch/templates/rescues/_web_console.html.erb (1.7ms)
  Rendered /home/csvm/.rvm/gems/ruby-2.2.0/gems/web-console-2.0.0/lib/action_dispatch/templates/rescues/template_error.html.erb within rescues/layout (146.3ms)


Started GET "/students/3" for 127.0.0.1 at 2015-04-02 21:15:12 -0400
Processing by StudentsController#show as HTML
  Parameters: {"id"=>"3"}
  [1m[35mStudent Load (0.7ms)[0m  SELECT  "students".* FROM "students" WHERE "students"."id" = ? LIMIT 1  [["id", 3]]
  Rendered students/show.html.haml (52.8ms)
Completed 500 Internal Server Error in 133ms

ActionView::Template::Error (undefined local variable or method `student_destroy' for #<#<Class:0xc009018>:0xbffa9b4>):
    23:         %td= @student.courses_progress
    24: 
    25:   %p= link_to("Edit Student details", edit_student_path)
    26:   %p= link_to("Delete student", student_destroy)
  app/views/students/show.html.haml:26:in `_app_views_students_show_html_haml___20502601_102395490'


  Rendered /home/csvm/.rvm/gems/ruby-2.2.0/gems/web-console-2.0.0/lib/action_dispatch/templates/rescues/_source.erb (84.1ms)
  Rendered /home/csvm/.rvm/gems/ruby-2.2.0/gems/web-console-2.0.0/lib/action_dispatch/templates/rescues/_trace.html.erb (30.8ms)
  Rendered /home/csvm/.rvm/gems/ruby-2.2.0/gems/web-console-2.0.0/lib/action_dispatch/templates/rescues/_request_and_response.html.erb (2.4ms)
  Rendered /home/csvm/.rvm/gems/ruby-2.2.0/gems/web-console-2.0.0/lib/action_dispatch/templates/rescues/_web_console.html.erb (2.6ms)
  Rendered /home/csvm/.rvm/gems/ruby-2.2.0/gems/web-console-2.0.0/lib/action_dispatch/templates/rescues/template_error.html.erb within rescues/layout (326.2ms)


Started GET "/students/3" for 127.0.0.1 at 2015-04-02 21:16:43 -0400
Processing by StudentsController#show as HTML
  Parameters: {"id"=>"3"}
  [1m[36mStudent Load (0.4ms)[0m  [1mSELECT  "students".* FROM "students" WHERE "students"."id" = ? LIMIT 1[0m  [["id", 3]]
  Rendered students/show.html.haml (21.5ms)
Completed 200 OK in 38ms (Views: 30.0ms | ActiveRecord: 0.4ms)


Started GET "/students/3/edit" for 127.0.0.1 at 2015-04-02 21:16:45 -0400
Processing by StudentsController#edit as HTML
  Parameters: {"id"=>"3"}
  [1m[35mStudent Load (0.5ms)[0m  SELECT  "students".* FROM "students" WHERE "students"."id" = ? LIMIT 1  [["id", 3]]
  Rendered students/edit.html.haml (23.3ms)
Completed 200 OK in 39ms (Views: 30.1ms | ActiveRecord: 0.5ms)


Started GET "/students/3/edit" for 127.0.0.1 at 2015-04-02 21:16:50 -0400
Processing by StudentsController#edit as HTML
  Parameters: {"id"=>"3"}
  [1m[36mStudent Load (0.3ms)[0m  [1mSELECT  "students".* FROM "students" WHERE "students"."id" = ? LIMIT 1[0m  [["id", 3]]
  Rendered students/edit.html.haml (6.5ms)
Completed 200 OK in 38ms (Views: 36.8ms | ActiveRecord: 0.3ms)


Started PATCH "/students/3" for 127.0.0.1 at 2015-04-02 21:16:51 -0400
Processing by StudentsController#update as HTML
  Parameters: {"utf8"=>"✓", "authenticity_token"=>"f7+iitS/YOnq13XJHgVGA+q4vGuZYthTVN0F2nSpPXpUHwXPssZeTa7ZAipObVA3W4216Pc9kYsRN5aAV9HWeg==", "student"=>{"first"=>"Courtney", "last"=>"McGill", "sid"=>"789123654", "year"=>"2016", "major"=>""}, "commit"=>"Update Student", "id"=>"3"}
  [1m[35mStudent Load (3.6ms)[0m  SELECT  "students".* FROM "students" WHERE "students"."id" = ? LIMIT 1  [["id", 3]]
Unpermitted parameter: year
  [1m[36m (0.1ms)[0m  [1mbegin transaction[0m
  [1m[35mSQL (4.8ms)[0m  UPDATE "students" SET "major" = ? WHERE "students"."id" = ?  [["major", ""], ["id", 3]]
  [1m[36m (6.5ms)[0m  [1mcommit transaction[0m
Redirected to http://localhost:3000/students/3
Completed 302 Found in 35ms (ActiveRecord: 15.0ms)


Started GET "/students/3" for 127.0.0.1 at 2015-04-02 21:16:51 -0400
Processing by StudentsController#show as HTML
  Parameters: {"id"=>"3"}
  [1m[35mStudent Load (0.1ms)[0m  SELECT  "students".* FROM "students" WHERE "students"."id" = ? LIMIT 1  [["id", 3]]
  Rendered students/show.html.haml (0.8ms)
Completed 200 OK in 8ms (Views: 6.1ms | ActiveRecord: 0.1ms)


Started GET "/students/3" for 127.0.0.1 at 2015-04-02 21:17:58 -0400
  [1m[36mActiveRecord::SchemaMigration Load (0.2ms)[0m  [1mSELECT "schema_migrations".* FROM "schema_migrations"[0m
Processing by StudentsController#show as HTML
  Parameters: {"id"=>"3"}
  [1m[35mStudent Load (0.5ms)[0m  SELECT  "students".* FROM "students" WHERE "students"."id" = ? LIMIT 1  [["id", 3]]
  Rendered students/show.html.haml (16.4ms)
Completed 500 Internal Server Error in 132ms

SyntaxError (/home/csvm/course_scheduler/app/views/students/show.html.haml:27: syntax error, unexpected ';', expecting ')'
));}</p>\n</div>\n", -1, false);...
   ^
/home/csvm/course_scheduler/app/views/students/show.html.haml:27: unknown regexp options - dv
/home/csvm/course_scheduler/app/views/students/show.html.haml:27: syntax error, unexpected $undefined
));}</p>\n</div>\n", -1, false);::Haml::Util.h...
                 ^
/home/csvm/course_scheduler/app/views/students/show.html.haml:27: unterminated string meets end of file
/home/csvm/course_scheduler/app/views/students/show.html.haml:27: syntax error, unexpected end-of-input, expecting tSTRING_DEND):
  app/views/students/show.html.haml:27: syntax error, unexpected ';', expecting ')'
  app/views/students/show.html.haml:27: unknown regexp options - dv
  app/views/students/show.html.haml:27: syntax error, unexpected $undefined
  app/views/students/show.html.haml:27: unterminated string meets end of file
  app/views/students/show.html.haml:27: syntax error, unexpected end-of-input, expecting tSTRING_DEND


  Rendered /home/csvm/.rvm/gems/ruby-2.2.0/gems/web-console-2.0.0/lib/action_dispatch/templates/rescues/_source.erb (51.6ms)
  Rendered /home/csvm/.rvm/gems/ruby-2.2.0/gems/web-console-2.0.0/lib/action_dispatch/templates/rescues/_trace.html.erb (23.9ms)
  Rendered /home/csvm/.rvm/gems/ruby-2.2.0/gems/web-console-2.0.0/lib/action_dispatch/templates/rescues/_request_and_response.html.erb (39.8ms)
  Rendered /home/csvm/.rvm/gems/ruby-2.2.0/gems/web-console-2.0.0/lib/action_dispatch/templates/rescues/_web_console.html.erb (5.2ms)
  Rendered /home/csvm/.rvm/gems/ruby-2.2.0/gems/web-console-2.0.0/lib/action_dispatch/templates/rescues/diagnostics.html.erb within rescues/layout (208.5ms)


Started GET "/students/3" for 127.0.0.1 at 2015-04-02 21:18:23 -0400
Processing by StudentsController#show as HTML
  Parameters: {"id"=>"3"}
  [1m[36mStudent Load (0.4ms)[0m  [1mSELECT  "students".* FROM "students" WHERE "students"."id" = ? LIMIT 1[0m  [["id", 3]]
  Rendered students/show.html.haml (163.8ms)
Completed 500 Internal Server Error in 196ms

ActionView::Template::Error (undefined method `student_destroy' for #<#<Class:0xb599b988>:0xb57c8ee4>):
    23:         %td= @student.courses_progress
    24: 
    25:   %p= link_to("Edit Student details", edit_student_path)
    26:   %p= link_to("Delete student", student_destroy(@student))
  app/views/students/show.html.haml:26:in `_app_views_students_show_html_haml___239206129__625065868'


  Rendered /home/csvm/.rvm/gems/ruby-2.2.0/gems/web-console-2.0.0/lib/action_dispatch/templates/rescues/_source.erb (54.5ms)
  Rendered /home/csvm/.rvm/gems/ruby-2.2.0/gems/web-console-2.0.0/lib/action_dispatch/templates/rescues/_trace.html.erb (7.9ms)
  Rendered /home/csvm/.rvm/gems/ruby-2.2.0/gems/web-console-2.0.0/lib/action_dispatch/templates/rescues/_request_and_response.html.erb (3.1ms)
  Rendered /home/csvm/.rvm/gems/ruby-2.2.0/gems/web-console-2.0.0/lib/action_dispatch/templates/rescues/_web_console.html.erb (3.0ms)
  Rendered /home/csvm/.rvm/gems/ruby-2.2.0/gems/web-console-2.0.0/lib/action_dispatch/templates/rescues/template_error.html.erb within rescues/layout (164.1ms)


Started GET "/students/3" for 127.0.0.1 at 2015-04-02 21:19:33 -0400
Processing by StudentsController#show as HTML
  Parameters: {"id"=>"3"}
  [1m[35mStudent Load (0.7ms)[0m  SELECT  "students".* FROM "students" WHERE "students"."id" = ? LIMIT 1  [["id", 3]]
  Rendered students/show.html.haml (7.0ms)
Completed 200 OK in 45ms (Views: 29.1ms | ActiveRecord: 0.7ms)


Started GET "/" for 127.0.0.1 at 2015-04-02 21:19:41 -0400
Processing by CenteralController#index as HTML
  Rendered centeral/index.html.haml (12.5ms)
Completed 200 OK in 25ms (Views: 25.1ms | ActiveRecord: 0.0ms)


Started GET "/students" for 127.0.0.1 at 2015-04-02 21:34:39 -0400
  [1m[36mActiveRecord::SchemaMigration Load (0.2ms)[0m  [1mSELECT "schema_migrations".* FROM "schema_migrations"[0m
Processing by StudentsController#index as HTML
  [1m[35mStudent Load (2.2ms)[0m  SELECT "students".* FROM "students"  ORDER BY last
  Rendered students/index.html.haml (56.5ms)
Completed 200 OK in 154ms (Views: 98.8ms | ActiveRecord: 3.0ms)


Started GET "/students/1" for 127.0.0.1 at 2015-04-02 21:36:44 -0400
Processing by StudentsController#show as HTML
  Parameters: {"id"=>"1"}
  [1m[36mStudent Load (1.1ms)[0m  [1mSELECT  "students".* FROM "students" WHERE "students"."id" = ? LIMIT 1[0m  [["id", 1]]
  Rendered students/show.html.haml (12.2ms)
Completed 200 OK in 174ms (Views: 20.1ms | ActiveRecord: 2.1ms)


Started GET "/requirements" for 127.0.0.1 at 2015-04-02 21:37:00 -0400
Processing by RequirementsController#index as HTML
  [1m[35mRequirement Load (0.3ms)[0m  SELECT "requirements".* FROM "requirements"  ORDER BY name
  Rendered requirements/index.html.haml (11.3ms)
Completed 200 OK in 27ms (Views: 25.2ms | ActiveRecord: 0.6ms)


Started GET "/requirements/5" for 127.0.0.1 at 2015-04-02 21:37:01 -0400
Processing by RequirementsController#show as HTML
  Parameters: {"id"=>"5"}
  [1m[36mRequirement Load (0.5ms)[0m  [1mSELECT  "requirements".* FROM "requirements" WHERE "requirements"."id" = ? LIMIT 1[0m  [["id", 5]]
  Rendered requirements/show.html.haml (8.8ms)
Completed 200 OK in 47ms (Views: 44.2ms | ActiveRecord: 0.5ms)


Started GET "/courses" for 127.0.0.1 at 2015-04-02 21:37:06 -0400
Processing by CoursesController#index as HTML
  Rendered courses/index.html.haml (5.5ms)
Completed 500 Internal Server Error in 54ms

ActionView::Template::Error (Illegal nesting: nesting within plain text is illegal.):
    20:     -@courses.each do |c|
    21:       %tr
    22: <<<<<<< HEAD
    23:         %td= p.crn
    24: 	%td= link_to "#{p.course_name}", course_path(p)
    25: 	%td= p.title
    26: 	%td= p.instructor
  app/views/courses/index.html.haml:23


  Rendered /home/csvm/.rvm/gems/ruby-2.2.0/gems/web-console-2.0.0/lib/action_dispatch/templates/rescues/_source.erb (22.5ms)
  Rendered /home/csvm/.rvm/gems/ruby-2.2.0/gems/web-console-2.0.0/lib/action_dispatch/templates/rescues/_trace.html.erb (26.0ms)
  Rendered /home/csvm/.rvm/gems/ruby-2.2.0/gems/web-console-2.0.0/lib/action_dispatch/templates/rescues/_request_and_response.html.erb (77.6ms)
  Rendered /home/csvm/.rvm/gems/ruby-2.2.0/gems/web-console-2.0.0/lib/action_dispatch/templates/rescues/_web_console.html.erb (2.2ms)
  Rendered /home/csvm/.rvm/gems/ruby-2.2.0/gems/web-console-2.0.0/lib/action_dispatch/templates/rescues/template_error.html.erb within rescues/layout (329.8ms)


Started GET "/students" for 127.0.0.1 at 2015-04-02 21:37:19 -0400
Processing by StudentsController#index as HTML
  [1m[35mStudent Load (0.6ms)[0m  SELECT "students".* FROM "students"  ORDER BY last
  Rendered students/index.html.haml (32.7ms)
Completed 200 OK in 65ms (Views: 62.6ms | ActiveRecord: 0.6ms)


Started GET "/students/5" for 127.0.0.1 at 2015-04-02 21:37:21 -0400
Processing by StudentsController#show as HTML
  Parameters: {"id"=>"5"}
  [1m[36mStudent Load (0.6ms)[0m  [1mSELECT  "students".* FROM "students" WHERE "students"."id" = ? LIMIT 1[0m  [["id", 5]]
  Rendered students/show.html.haml (8.8ms)
Completed 200 OK in 48ms (Views: 36.2ms | ActiveRecord: 0.6ms)


Started GET "/students/5/edit" for 127.0.0.1 at 2015-04-02 21:37:26 -0400
Processing by StudentsController#edit as HTML
  Parameters: {"id"=>"5"}
  [1m[35mStudent Load (0.5ms)[0m  SELECT  "students".* FROM "students" WHERE "students"."id" = ? LIMIT 1  [["id", 5]]
  Rendered students/edit.html.haml (42.8ms)
Completed 200 OK in 81ms (Views: 77.3ms | ActiveRecord: 0.5ms)
  [1m[36mActiveRecord::SchemaMigration Load (0.8ms)[0m  [1mSELECT "schema_migrations".* FROM "schema_migrations"[0m
Migrating to AddCourseIdToStudents (20150403014647)
  [1m[35m (0.1ms)[0m  begin transaction
  [1m[36mSQL (0.6ms)[0m  [1mINSERT INTO "schema_migrations" ("version") VALUES (?)[0m  [["version", "20150403014647"]]
  [1m[35m (10.4ms)[0m  commit transaction
  [1m[36mActiveRecord::SchemaMigration Load (0.1ms)[0m  [1mSELECT "schema_migrations".* FROM "schema_migrations"[0m
  [1m[35m (12.3ms)[0m  CREATE TABLE "courses" ("id" INTEGER PRIMARY KEY AUTOINCREMENT NOT NULL, "crn" integer, "course_name" varchar, "title" text, "instructor" varchar, "days" varchar, "starts" integer, "ends" integer, "building_room" varchar, "credits" decimal(2,2), "coreq" varchar, "crosslist" varchar, "restrictions" text, "prereq" varchar, "notes" text, "created_at" datetime NOT NULL, "updated_at" datetime NOT NULL) 
  [1m[36m (6.3ms)[0m  [1mCREATE TABLE "requirements" ("id" INTEGER PRIMARY KEY AUTOINCREMENT NOT NULL, "name" varchar, "course" integer, "created_at" datetime NOT NULL, "updated_at" datetime NOT NULL) [0m
  [1m[35m (6.3ms)[0m  CREATE TABLE "students" ("id" INTEGER PRIMARY KEY AUTOINCREMENT NOT NULL, "first" varchar, "last" varchar, "sid" varchar, "year" integer, "major" varchar, "courses_taken" integer, "courses_progress" integer) 
  [1m[36m (13.1ms)[0m  [1mCREATE TABLE "schema_migrations" ("version" varchar NOT NULL) [0m
  [1m[35m (0.1ms)[0m  select sqlite_version(*)
  [1m[36m (7.2ms)[0m  [1mCREATE UNIQUE INDEX "unique_schema_migrations" ON "schema_migrations" ("version")[0m
  [1m[35m (0.2ms)[0m  SELECT version FROM "schema_migrations"
  [1m[36m (6.7ms)[0m  [1mINSERT INTO "schema_migrations" (version) VALUES ('20150403014647')[0m
  [1m[35m (7.2ms)[0m  INSERT INTO "schema_migrations" (version) VALUES ('20150401204517')
  [1m[36m (5.0ms)[0m  [1mINSERT INTO "schema_migrations" (version) VALUES ('20150403000659')[0m
  [1m[35m (5.5ms)[0m  INSERT INTO "schema_migrations" (version) VALUES ('20150402172713')
  [1m[36mActiveRecord::SchemaMigration Load (0.2ms)[0m  [1mSELECT "schema_migrations".* FROM "schema_migrations"[0m
Migrating to AddStudentIdToCourses (20150403014909)
  [1m[35m (0.2ms)[0m  begin transaction
  [1m[36mSQL (0.3ms)[0m  [1mINSERT INTO "schema_migrations" ("version") VALUES (?)[0m  [["version", "20150403014909"]]
  [1m[35m (13.0ms)[0m  commit transaction
  [1m[36mActiveRecord::SchemaMigration Load (0.7ms)[0m  [1mSELECT "schema_migrations".* FROM "schema_migrations"[0m
  [1m[35m (7.1ms)[0m  CREATE TABLE "courses" ("id" INTEGER PRIMARY KEY AUTOINCREMENT NOT NULL, "crn" integer, "course_name" varchar, "title" text, "instructor" varchar, "days" varchar, "starts" integer, "ends" integer, "building_room" varchar, "credits" decimal(2,2), "coreq" varchar, "crosslist" varchar, "restrictions" text, "prereq" varchar, "notes" text, "created_at" datetime NOT NULL, "updated_at" datetime NOT NULL) 
  [1m[36m (9.9ms)[0m  [1mCREATE TABLE "requirements" ("id" INTEGER PRIMARY KEY AUTOINCREMENT NOT NULL, "name" varchar, "course" integer, "created_at" datetime NOT NULL, "updated_at" datetime NOT NULL) [0m
  [1m[35m (13.0ms)[0m  CREATE TABLE "students" ("id" INTEGER PRIMARY KEY AUTOINCREMENT NOT NULL, "first" varchar, "last" varchar, "sid" varchar, "year" integer, "major" varchar, "courses_taken" integer, "courses_progress" integer) 
  [1m[36m (6.1ms)[0m  [1mCREATE TABLE "schema_migrations" ("version" varchar NOT NULL) [0m
  [1m[35m (0.1ms)[0m  select sqlite_version(*)
  [1m[36m (7.5ms)[0m  [1mCREATE UNIQUE INDEX "unique_schema_migrations" ON "schema_migrations" ("version")[0m
  [1m[35m (0.2ms)[0m  SELECT version FROM "schema_migrations"
  [1m[36m (5.6ms)[0m  [1mINSERT INTO "schema_migrations" (version) VALUES ('20150403014909')[0m
  [1m[35m (5.1ms)[0m  INSERT INTO "schema_migrations" (version) VALUES ('20150401204517')
  [1m[36m (4.5ms)[0m  [1mINSERT INTO "schema_migrations" (version) VALUES ('20150403000659')[0m
  [1m[35m (6.2ms)[0m  INSERT INTO "schema_migrations" (version) VALUES ('20150403014647')
  [1m[36m (5.1ms)[0m  [1mINSERT INTO "schema_migrations" (version) VALUES ('20150402172713')[0m
  [1m[36mActiveRecord::SchemaMigration Load (0.1ms)[0m  [1mSELECT "schema_migrations".* FROM "schema_migrations"[0m
Migrating to AddRequirementIdToStudents (20150403015100)
  [1m[35m (0.1ms)[0m  begin transaction
  [1m[36mSQL (3.6ms)[0m  [1mINSERT INTO "schema_migrations" ("version") VALUES (?)[0m  [["version", "20150403015100"]]
  [1m[35m (9.5ms)[0m  commit transaction
Migrating to AddCourseIdToRequirements (20150403015138)
  [1m[36m (0.1ms)[0m  [1mbegin transaction[0m
  [1m[35mSQL (0.2ms)[0m  INSERT INTO "schema_migrations" ("version") VALUES (?)  [["version", "20150403015138"]]
  [1m[36m (11.2ms)[0m  [1mcommit transaction[0m
  [1m[35mActiveRecord::SchemaMigration Load (0.1ms)[0m  SELECT "schema_migrations".* FROM "schema_migrations"
  [1m[36m (6.7ms)[0m  [1mCREATE TABLE "courses" ("id" INTEGER PRIMARY KEY AUTOINCREMENT NOT NULL, "crn" integer, "course_name" varchar, "title" text, "instructor" varchar, "days" varchar, "starts" integer, "ends" integer, "building_room" varchar, "credits" decimal(2,2), "coreq" varchar, "crosslist" varchar, "restrictions" text, "prereq" varchar, "notes" text, "created_at" datetime NOT NULL, "updated_at" datetime NOT NULL) [0m
  [1m[35m (9.9ms)[0m  CREATE TABLE "requirements" ("id" INTEGER PRIMARY KEY AUTOINCREMENT NOT NULL, "name" varchar, "course" integer, "created_at" datetime NOT NULL, "updated_at" datetime NOT NULL) 
  [1m[36m (9.7ms)[0m  [1mCREATE TABLE "students" ("id" INTEGER PRIMARY KEY AUTOINCREMENT NOT NULL, "first" varchar, "last" varchar, "sid" varchar, "year" integer, "major" varchar, "courses_taken" integer, "courses_progress" integer) [0m
  [1m[35m (5.7ms)[0m  CREATE TABLE "schema_migrations" ("version" varchar NOT NULL) 
  [1m[36m (0.1ms)[0m  [1mselect sqlite_version(*)[0m
  [1m[35m (7.9ms)[0m  CREATE UNIQUE INDEX "unique_schema_migrations" ON "schema_migrations" ("version")
  [1m[36m (0.3ms)[0m  [1mSELECT version FROM "schema_migrations"[0m
  [1m[35m (8.0ms)[0m  INSERT INTO "schema_migrations" (version) VALUES ('20150403015138')
  [1m[36m (5.6ms)[0m  [1mINSERT INTO "schema_migrations" (version) VALUES ('20150401204517')[0m
  [1m[35m (6.7ms)[0m  INSERT INTO "schema_migrations" (version) VALUES ('20150403000659')
  [1m[36m (5.3ms)[0m  [1mINSERT INTO "schema_migrations" (version) VALUES ('20150403014647')[0m
  [1m[35m (4.2ms)[0m  INSERT INTO "schema_migrations" (version) VALUES ('20150402172713')
  [1m[36m (24.5ms)[0m  [1mINSERT INTO "schema_migrations" (version) VALUES ('20150403015100')[0m
  [1m[35m (8.6ms)[0m  INSERT INTO "schema_migrations" (version) VALUES ('20150403014909')
>>>>>>> e2dda918177cd68a07d5afc72da59311b067a553
  [1m[36mActiveRecord::SchemaMigration Load (0.1ms)[0m  [1mSELECT "schema_migrations".* FROM "schema_migrations"[0m
Migrating to AddCourseIdToStudents (20150403014647)
  [1m[35m (0.1ms)[0m  begin transaction
  [1m[36m (0.4ms)[0m  [1mALTER TABLE "students" ADD "course_id" integer[0m
  [1m[35mSQL (0.3ms)[0m  INSERT INTO "schema_migrations" ("version") VALUES (?)  [["version", "20150403014647"]]
  [1m[36m (39.9ms)[0m  [1mcommit transaction[0m
Migrating to AddStudentIdToCourses (20150403014909)
  [1m[35m (0.1ms)[0m  begin transaction
  [1m[36m (0.5ms)[0m  [1mALTER TABLE "courses" ADD "student_id" integer[0m
  [1m[35mSQL (0.2ms)[0m  INSERT INTO "schema_migrations" ("version") VALUES (?)  [["version", "20150403014909"]]
  [1m[36m (15.6ms)[0m  [1mcommit transaction[0m
Migrating to AddRequirementIdToStudents (20150403015100)
  [1m[35m (0.1ms)[0m  begin transaction
  [1m[36m (0.6ms)[0m  [1mALTER TABLE "students" ADD "requirement_id" integer[0m
  [1m[35mSQL (0.3ms)[0m  INSERT INTO "schema_migrations" ("version") VALUES (?)  [["version", "20150403015100"]]
  [1m[36m (6.0ms)[0m  [1mcommit transaction[0m
Migrating to AddCourseIdToRequirements (20150403015138)
  [1m[35m (0.1ms)[0m  begin transaction
  [1m[36m (0.4ms)[0m  [1mALTER TABLE "requirements" ADD "course_id" integer[0m
  [1m[35mSQL (0.2ms)[0m  INSERT INTO "schema_migrations" ("version") VALUES (?)  [["version", "20150403015138"]]
  [1m[36m (6.7ms)[0m  [1mcommit transaction[0m
  [1m[35mActiveRecord::SchemaMigration Load (0.2ms)[0m  SELECT "schema_migrations".* FROM "schema_migrations"
  [1m[36m (7.5ms)[0m  [1mCREATE TABLE "courses" ("id" INTEGER PRIMARY KEY AUTOINCREMENT NOT NULL, "crn" integer, "course_name" varchar, "title" text, "instructor" varchar, "days" varchar, "starts" integer, "ends" integer, "building_room" varchar, "credits" decimal(2,2), "coreq" varchar, "crosslist" varchar, "restrictions" text, "prereq" varchar, "notes" text, "created_at" datetime NOT NULL, "updated_at" datetime NOT NULL, "student_id" integer) [0m
  [1m[35m (3.8ms)[0m  CREATE TABLE "requirements" ("id" INTEGER PRIMARY KEY AUTOINCREMENT NOT NULL, "name" varchar, "course" integer, "created_at" datetime NOT NULL, "updated_at" datetime NOT NULL, "course_id" integer) 
  [1m[36m (3.9ms)[0m  [1mCREATE TABLE "students" ("id" INTEGER PRIMARY KEY AUTOINCREMENT NOT NULL, "first" varchar, "last" varchar, "sid" varchar, "year" integer, "major" varchar, "courses_taken" integer, "courses_progress" integer, "course_id" integer, "requirement_id" integer) [0m
  [1m[35m (5.6ms)[0m  CREATE TABLE "schema_migrations" ("version" varchar NOT NULL) 
  [1m[36m (0.1ms)[0m  [1mselect sqlite_version(*)[0m
  [1m[35m (6.2ms)[0m  CREATE UNIQUE INDEX "unique_schema_migrations" ON "schema_migrations" ("version")
  [1m[36m (0.3ms)[0m  [1mSELECT version FROM "schema_migrations"[0m
  [1m[35m (5.0ms)[0m  INSERT INTO "schema_migrations" (version) VALUES ('20150403015138')
  [1m[36m (4.6ms)[0m  [1mINSERT INTO "schema_migrations" (version) VALUES ('20150401204517')[0m
  [1m[35m (4.7ms)[0m  INSERT INTO "schema_migrations" (version) VALUES ('20150403000659')
  [1m[36m (4.1ms)[0m  [1mINSERT INTO "schema_migrations" (version) VALUES ('20150403014647')[0m
  [1m[35m (5.0ms)[0m  INSERT INTO "schema_migrations" (version) VALUES ('20150402172713')
  [1m[36m (4.7ms)[0m  [1mINSERT INTO "schema_migrations" (version) VALUES ('20150403015100')[0m
  [1m[35m (4.9ms)[0m  INSERT INTO "schema_migrations" (version) VALUES ('20150403014909')
