{
  "RSpec": {
    "coverage": {
      "/home/csvm/Project/course_scheduler/app/helpers/centeral_helper.rb": [
        1,
        null
      ],
      "/home/csvm/Project/course_scheduler/app/helpers/courses_helper.rb": [
        1,
        null
      ],
      "/home/csvm/Project/course_scheduler/app/controllers/centeral_controller.rb": [
        1,
        1,
        null,
        null
      ],
      "/home/csvm/Project/course_scheduler/app/controllers/application_controller.rb": [
        1,
        null,
        null,
        1,
        null
      ],
      "/home/csvm/Project/course_scheduler/app/controllers/courses_controller.rb": [
        1,
        null,
        1,
        2,
        null,
        null,
        1,
        2,
        null,
        null,
        1,
        0,
        null,
        null,
        1,
        2,
        2,
        1,
        1,
        null,
        1,
        1,
        null,
        null,
        null,
        1,
        2,
        null,
        null,
        1,
        0,
        0,
        0,
        0,
        null,
        null,
        1,
        1,
        1,
        1,
        1,
        null,
        null,
        1,
        1,
        2,
        null,
        null,
        null
      ],
      "/home/csvm/Project/course_scheduler/app/controllers/requirements_controller.rb": [
        1,
        1,
        null,
        2,
        2,
        null,
        null,
        1,
        2,
        null,
        null,
        1,
        0,
        null,
        null,
        1,
        2,
        2,
        1,
        1,
        null,
        1,
        1,
        null,
        null,
        null,
        1,
        2,
        null,
        null,
        1,
        1,
        1,
        1,
        1,
        1,
        null,
        0,
        0,
        null,
        null,
        null,
        1,
        1,
        1,
        1,
        1,
        null,
        null,
        1,
        1,
        3,
        null,
        null
      ],
      "/home/csvm/Project/course_scheduler/app/models/course.rb": [
        1,
        1,
        1,
        null,
        1,
        3,
        2,
        null,
        1,
        null,
        null,
        null,
        null,
        null
      ],
      "/home/csvm/Project/course_scheduler/app/models/requirement.rb": [
        1,
        1,
        1,
        1,
        null,
        1,
        2,
        null,
        null
      ]
    },
    "timestamp": 1428092053
  },
  "Cucumber Features": {
    "coverage": {
      "/home/csvm/Project/course_scheduler/app/models/requirement.rb": [
        1,
        1,
        1,
        3,
        null,
        1,
        3,
        null,
        null
      ],
      "/home/csvm/Project/course_scheduler/app/controllers/requirements_controller.rb": [
        1,
        1,
        null,
        3,
        3,
        null,
        null,
        1,
        3,
        null,
        null,
        1,
        1,
        null,
        null,
        1,
        1,
        1,
        1,
        1,
        null,
        0,
        0,
        null,
        null,
        null,
        1,
        1,
        null,
        null,
        1,
        1,
        1,
        1,
        1,
        1,
        null,
        0,
        0,
        null,
        null,
        null,
        1,
        0,
        0,
        0,
        0,
        null,
        null,
        1,
        1,
        2,
        null,
        null
      ],
      "/home/csvm/Project/course_scheduler/app/controllers/application_controller.rb": [
        1,
        null,
        null,
        1,
        null
      ],
      "/home/csvm/Project/course_scheduler/app/helpers/centeral_helper.rb": [
        1,
        null
      ],
      "/home/csvm/Project/course_scheduler/app/helpers/courses_helper.rb": [
        1,
        null
      ],
      "/home/csvm/Project/course_scheduler/app/models/course.rb": [
        1,
        1,
        1,
        null,
        1,
        0,
        0,
        null,
        0,
        null,
        null,
        null,
        null,
        null
      ]
    },
    "timestamp": 1428091270
  }
}
