{
  "RSpec": {
    "coverage": {
      "/home/csvm/Project/course_scheduler/app/helpers/centeral_helper.rb": [
        1,
        null
      ],
      "/home/csvm/Project/course_scheduler/app/helpers/courses_helper.rb": [
        1,
        null
      ],
      "/home/csvm/Project/course_scheduler/app/controllers/centeral_controller.rb": [
        1,
        1,
        null,
        null
      ],
      "/home/csvm/Project/course_scheduler/app/controllers/application_controller.rb": [
        1,
        null,
        null,
        1,
        null
      ],
      "/home/csvm/Project/course_scheduler/app/controllers/courses_controller.rb": [
        1,
        null,
        1,
        2,
        null,
        null,
        1,
        2,
        null,
        null,
        1,
        0,
        null,
        null,
        1,
        2,
        2,
        1,
        1,
        null,
        1,
        1,
        null,
        null,
        null,
        1,
        2,
        null,
        null,
        1,
        0,
        0,
        0,
        0,
        null,
        null,
        1,
        0,
        0,
        0,
        0,
        null,
        null,
        1,
        1,
        2,
        null,
        null,
        null
      ],
      "/home/csvm/Project/course_scheduler/app/models/course.rb": [
        1,
        null,
        1,
        1,
        null,
        1,
        3,
        2,
        null,
        1,
        null,
        null,
        null,
        null,
        null
      ]
    },
    "timestamp": 1428027576
  },
  "Cucumber Features": {
    "coverage": {
      "/home/csvm/cosc480-hw3/app/models/product.rb": [
        1,
        1,
        1,
        null,
        1,
        26,
        11,
        15,
        5,
        10,
        0,
        null,
        10,
        null,
        null,
        null,
        1,
        0,
        0,
        0,
        0,
        0,
        null,
        0,
        null,
        null,
        0,
        0,
        null,
        0,
        null,
        null,
        null,
        null,
        1,
        8,
        8,
        null,
        0,
        null,
        null,
        null
      ],
      "/home/csvm/cosc480-hw3/app/controllers/products_controller.rb": [
        1,
        null,
        1,
        8,
        0,
        null,
        8,
        null,
        null,
        null,
        1,
        0,
        null,
        null,
        1,
        2,
        2,
        2,
        2,
        null,
        0,
        0,
        null,
        null,
        null,
        1,
        0,
        null,
        null,
        1,
        0,
        0,
        0,
        0,
        null,
        null,
        1,
        1,
        2,
        null,
        null,
        null
      ],
      "/home/csvm/cosc480-hw3/app/controllers/application_controller.rb": [
        1,
        null,
        null,
        1,
        null
      ],
      "/home/csvm/cosc480-hw3/app/helpers/application_helper.rb": [
        1,
        null
      ],
      "/home/csvm/cosc480-hw3/app/helpers/products_helper.rb": [
        1,
        null,
        1,
        0,
        null,
        null,
        null
      ]
    },
    "timestamp": 1426116750
  }
}
